src/__tests__/referralController.test.ts(58,13): error TS2554: Expected 3 arguments, but got 2.
src/__tests__/referralController.test.ts(90,13): error TS2554: Expected 3 arguments, but got 2.
src/__tests__/referralController.test.ts(99,13): error TS2554: Expected 3 arguments, but got 2.
src/__tests__/referralController.test.ts(109,13): error TS2554: Expected 3 arguments, but got 2.
src/__tests__/referralController.test.ts(119,13): error TS2554: Expected 3 arguments, but got 2.
src/__tests__/referralController.test.ts(144,15): error TS2554: Expected 3 arguments, but got 2.
src/__tests__/referralController.test.ts(153,13): error TS2554: Expected 3 arguments, but got 2.
src/__tests__/referralController.test.ts(188,13): error TS2554: Expected 3 arguments, but got 2.
src/__tests__/referralController.test.ts(217,13): error TS2554: Expected 3 arguments, but got 2.
src/__tests__/referralController.test.ts(241,13): error TS2554: Expected 3 arguments, but got 2.
src/__tests__/referralController.test.ts(265,13): error TS2683: 'this' implicitly has type 'any' because it does not have a type annotation.
src/__tests__/referralController.test.ts(266,36): error TS2683: 'this' implicitly has type 'any' because it does not have a type annotation.
src/__tests__/referralController.test.ts(275,19): error TS18047: 'mockUser.referral' is possibly 'null'.
src/controllers/promoCodeController.ts(5,32): error TS2307: Cannot find module '../services/auditLogService' or its corresponding type declarations.
