2025-12-02 12:14:43 [error] [user-backend]: uncaughtException: тип Unable to compile TypeScript:
[96msrc/controllers/cartController.ts[0m:[93m1297[0m:[93m73[0m - [91merror[0m[90m TS18048: [0m'cartItem.discount' is possibly 'undefined'.

[7m1297[0m       const hasLockFeeApplied = cartItem.notes?.includes('Lock fee') || cartItem.discount > 0;
[7m    [0m [91m                                                                        ~~~~~~~~~~~~~~~~~[0m

TSError: тип Unable to compile TypeScript:
[96msrc/controllers/cartController.ts[0m:[93m1297[0m:[93m73[0m - [91merror[0m[90m TS18048: [0m'cartItem.discount' is possibly 'undefined'.

[7m1297[0m       const hasLockFeeApplied = cartItem.notes?.includes('Lock fee') || cartItem.discount > 0;
[7m    [0m [91m                                                                        ~~~~~~~~~~~~~~~~~[0m

    at createTSError (C:\Users\Mukul raj\Downloads\rez-new\rez-app\user-backend\node_modules\@isaacs\ts-node-temp-fork-for-pr-2009\dist\index.js:280:16)
    at reportTSError (C:\Users\Mukul raj\Downloads\rez-new\rez-app\user-backend\node_modules\@isaacs\ts-node-temp-fork-for-pr-2009\dist\index.js:283:23)
    at getOutput (C:\Users\Mukul raj\Downloads\rez-new\rez-app\user-backend\node_modules\@isaacs\ts-node-temp-fork-for-pr-2009\dist\index.js:436:21)
    at Object.compile (C:\Users\Mukul raj\Downloads\rez-new\rez-app\user-backend\node_modules\@isaacs\ts-node-temp-fork-for-pr-2009\dist\index.js:658:47)
    at m._compile (C:\Users\Mukul raj\Downloads\rez-new\rez-app\user-backend\node_modules\@isaacs\ts-node-temp-fork-for-pr-2009\dist\index.js:789:36)
    at Module._extensions..js (node:internal/modules/cjs/loader:1416:10)
    at require.extensions.<computed> [as .ts] (C:\Users\Mukul raj\Downloads\rez-new\rez-app\user-backend\node_modules\@isaacs\ts-node-temp-fork-for-pr-2009\dist\index.js:792:16)
    at Module.load (node:internal/modules/cjs/loader:1208:32)
    at Module._load (node:internal/modules/cjs/loader:1024:12)
    at Module.require (node:internal/modules/cjs/loader:1233:19) {"error":{"diagnosticCodes":[18048]},"stack":"TSError: тип Unable to compile TypeScript:\n\u001b[96msrc/controllers/cartController.ts\u001b[0m:\u001b[93m1297\u001b[0m:\u001b[93m73\u001b[0m - \u001b[91merror\u001b[0m\u001b[90m TS18048: \u001b[0m'cartItem.discount' is possibly 'undefined'.\r\n\r\n\u001b[7m1297\u001b[0m       const hasLockFeeApplied = cartItem.notes?.includes('Lock fee') || cartItem.discount > 0;\r\n\u001b[7m    \u001b[0m \u001b[91m                                                                        ~~~~~~~~~~~~~~~~~\u001b[0m\r\n\n    at createTSError (C:\\Users\\Mukul raj\\Downloads\\rez-new\\rez-app\\user-backend\\node_modules\\@isaacs\\ts-node-temp-fork-for-pr-2009\\dist\\index.js:280:16)\n    at reportTSError (C:\\Users\\Mukul raj\\Downloads\\rez-new\\rez-app\\user-backend\\node_modules\\@isaacs\\ts-node-temp-fork-for-pr-2009\\dist\\index.js:283:23)\n    at getOutput (C:\\Users\\Mukul raj\\Downloads\\rez-new\\rez-app\\user-backend\\node_modules\\@isaacs\\ts-node-temp-fork-for-pr-2009\\dist\\index.js:436:21)\n    at Object.compile (C:\\Users\\Mukul raj\\Downloads\\rez-new\\rez-app\\user-backend\\node_modules\\@isaacs\\ts-node-temp-fork-for-pr-2009\\dist\\index.js:658:47)\n    at m._compile (C:\\Users\\Mukul raj\\Downloads\\rez-new\\rez-app\\user-backend\\node_modules\\@isaacs\\ts-node-temp-fork-for-pr-2009\\dist\\index.js:789:36)\n    at Module._extensions..js (node:internal/modules/cjs/loader:1416:10)\n    at require.extensions.<computed> [as .ts] (C:\\Users\\Mukul raj\\Downloads\\rez-new\\rez-app\\user-backend\\node_modules\\@isaacs\\ts-node-temp-fork-for-pr-2009\\dist\\index.js:792:16)\n    at Module.load (node:internal/modules/cjs/loader:1208:32)\n    at Module._load (node:internal/modules/cjs/loader:1024:12)\n    at Module.require (node:internal/modules/cjs/loader:1233:19)","exception":true,"date":"Tue Dec 02 2025 12:14:43 GMT+0530 (India Standard Time)","process":{"pid":30372,"uid":null,"gid":null,"cwd":"C:\\Users\\Mukul raj\\Downloads\\rez-new\\rez-app\\user-backend","execPath":"C:\\Program Files\\nodejs\\node.exe","version":"v20.14.0","argv":["C:\\Users\\Mukul raj\\Downloads\\rez-new\\rez-app\\user-backend\\node_modules\\@isaacs\\ts-node-temp-fork-for-pr-2009\\dist\\bin.js","C:\\Users\\Mukul raj\\Downloads\\rez-new\\rez-app\\user-backend\\src\\server.ts","src/server.ts"],"memoryUsage":{"rss":1216557056,"heapTotal":1149931520,"heapUsed":1109919528,"external":26488999,"arrayBuffers":23170446}},"os":{"loadavg":[0,0,0],"uptime":7296.75},"trace":[{"column":16,"file":"C:\\Users\\Mukul raj\\Downloads\\rez-new\\rez-app\\user-backend\\node_modules\\@isaacs\\ts-node-temp-fork-for-pr-2009\\dist\\index.js","function":"createTSError","line":280,"method":null,"native":false},{"column":23,"file":"C:\\Users\\Mukul raj\\Downloads\\rez-new\\rez-app\\user-backend\\node_modules\\@isaacs\\ts-node-temp-fork-for-pr-2009\\dist\\index.js","function":"reportTSError","line":283,"method":null,"native":false},{"column":21,"file":"C:\\Users\\Mukul raj\\Downloads\\rez-new\\rez-app\\user-backend\\node_modules\\@isaacs\\ts-node-temp-fork-for-pr-2009\\dist\\index.js","function":"getOutput","line":436,"method":null,"native":false},{"column":47,"file":"C:\\Users\\Mukul raj\\Downloads\\rez-new\\rez-app\\user-backend\\node_modules\\@isaacs\\ts-node-temp-fork-for-pr-2009\\dist\\index.js","function":"Object.compile","line":658,"method":"compile","native":false},{"column":36,"file":"C:\\Users\\Mukul raj\\Downloads\\rez-new\\rez-app\\user-backend\\node_modules\\@isaacs\\ts-node-temp-fork-for-pr-2009\\dist\\index.js","function":"m._compile","line":789,"method":"_compile","native":false},{"column":10,"file":"node:internal/modules/cjs/loader","function":"Module._extensions..js","line":1416,"method":".js","native":false},{"column":16,"file":"C:\\Users\\Mukul raj\\Downloads\\rez-new\\rez-app\\user-backend\\node_modules\\@isaacs\\ts-node-temp-fork-for-pr-2009\\dist\\index.js","function":"require.extensions.<computed> [as .ts]","line":792,"method":"ts]","native":false},{"column":32,"file":"node:internal/modules/cjs/loader","function":"Module.load","line":1208,"method":"load","native":false},{"column":12,"file":"node:internal/modules/cjs/loader","function":"Module._load","line":1024,"method":"_load","native":false},{"column":19,"file":"node:internal/modules/cjs/loader","function":"Module.require","line":1233,"method":"require","native":false}],"environment":"development"}
2025-12-02 13:08:45 [error] [user-backend]: uncaughtException: тип Unable to compile TypeScript:
[96msrc/routes/socialMediaRoutes.ts[0m:[93m13[0m:[93m3[0m - [91merror[0m[90m TS2305: [0mModule '"../controllers/socialMediaController"' has no exported member 'verifyInstagramPost'.

[7m13[0m   verifyInstagramPost,
[7m  [0m [91m  ~~~~~~~~~~~~~~~~~~~[0m
[96msrc/routes/socialMediaRoutes.ts[0m:[93m14[0m:[93m3[0m - [91merror[0m[90m TS2305: [0mModule '"../controllers/socialMediaController"' has no exported member 'verifyInstagramAccount'.

[7m14[0m   verifyInstagramAccount,
[7m  [0m [91m  ~~~~~~~~~~~~~~~~~~~~~~[0m
[96msrc/routes/socialMediaRoutes.ts[0m:[93m15[0m:[93m3[0m - [91merror[0m[90m TS2305: [0mModule '"../controllers/socialMediaController"' has no exported member 'extractInstagramPostData'.

[7m15[0m   extractInstagramPostData
[7m  [0m [91m  ~~~~~~~~~~~~~~~~~~~~~~~~[0m

TSError: тип Unable to compile TypeScript:
[96msrc/routes/socialMediaRoutes.ts[0m:[93m13[0m:[93m3[0m - [91merror[0m[90m TS2305: [0mModule '"../controllers/socialMediaController"' has no exported member 'verifyInstagramPost'.

[7m13[0m   verifyInstagramPost,
[7m  [0m [91m  ~~~~~~~~~~~~~~~~~~~[0m
[96msrc/routes/socialMediaRoutes.ts[0m:[93m14[0m:[93m3[0m - [91merror[0m[90m TS2305: [0mModule '"../controllers/socialMediaController"' has no exported member 'verifyInstagramAccount'.

[7m14[0m   verifyInstagramAccount,
[7m  [0m [91m  ~~~~~~~~~~~~~~~~~~~~~~[0m
[96msrc/routes/socialMediaRoutes.ts[0m:[93m15[0m:[93m3[0m - [91merror[0m[90m TS2305: [0mModule '"../controllers/socialMediaController"' has no exported member 'extractInstagramPostData'.

[7m15[0m   extractInstagramPostData
[7m  [0m [91m  ~~~~~~~~~~~~~~~~~~~~~~~~[0m

    at createTSError (C:\Users\Mukul raj\Downloads\rez-new\rez-app\user-backend\node_modules\@isaacs\ts-node-temp-fork-for-pr-2009\dist\index.js:280:16)
    at reportTSError (C:\Users\Mukul raj\Downloads\rez-new\rez-app\user-backend\node_modules\@isaacs\ts-node-temp-fork-for-pr-2009\dist\index.js:283:23)
    at getOutput (C:\Users\Mukul raj\Downloads\rez-new\rez-app\user-backend\node_modules\@isaacs\ts-node-temp-fork-for-pr-2009\dist\index.js:436:21)
    at Object.compile (C:\Users\Mukul raj\Downloads\rez-new\rez-app\user-backend\node_modules\@isaacs\ts-node-temp-fork-for-pr-2009\dist\index.js:658:47)
    at m._compile (C:\Users\Mukul raj\Downloads\rez-new\rez-app\user-backend\node_modules\@isaacs\ts-node-temp-fork-for-pr-2009\dist\index.js:789:36)
    at Module._extensions..js (node:internal/modules/cjs/loader:1416:10)
    at require.extensions.<computed> [as .ts] (C:\Users\Mukul raj\Downloads\rez-new\rez-app\user-backend\node_modules\@isaacs\ts-node-temp-fork-for-pr-2009\dist\index.js:792:16)
    at Module.load (node:internal/modules/cjs/loader:1208:32)
    at Module._load (node:internal/modules/cjs/loader:1024:12)
    at Module.require (node:internal/modules/cjs/loader:1233:19) {"error":{"diagnosticCodes":[2305,2305,2305]},"stack":"TSError: тип Unable to compile TypeScript:\n\u001b[96msrc/routes/socialMediaRoutes.ts\u001b[0m:\u001b[93m13\u001b[0m:\u001b[93m3\u001b[0m - \u001b[91merror\u001b[0m\u001b[90m TS2305: \u001b[0mModule '\"../controllers/socialMediaController\"' has no exported member 'verifyInstagramPost'.\r\n\r\n\u001b[7m13\u001b[0m   verifyInstagramPost,\r\n\u001b[7m  \u001b[0m \u001b[91m  ~~~~~~~~~~~~~~~~~~~\u001b[0m\r\n\u001b[96msrc/routes/socialMediaRoutes.ts\u001b[0m:\u001b[93m14\u001b[0m:\u001b[93m3\u001b[0m - \u001b[91merror\u001b[0m\u001b[90m TS2305: \u001b[0mModule '\"../controllers/socialMediaController\"' has no exported member 'verifyInstagramAccount'.\r\n\r\n\u001b[7m14\u001b[0m   verifyInstagramAccount,\r\n\u001b[7m  \u001b[0m \u001b[91m  ~~~~~~~~~~~~~~~~~~~~~~\u001b[0m\r\n\u001b[96msrc/routes/socialMediaRoutes.ts\u001b[0m:\u001b[93m15\u001b[0m:\u001b[93m3\u001b[0m - \u001b[91merror\u001b[0m\u001b[90m TS2305: \u001b[0mModule '\"../controllers/socialMediaController\"' has no exported member 'extractInstagramPostData'.\r\n\r\n\u001b[7m15\u001b[0m   extractInstagramPostData\r\n\u001b[7m  \u001b[0m \u001b[91m  ~~~~~~~~~~~~~~~~~~~~~~~~\u001b[0m\r\n\n    at createTSError (C:\\Users\\Mukul raj\\Downloads\\rez-new\\rez-app\\user-backend\\node_modules\\@isaacs\\ts-node-temp-fork-for-pr-2009\\dist\\index.js:280:16)\n    at reportTSError (C:\\Users\\Mukul raj\\Downloads\\rez-new\\rez-app\\user-backend\\node_modules\\@isaacs\\ts-node-temp-fork-for-pr-2009\\dist\\index.js:283:23)\n    at getOutput (C:\\Users\\Mukul raj\\Downloads\\rez-new\\rez-app\\user-backend\\node_modules\\@isaacs\\ts-node-temp-fork-for-pr-2009\\dist\\index.js:436:21)\n    at Object.compile (C:\\Users\\Mukul raj\\Downloads\\rez-new\\rez-app\\user-backend\\node_modules\\@isaacs\\ts-node-temp-fork-for-pr-2009\\dist\\index.js:658:47)\n    at m._compile (C:\\Users\\Mukul raj\\Downloads\\rez-new\\rez-app\\user-backend\\node_modules\\@isaacs\\ts-node-temp-fork-for-pr-2009\\dist\\index.js:789:36)\n    at Module._extensions..js (node:internal/modules/cjs/loader:1416:10)\n    at require.extensions.<computed> [as .ts] (C:\\Users\\Mukul raj\\Downloads\\rez-new\\rez-app\\user-backend\\node_modules\\@isaacs\\ts-node-temp-fork-for-pr-2009\\dist\\index.js:792:16)\n    at Module.load (node:internal/modules/cjs/loader:1208:32)\n    at Module._load (node:internal/modules/cjs/loader:1024:12)\n    at Module.require (node:internal/modules/cjs/loader:1233:19)","exception":true,"date":"Tue Dec 02 2025 13:08:45 GMT+0530 (India Standard Time)","process":{"pid":4912,"uid":null,"gid":null,"cwd":"C:\\Users\\Mukul raj\\Downloads\\rez-new\\rez-app\\user-backend","execPath":"C:\\Program Files\\nodejs\\node.exe","version":"v20.14.0","argv":["C:\\Users\\Mukul raj\\Downloads\\rez-new\\rez-app\\user-backend\\node_modules\\@isaacs\\ts-node-temp-fork-for-pr-2009\\dist\\bin.js","C:\\Users\\Mukul raj\\Downloads\\rez-new\\rez-app\\user-backend\\src\\server.ts","src/server.ts"],"memoryUsage":{"rss":1451204608,"heapTotal":1384529920,"heapUsed":1312430248,"external":26442479,"arrayBuffers":23083611}},"os":{"loadavg":[0,0,0],"uptime":10539.281},"trace":[{"column":16,"file":"C:\\Users\\Mukul raj\\Downloads\\rez-new\\rez-app\\user-backend\\node_modules\\@isaacs\\ts-node-temp-fork-for-pr-2009\\dist\\index.js","function":"createTSError","line":280,"method":null,"native":false},{"column":23,"file":"C:\\Users\\Mukul raj\\Downloads\\rez-new\\rez-app\\user-backend\\node_modules\\@isaacs\\ts-node-temp-fork-for-pr-2009\\dist\\index.js","function":"reportTSError","line":283,"method":null,"native":false},{"column":21,"file":"C:\\Users\\Mukul raj\\Downloads\\rez-new\\rez-app\\user-backend\\node_modules\\@isaacs\\ts-node-temp-fork-for-pr-2009\\dist\\index.js","function":"getOutput","line":436,"method":null,"native":false},{"column":47,"file":"C:\\Users\\Mukul raj\\Downloads\\rez-new\\rez-app\\user-backend\\node_modules\\@isaacs\\ts-node-temp-fork-for-pr-2009\\dist\\index.js","function":"Object.compile","line":658,"method":"compile","native":false},{"column":36,"file":"C:\\Users\\Mukul raj\\Downloads\\rez-new\\rez-app\\user-backend\\node_modules\\@isaacs\\ts-node-temp-fork-for-pr-2009\\dist\\index.js","function":"m._compile","line":789,"method":"_compile","native":false},{"column":10,"file":"node:internal/modules/cjs/loader","function":"Module._extensions..js","line":1416,"method":".js","native":false},{"column":16,"file":"C:\\Users\\Mukul raj\\Downloads\\rez-new\\rez-app\\user-backend\\node_modules\\@isaacs\\ts-node-temp-fork-for-pr-2009\\dist\\index.js","function":"require.extensions.<computed> [as .ts]","line":792,"method":"ts]","native":false},{"column":32,"file":"node:internal/modules/cjs/loader","function":"Module.load","line":1208,"method":"load","native":false},{"column":12,"file":"node:internal/modules/cjs/loader","function":"Module._load","line":1024,"method":"_load","native":false},{"column":19,"file":"node:internal/modules/cjs/loader","function":"Module.require","line":1233,"method":"require","native":false}],"environment":"development"}
2025-12-02 15:25:42 [error] [user-backend]: uncaughtException: тип Unable to compile TypeScript:
[96msrc/controllers/socialMediaController.ts[0m:[93m172[0m:[93m50[0m - [91merror[0m[90m TS2339: [0mProperty 'merchant' does not exist on type 'ObjectId'.

[7m172[0m           if (typeof store === 'object' && store.merchant) {
[7m   [0m [91m                                                 ~~~~~~~~[0m
[96msrc/controllers/socialMediaController.ts[0m:[93m173[0m:[93m32[0m - [91merror[0m[90m TS2339: [0mProperty 'merchant' does not exist on type 'ObjectId'.

[7m173[0m             merchantId = store.merchant;
[7m   [0m [91m                               ~~~~~~~~[0m

TSError: тип Unable to compile TypeScript:
[96msrc/controllers/socialMediaController.ts[0m:[93m172[0m:[93m50[0m - [91merror[0m[90m TS2339: [0mProperty 'merchant' does not exist on type 'ObjectId'.

[7m172[0m           if (typeof store === 'object' && store.merchant) {
[7m   [0m [91m                                                 ~~~~~~~~[0m
[96msrc/controllers/socialMediaController.ts[0m:[93m173[0m:[93m32[0m - [91merror[0m[90m TS2339: [0mProperty 'merchant' does not exist on type 'ObjectId'.

[7m173[0m             merchantId = store.merchant;
[7m   [0m [91m                               ~~~~~~~~[0m

    at createTSError (C:\Users\Mukul raj\Downloads\rez-new\rez-app\user-backend\node_modules\@isaacs\ts-node-temp-fork-for-pr-2009\dist\index.js:280:16)
    at reportTSError (C:\Users\Mukul raj\Downloads\rez-new\rez-app\user-backend\node_modules\@isaacs\ts-node-temp-fork-for-pr-2009\dist\index.js:283:23)
    at getOutput (C:\Users\Mukul raj\Downloads\rez-new\rez-app\user-backend\node_modules\@isaacs\ts-node-temp-fork-for-pr-2009\dist\index.js:436:21)
    at Object.compile (C:\Users\Mukul raj\Downloads\rez-new\rez-app\user-backend\node_modules\@isaacs\ts-node-temp-fork-for-pr-2009\dist\index.js:658:47)
    at m._compile (C:\Users\Mukul raj\Downloads\rez-new\rez-app\user-backend\node_modules\@isaacs\ts-node-temp-fork-for-pr-2009\dist\index.js:789:36)
    at Module._extensions..js (node:internal/modules/cjs/loader:1416:10)
    at require.extensions.<computed> [as .ts] (C:\Users\Mukul raj\Downloads\rez-new\rez-app\user-backend\node_modules\@isaacs\ts-node-temp-fork-for-pr-2009\dist\index.js:792:16)
    at Module.load (node:internal/modules/cjs/loader:1208:32)
    at Module._load (node:internal/modules/cjs/loader:1024:12)
    at Module.require (node:internal/modules/cjs/loader:1233:19) {"error":{"diagnosticCodes":[2339,2339]},"stack":"TSError: тип Unable to compile TypeScript:\n\u001b[96msrc/controllers/socialMediaController.ts\u001b[0m:\u001b[93m172\u001b[0m:\u001b[93m50\u001b[0m - \u001b[91merror\u001b[0m\u001b[90m TS2339: \u001b[0mProperty 'merchant' does not exist on type 'ObjectId'.\r\n\r\n\u001b[7m172\u001b[0m           if (typeof store === 'object' && store.merchant) {\r\n\u001b[7m   \u001b[0m \u001b[91m                                                 ~~~~~~~~\u001b[0m\r\n\u001b[96msrc/controllers/socialMediaController.ts\u001b[0m:\u001b[93m173\u001b[0m:\u001b[93m32\u001b[0m - \u001b[91merror\u001b[0m\u001b[90m TS2339: \u001b[0mProperty 'merchant' does not exist on type 'ObjectId'.\r\n\r\n\u001b[7m173\u001b[0m             merchantId = store.merchant;\r\n\u001b[7m   \u001b[0m \u001b[91m                               ~~~~~~~~\u001b[0m\r\n\n    at createTSError (C:\\Users\\Mukul raj\\Downloads\\rez-new\\rez-app\\user-backend\\node_modules\\@isaacs\\ts-node-temp-fork-for-pr-2009\\dist\\index.js:280:16)\n    at reportTSError (C:\\Users\\Mukul raj\\Downloads\\rez-new\\rez-app\\user-backend\\node_modules\\@isaacs\\ts-node-temp-fork-for-pr-2009\\dist\\index.js:283:23)\n    at getOutput (C:\\Users\\Mukul raj\\Downloads\\rez-new\\rez-app\\user-backend\\node_modules\\@isaacs\\ts-node-temp-fork-for-pr-2009\\dist\\index.js:436:21)\n    at Object.compile (C:\\Users\\Mukul raj\\Downloads\\rez-new\\rez-app\\user-backend\\node_modules\\@isaacs\\ts-node-temp-fork-for-pr-2009\\dist\\index.js:658:47)\n    at m._compile (C:\\Users\\Mukul raj\\Downloads\\rez-new\\rez-app\\user-backend\\node_modules\\@isaacs\\ts-node-temp-fork-for-pr-2009\\dist\\index.js:789:36)\n    at Module._extensions..js (node:internal/modules/cjs/loader:1416:10)\n    at require.extensions.<computed> [as .ts] (C:\\Users\\Mukul raj\\Downloads\\rez-new\\rez-app\\user-backend\\node_modules\\@isaacs\\ts-node-temp-fork-for-pr-2009\\dist\\index.js:792:16)\n    at Module.load (node:internal/modules/cjs/loader:1208:32)\n    at Module._load (node:internal/modules/cjs/loader:1024:12)\n    at Module.require (node:internal/modules/cjs/loader:1233:19)","exception":true,"date":"Tue Dec 02 2025 15:25:42 GMT+0530 (India Standard Time)","process":{"pid":17084,"uid":null,"gid":null,"cwd":"C:\\Users\\Mukul raj\\Downloads\\rez-new\\rez-app\\user-backend","execPath":"C:\\Program Files\\nodejs\\node.exe","version":"v20.14.0","argv":["C:\\Users\\Mukul raj\\Downloads\\rez-new\\rez-app\\user-backend\\node_modules\\@isaacs\\ts-node-temp-fork-for-pr-2009\\dist\\bin.js","C:\\Users\\Mukul raj\\Downloads\\rez-new\\rez-app\\user-backend\\src\\server.ts","src/server.ts"],"memoryUsage":{"rss":1433751552,"heapTotal":1385054208,"heapUsed":1317324920,"external":26413423,"arrayBuffers":23083755}},"os":{"loadavg":[0,0,0],"uptime":18755.796},"trace":[{"column":16,"file":"C:\\Users\\Mukul raj\\Downloads\\rez-new\\rez-app\\user-backend\\node_modules\\@isaacs\\ts-node-temp-fork-for-pr-2009\\dist\\index.js","function":"createTSError","line":280,"method":null,"native":false},{"column":23,"file":"C:\\Users\\Mukul raj\\Downloads\\rez-new\\rez-app\\user-backend\\node_modules\\@isaacs\\ts-node-temp-fork-for-pr-2009\\dist\\index.js","function":"reportTSError","line":283,"method":null,"native":false},{"column":21,"file":"C:\\Users\\Mukul raj\\Downloads\\rez-new\\rez-app\\user-backend\\node_modules\\@isaacs\\ts-node-temp-fork-for-pr-2009\\dist\\index.js","function":"getOutput","line":436,"method":null,"native":false},{"column":47,"file":"C:\\Users\\Mukul raj\\Downloads\\rez-new\\rez-app\\user-backend\\node_modules\\@isaacs\\ts-node-temp-fork-for-pr-2009\\dist\\index.js","function":"Object.compile","line":658,"method":"compile","native":false},{"column":36,"file":"C:\\Users\\Mukul raj\\Downloads\\rez-new\\rez-app\\user-backend\\node_modules\\@isaacs\\ts-node-temp-fork-for-pr-2009\\dist\\index.js","function":"m._compile","line":789,"method":"_compile","native":false},{"column":10,"file":"node:internal/modules/cjs/loader","function":"Module._extensions..js","line":1416,"method":".js","native":false},{"column":16,"file":"C:\\Users\\Mukul raj\\Downloads\\rez-new\\rez-app\\user-backend\\node_modules\\@isaacs\\ts-node-temp-fork-for-pr-2009\\dist\\index.js","function":"require.extensions.<computed> [as .ts]","line":792,"method":"ts]","native":false},{"column":32,"file":"node:internal/modules/cjs/loader","function":"Module.load","line":1208,"method":"load","native":false},{"column":12,"file":"node:internal/modules/cjs/loader","function":"Module._load","line":1024,"method":"_load","native":false},{"column":19,"file":"node:internal/modules/cjs/loader","function":"Module.require","line":1233,"method":"require","native":false}],"environment":"development"}
2025-12-02 15:26:20 [error] [user-backend]: uncaughtException: тип Unable to compile TypeScript:
[96msrc/controllers/socialMediaController.ts[0m:[93m172[0m:[93m50[0m - [91merror[0m[90m TS2339: [0mProperty 'merchant' does not exist on type 'ObjectId'.

[7m172[0m           if (typeof store === 'object' && store.merchant) {
[7m   [0m [91m                                                 ~~~~~~~~[0m
[96msrc/controllers/socialMediaController.ts[0m:[93m173[0m:[93m32[0m - [91merror[0m[90m TS2339: [0mProperty 'merchant' does not exist on type 'ObjectId'.

[7m173[0m             merchantId = store.merchant;
[7m   [0m [91m                               ~~~~~~~~[0m

TSError: тип Unable to compile TypeScript:
[96msrc/controllers/socialMediaController.ts[0m:[93m172[0m:[93m50[0m - [91merror[0m[90m TS2339: [0mProperty 'merchant' does not exist on type 'ObjectId'.

[7m172[0m           if (typeof store === 'object' && store.merchant) {
[7m   [0m [91m                                                 ~~~~~~~~[0m
[96msrc/controllers/socialMediaController.ts[0m:[93m173[0m:[93m32[0m - [91merror[0m[90m TS2339: [0mProperty 'merchant' does not exist on type 'ObjectId'.

[7m173[0m             merchantId = store.merchant;
[7m   [0m [91m                               ~~~~~~~~[0m

    at createTSError (C:\Users\Mukul raj\Downloads\rez-new\rez-app\user-backend\node_modules\@isaacs\ts-node-temp-fork-for-pr-2009\dist\index.js:280:16)
    at reportTSError (C:\Users\Mukul raj\Downloads\rez-new\rez-app\user-backend\node_modules\@isaacs\ts-node-temp-fork-for-pr-2009\dist\index.js:283:23)
    at getOutput (C:\Users\Mukul raj\Downloads\rez-new\rez-app\user-backend\node_modules\@isaacs\ts-node-temp-fork-for-pr-2009\dist\index.js:436:21)
    at Object.compile (C:\Users\Mukul raj\Downloads\rez-new\rez-app\user-backend\node_modules\@isaacs\ts-node-temp-fork-for-pr-2009\dist\index.js:658:47)
    at m._compile (C:\Users\Mukul raj\Downloads\rez-new\rez-app\user-backend\node_modules\@isaacs\ts-node-temp-fork-for-pr-2009\dist\index.js:789:36)
    at Module._extensions..js (node:internal/modules/cjs/loader:1416:10)
    at require.extensions.<computed> [as .ts] (C:\Users\Mukul raj\Downloads\rez-new\rez-app\user-backend\node_modules\@isaacs\ts-node-temp-fork-for-pr-2009\dist\index.js:792:16)
    at Module.load (node:internal/modules/cjs/loader:1208:32)
    at Module._load (node:internal/modules/cjs/loader:1024:12)
    at Module.require (node:internal/modules/cjs/loader:1233:19) {"error":{"diagnosticCodes":[2339,2339]},"stack":"TSError: тип Unable to compile TypeScript:\n\u001b[96msrc/controllers/socialMediaController.ts\u001b[0m:\u001b[93m172\u001b[0m:\u001b[93m50\u001b[0m - \u001b[91merror\u001b[0m\u001b[90m TS2339: \u001b[0mProperty 'merchant' does not exist on type 'ObjectId'.\r\n\r\n\u001b[7m172\u001b[0m           if (typeof store === 'object' && store.merchant) {\r\n\u001b[7m   \u001b[0m \u001b[91m                                                 ~~~~~~~~\u001b[0m\r\n\u001b[96msrc/controllers/socialMediaController.ts\u001b[0m:\u001b[93m173\u001b[0m:\u001b[93m32\u001b[0m - \u001b[91merror\u001b[0m\u001b[90m TS2339: \u001b[0mProperty 'merchant' does not exist on type 'ObjectId'.\r\n\r\n\u001b[7m173\u001b[0m             merchantId = store.merchant;\r\n\u001b[7m   \u001b[0m \u001b[91m                               ~~~~~~~~\u001b[0m\r\n\n    at createTSError (C:\\Users\\Mukul raj\\Downloads\\rez-new\\rez-app\\user-backend\\node_modules\\@isaacs\\ts-node-temp-fork-for-pr-2009\\dist\\index.js:280:16)\n    at reportTSError (C:\\Users\\Mukul raj\\Downloads\\rez-new\\rez-app\\user-backend\\node_modules\\@isaacs\\ts-node-temp-fork-for-pr-2009\\dist\\index.js:283:23)\n    at getOutput (C:\\Users\\Mukul raj\\Downloads\\rez-new\\rez-app\\user-backend\\node_modules\\@isaacs\\ts-node-temp-fork-for-pr-2009\\dist\\index.js:436:21)\n    at Object.compile (C:\\Users\\Mukul raj\\Downloads\\rez-new\\rez-app\\user-backend\\node_modules\\@isaacs\\ts-node-temp-fork-for-pr-2009\\dist\\index.js:658:47)\n    at m._compile (C:\\Users\\Mukul raj\\Downloads\\rez-new\\rez-app\\user-backend\\node_modules\\@isaacs\\ts-node-temp-fork-for-pr-2009\\dist\\index.js:789:36)\n    at Module._extensions..js (node:internal/modules/cjs/loader:1416:10)\n    at require.extensions.<computed> [as .ts] (C:\\Users\\Mukul raj\\Downloads\\rez-new\\rez-app\\user-backend\\node_modules\\@isaacs\\ts-node-temp-fork-for-pr-2009\\dist\\index.js:792:16)\n    at Module.load (node:internal/modules/cjs/loader:1208:32)\n    at Module._load (node:internal/modules/cjs/loader:1024:12)\n    at Module.require (node:internal/modules/cjs/loader:1233:19)","exception":true,"date":"Tue Dec 02 2025 15:26:20 GMT+0530 (India Standard Time)","process":{"pid":4596,"uid":null,"gid":null,"cwd":"C:\\Users\\Mukul raj\\Downloads\\rez-new\\rez-app\\user-backend","execPath":"C:\\Program Files\\nodejs\\node.exe","version":"v20.14.0","argv":["C:\\Users\\Mukul raj\\Downloads\\rez-new\\rez-app\\user-backend\\node_modules\\@isaacs\\ts-node-temp-fork-for-pr-2009\\dist\\bin.js","C:\\Users\\Mukul raj\\Downloads\\rez-new\\rez-app\\user-backend\\src\\server.ts","src/server.ts"],"memoryUsage":{"rss":1446690816,"heapTotal":1383219200,"heapUsed":1314001816,"external":26476297,"arrayBuffers":23146629}},"os":{"loadavg":[0,0,0],"uptime":18794.359},"trace":[{"column":16,"file":"C:\\Users\\Mukul raj\\Downloads\\rez-new\\rez-app\\user-backend\\node_modules\\@isaacs\\ts-node-temp-fork-for-pr-2009\\dist\\index.js","function":"createTSError","line":280,"method":null,"native":false},{"column":23,"file":"C:\\Users\\Mukul raj\\Downloads\\rez-new\\rez-app\\user-backend\\node_modules\\@isaacs\\ts-node-temp-fork-for-pr-2009\\dist\\index.js","function":"reportTSError","line":283,"method":null,"native":false},{"column":21,"file":"C:\\Users\\Mukul raj\\Downloads\\rez-new\\rez-app\\user-backend\\node_modules\\@isaacs\\ts-node-temp-fork-for-pr-2009\\dist\\index.js","function":"getOutput","line":436,"method":null,"native":false},{"column":47,"file":"C:\\Users\\Mukul raj\\Downloads\\rez-new\\rez-app\\user-backend\\node_modules\\@isaacs\\ts-node-temp-fork-for-pr-2009\\dist\\index.js","function":"Object.compile","line":658,"method":"compile","native":false},{"column":36,"file":"C:\\Users\\Mukul raj\\Downloads\\rez-new\\rez-app\\user-backend\\node_modules\\@isaacs\\ts-node-temp-fork-for-pr-2009\\dist\\index.js","function":"m._compile","line":789,"method":"_compile","native":false},{"column":10,"file":"node:internal/modules/cjs/loader","function":"Module._extensions..js","line":1416,"method":".js","native":false},{"column":16,"file":"C:\\Users\\Mukul raj\\Downloads\\rez-new\\rez-app\\user-backend\\node_modules\\@isaacs\\ts-node-temp-fork-for-pr-2009\\dist\\index.js","function":"require.extensions.<computed> [as .ts]","line":792,"method":"ts]","native":false},{"column":32,"file":"node:internal/modules/cjs/loader","function":"Module.load","line":1208,"method":"load","native":false},{"column":12,"file":"node:internal/modules/cjs/loader","function":"Module._load","line":1024,"method":"_load","native":false},{"column":19,"file":"node:internal/modules/cjs/loader","function":"Module.require","line":1233,"method":"require","native":false}],"environment":"development"}
2025-12-02 15:27:44 [error] [user-backend]: uncaughtException: тип Unable to compile TypeScript:
[96msrc/controllers/socialMediaController.ts[0m:[93m172[0m:[93m50[0m - [91merror[0m[90m TS2339: [0mProperty 'merchant' does not exist on type 'ObjectId'.

[7m172[0m           if (typeof store === 'object' && store.merchant) {
[7m   [0m [91m                                                 ~~~~~~~~[0m
[96msrc/controllers/socialMediaController.ts[0m:[93m173[0m:[93m32[0m - [91merror[0m[90m TS2339: [0mProperty 'merchant' does not exist on type 'ObjectId'.

[7m173[0m             merchantId = store.merchant;
[7m   [0m [91m                               ~~~~~~~~[0m

TSError: тип Unable to compile TypeScript:
[96msrc/controllers/socialMediaController.ts[0m:[93m172[0m:[93m50[0m - [91merror[0m[90m TS2339: [0mProperty 'merchant' does not exist on type 'ObjectId'.

[7m172[0m           if (typeof store === 'object' && store.merchant) {
[7m   [0m [91m                                                 ~~~~~~~~[0m
[96msrc/controllers/socialMediaController.ts[0m:[93m173[0m:[93m32[0m - [91merror[0m[90m TS2339: [0mProperty 'merchant' does not exist on type 'ObjectId'.

[7m173[0m             merchantId = store.merchant;
[7m   [0m [91m                               ~~~~~~~~[0m

    at createTSError (C:\Users\Mukul raj\Downloads\rez-new\rez-app\user-backend\node_modules\@isaacs\ts-node-temp-fork-for-pr-2009\dist\index.js:280:16)
    at reportTSError (C:\Users\Mukul raj\Downloads\rez-new\rez-app\user-backend\node_modules\@isaacs\ts-node-temp-fork-for-pr-2009\dist\index.js:283:23)
    at getOutput (C:\Users\Mukul raj\Downloads\rez-new\rez-app\user-backend\node_modules\@isaacs\ts-node-temp-fork-for-pr-2009\dist\index.js:436:21)
    at Object.compile (C:\Users\Mukul raj\Downloads\rez-new\rez-app\user-backend\node_modules\@isaacs\ts-node-temp-fork-for-pr-2009\dist\index.js:658:47)
    at m._compile (C:\Users\Mukul raj\Downloads\rez-new\rez-app\user-backend\node_modules\@isaacs\ts-node-temp-fork-for-pr-2009\dist\index.js:789:36)
    at Module._extensions..js (node:internal/modules/cjs/loader:1416:10)
    at require.extensions.<computed> [as .ts] (C:\Users\Mukul raj\Downloads\rez-new\rez-app\user-backend\node_modules\@isaacs\ts-node-temp-fork-for-pr-2009\dist\index.js:792:16)
    at Module.load (node:internal/modules/cjs/loader:1208:32)
    at Module._load (node:internal/modules/cjs/loader:1024:12)
    at Module.require (node:internal/modules/cjs/loader:1233:19) {"error":{"diagnosticCodes":[2339,2339]},"stack":"TSError: тип Unable to compile TypeScript:\n\u001b[96msrc/controllers/socialMediaController.ts\u001b[0m:\u001b[93m172\u001b[0m:\u001b[93m50\u001b[0m - \u001b[91merror\u001b[0m\u001b[90m TS2339: \u001b[0mProperty 'merchant' does not exist on type 'ObjectId'.\r\n\r\n\u001b[7m172\u001b[0m           if (typeof store === 'object' && store.merchant) {\r\n\u001b[7m   \u001b[0m \u001b[91m                                                 ~~~~~~~~\u001b[0m\r\n\u001b[96msrc/controllers/socialMediaController.ts\u001b[0m:\u001b[93m173\u001b[0m:\u001b[93m32\u001b[0m - \u001b[91merror\u001b[0m\u001b[90m TS2339: \u001b[0mProperty 'merchant' does not exist on type 'ObjectId'.\r\n\r\n\u001b[7m173\u001b[0m             merchantId = store.merchant;\r\n\u001b[7m   \u001b[0m \u001b[91m                               ~~~~~~~~\u001b[0m\r\n\n    at createTSError (C:\\Users\\Mukul raj\\Downloads\\rez-new\\rez-app\\user-backend\\node_modules\\@isaacs\\ts-node-temp-fork-for-pr-2009\\dist\\index.js:280:16)\n    at reportTSError (C:\\Users\\Mukul raj\\Downloads\\rez-new\\rez-app\\user-backend\\node_modules\\@isaacs\\ts-node-temp-fork-for-pr-2009\\dist\\index.js:283:23)\n    at getOutput (C:\\Users\\Mukul raj\\Downloads\\rez-new\\rez-app\\user-backend\\node_modules\\@isaacs\\ts-node-temp-fork-for-pr-2009\\dist\\index.js:436:21)\n    at Object.compile (C:\\Users\\Mukul raj\\Downloads\\rez-new\\rez-app\\user-backend\\node_modules\\@isaacs\\ts-node-temp-fork-for-pr-2009\\dist\\index.js:658:47)\n    at m._compile (C:\\Users\\Mukul raj\\Downloads\\rez-new\\rez-app\\user-backend\\node_modules\\@isaacs\\ts-node-temp-fork-for-pr-2009\\dist\\index.js:789:36)\n    at Module._extensions..js (node:internal/modules/cjs/loader:1416:10)\n    at require.extensions.<computed> [as .ts] (C:\\Users\\Mukul raj\\Downloads\\rez-new\\rez-app\\user-backend\\node_modules\\@isaacs\\ts-node-temp-fork-for-pr-2009\\dist\\index.js:792:16)\n    at Module.load (node:internal/modules/cjs/loader:1208:32)\n    at Module._load (node:internal/modules/cjs/loader:1024:12)\n    at Module.require (node:internal/modules/cjs/loader:1233:19)","exception":true,"date":"Tue Dec 02 2025 15:27:44 GMT+0530 (India Standard Time)","process":{"pid":11588,"uid":null,"gid":null,"cwd":"C:\\Users\\Mukul raj\\Downloads\\rez-new\\rez-app\\user-backend","execPath":"C:\\Program Files\\nodejs\\node.exe","version":"v20.14.0","argv":["C:\\Users\\Mukul raj\\Downloads\\rez-new\\rez-app\\user-backend\\node_modules\\@isaacs\\ts-node-temp-fork-for-pr-2009\\dist\\bin.js","C:\\Users\\Mukul raj\\Downloads\\rez-new\\rez-app\\user-backend\\src\\server.ts","src/server.ts"],"memoryUsage":{"rss":1448091648,"heapTotal":1382170624,"heapUsed":1311833144,"external":26400449,"arrayBuffers":23083403}},"os":{"loadavg":[0,0,0],"uptime":18878.578},"trace":[{"column":16,"file":"C:\\Users\\Mukul raj\\Downloads\\rez-new\\rez-app\\user-backend\\node_modules\\@isaacs\\ts-node-temp-fork-for-pr-2009\\dist\\index.js","function":"createTSError","line":280,"method":null,"native":false},{"column":23,"file":"C:\\Users\\Mukul raj\\Downloads\\rez-new\\rez-app\\user-backend\\node_modules\\@isaacs\\ts-node-temp-fork-for-pr-2009\\dist\\index.js","function":"reportTSError","line":283,"method":null,"native":false},{"column":21,"file":"C:\\Users\\Mukul raj\\Downloads\\rez-new\\rez-app\\user-backend\\node_modules\\@isaacs\\ts-node-temp-fork-for-pr-2009\\dist\\index.js","function":"getOutput","line":436,"method":null,"native":false},{"column":47,"file":"C:\\Users\\Mukul raj\\Downloads\\rez-new\\rez-app\\user-backend\\node_modules\\@isaacs\\ts-node-temp-fork-for-pr-2009\\dist\\index.js","function":"Object.compile","line":658,"method":"compile","native":false},{"column":36,"file":"C:\\Users\\Mukul raj\\Downloads\\rez-new\\rez-app\\user-backend\\node_modules\\@isaacs\\ts-node-temp-fork-for-pr-2009\\dist\\index.js","function":"m._compile","line":789,"method":"_compile","native":false},{"column":10,"file":"node:internal/modules/cjs/loader","function":"Module._extensions..js","line":1416,"method":".js","native":false},{"column":16,"file":"C:\\Users\\Mukul raj\\Downloads\\rez-new\\rez-app\\user-backend\\node_modules\\@isaacs\\ts-node-temp-fork-for-pr-2009\\dist\\index.js","function":"require.extensions.<computed> [as .ts]","line":792,"method":"ts]","native":false},{"column":32,"file":"node:internal/modules/cjs/loader","function":"Module.load","line":1208,"method":"load","native":false},{"column":12,"file":"node:internal/modules/cjs/loader","function":"Module._load","line":1024,"method":"_load","native":false},{"column":19,"file":"node:internal/modules/cjs/loader","function":"Module.require","line":1233,"method":"require","native":false}],"environment":"development"}
2025-12-02 15:29:31 [error] [user-backend]: uncaughtException: тип Unable to compile TypeScript:
[96msrc/controllers/socialMediaController.ts[0m:[93m172[0m:[93m50[0m - [91merror[0m[90m TS2339: [0mProperty 'merchant' does not exist on type 'ObjectId'.

[7m172[0m           if (typeof store === 'object' && store.merchant) {
[7m   [0m [91m                                                 ~~~~~~~~[0m
[96msrc/controllers/socialMediaController.ts[0m:[93m173[0m:[93m32[0m - [91merror[0m[90m TS2339: [0mProperty 'merchant' does not exist on type 'ObjectId'.

[7m173[0m             merchantId = store.merchant;
[7m   [0m [91m                               ~~~~~~~~[0m

TSError: тип Unable to compile TypeScript:
[96msrc/controllers/socialMediaController.ts[0m:[93m172[0m:[93m50[0m - [91merror[0m[90m TS2339: [0mProperty 'merchant' does not exist on type 'ObjectId'.

[7m172[0m           if (typeof store === 'object' && store.merchant) {
[7m   [0m [91m                                                 ~~~~~~~~[0m
[96msrc/controllers/socialMediaController.ts[0m:[93m173[0m:[93m32[0m - [91merror[0m[90m TS2339: [0mProperty 'merchant' does not exist on type 'ObjectId'.

[7m173[0m             merchantId = store.merchant;
[7m   [0m [91m                               ~~~~~~~~[0m

    at createTSError (C:\Users\Mukul raj\Downloads\rez-new\rez-app\user-backend\node_modules\@isaacs\ts-node-temp-fork-for-pr-2009\dist\index.js:280:16)
    at reportTSError (C:\Users\Mukul raj\Downloads\rez-new\rez-app\user-backend\node_modules\@isaacs\ts-node-temp-fork-for-pr-2009\dist\index.js:283:23)
    at getOutput (C:\Users\Mukul raj\Downloads\rez-new\rez-app\user-backend\node_modules\@isaacs\ts-node-temp-fork-for-pr-2009\dist\index.js:436:21)
    at Object.compile (C:\Users\Mukul raj\Downloads\rez-new\rez-app\user-backend\node_modules\@isaacs\ts-node-temp-fork-for-pr-2009\dist\index.js:658:47)
    at m._compile (C:\Users\Mukul raj\Downloads\rez-new\rez-app\user-backend\node_modules\@isaacs\ts-node-temp-fork-for-pr-2009\dist\index.js:789:36)
    at Module._extensions..js (node:internal/modules/cjs/loader:1416:10)
    at require.extensions.<computed> [as .ts] (C:\Users\Mukul raj\Downloads\rez-new\rez-app\user-backend\node_modules\@isaacs\ts-node-temp-fork-for-pr-2009\dist\index.js:792:16)
    at Module.load (node:internal/modules/cjs/loader:1208:32)
    at Module._load (node:internal/modules/cjs/loader:1024:12)
    at Module.require (node:internal/modules/cjs/loader:1233:19) {"error":{"diagnosticCodes":[2339,2339]},"stack":"TSError: тип Unable to compile TypeScript:\n\u001b[96msrc/controllers/socialMediaController.ts\u001b[0m:\u001b[93m172\u001b[0m:\u001b[93m50\u001b[0m - \u001b[91merror\u001b[0m\u001b[90m TS2339: \u001b[0mProperty 'merchant' does not exist on type 'ObjectId'.\r\n\r\n\u001b[7m172\u001b[0m           if (typeof store === 'object' && store.merchant) {\r\n\u001b[7m   \u001b[0m \u001b[91m                                                 ~~~~~~~~\u001b[0m\r\n\u001b[96msrc/controllers/socialMediaController.ts\u001b[0m:\u001b[93m173\u001b[0m:\u001b[93m32\u001b[0m - \u001b[91merror\u001b[0m\u001b[90m TS2339: \u001b[0mProperty 'merchant' does not exist on type 'ObjectId'.\r\n\r\n\u001b[7m173\u001b[0m             merchantId = store.merchant;\r\n\u001b[7m   \u001b[0m \u001b[91m                               ~~~~~~~~\u001b[0m\r\n\n    at createTSError (C:\\Users\\Mukul raj\\Downloads\\rez-new\\rez-app\\user-backend\\node_modules\\@isaacs\\ts-node-temp-fork-for-pr-2009\\dist\\index.js:280:16)\n    at reportTSError (C:\\Users\\Mukul raj\\Downloads\\rez-new\\rez-app\\user-backend\\node_modules\\@isaacs\\ts-node-temp-fork-for-pr-2009\\dist\\index.js:283:23)\n    at getOutput (C:\\Users\\Mukul raj\\Downloads\\rez-new\\rez-app\\user-backend\\node_modules\\@isaacs\\ts-node-temp-fork-for-pr-2009\\dist\\index.js:436:21)\n    at Object.compile (C:\\Users\\Mukul raj\\Downloads\\rez-new\\rez-app\\user-backend\\node_modules\\@isaacs\\ts-node-temp-fork-for-pr-2009\\dist\\index.js:658:47)\n    at m._compile (C:\\Users\\Mukul raj\\Downloads\\rez-new\\rez-app\\user-backend\\node_modules\\@isaacs\\ts-node-temp-fork-for-pr-2009\\dist\\index.js:789:36)\n    at Module._extensions..js (node:internal/modules/cjs/loader:1416:10)\n    at require.extensions.<computed> [as .ts] (C:\\Users\\Mukul raj\\Downloads\\rez-new\\rez-app\\user-backend\\node_modules\\@isaacs\\ts-node-temp-fork-for-pr-2009\\dist\\index.js:792:16)\n    at Module.load (node:internal/modules/cjs/loader:1208:32)\n    at Module._load (node:internal/modules/cjs/loader:1024:12)\n    at Module.require (node:internal/modules/cjs/loader:1233:19)","exception":true,"date":"Tue Dec 02 2025 15:29:31 GMT+0530 (India Standard Time)","process":{"pid":12908,"uid":null,"gid":null,"cwd":"C:\\Users\\Mukul raj\\Downloads\\rez-new\\rez-app\\user-backend","execPath":"C:\\Program Files\\nodejs\\node.exe","version":"v20.14.0","argv":["C:\\Users\\Mukul raj\\Downloads\\rez-new\\rez-app\\user-backend\\node_modules\\@isaacs\\ts-node-temp-fork-for-pr-2009\\dist\\bin.js","C:\\Users\\Mukul raj\\Downloads\\rez-new\\rez-app\\user-backend\\src\\server.ts","src/server.ts"],"memoryUsage":{"rss":1445363712,"heapTotal":1381666816,"heapUsed":1318336488,"external":26413199,"arrayBuffers":23083531}},"os":{"loadavg":[0,0,0],"uptime":18984.734},"trace":[{"column":16,"file":"C:\\Users\\Mukul raj\\Downloads\\rez-new\\rez-app\\user-backend\\node_modules\\@isaacs\\ts-node-temp-fork-for-pr-2009\\dist\\index.js","function":"createTSError","line":280,"method":null,"native":false},{"column":23,"file":"C:\\Users\\Mukul raj\\Downloads\\rez-new\\rez-app\\user-backend\\node_modules\\@isaacs\\ts-node-temp-fork-for-pr-2009\\dist\\index.js","function":"reportTSError","line":283,"method":null,"native":false},{"column":21,"file":"C:\\Users\\Mukul raj\\Downloads\\rez-new\\rez-app\\user-backend\\node_modules\\@isaacs\\ts-node-temp-fork-for-pr-2009\\dist\\index.js","function":"getOutput","line":436,"method":null,"native":false},{"column":47,"file":"C:\\Users\\Mukul raj\\Downloads\\rez-new\\rez-app\\user-backend\\node_modules\\@isaacs\\ts-node-temp-fork-for-pr-2009\\dist\\index.js","function":"Object.compile","line":658,"method":"compile","native":false},{"column":36,"file":"C:\\Users\\Mukul raj\\Downloads\\rez-new\\rez-app\\user-backend\\node_modules\\@isaacs\\ts-node-temp-fork-for-pr-2009\\dist\\index.js","function":"m._compile","line":789,"method":"_compile","native":false},{"column":10,"file":"node:internal/modules/cjs/loader","function":"Module._extensions..js","line":1416,"method":".js","native":false},{"column":16,"file":"C:\\Users\\Mukul raj\\Downloads\\rez-new\\rez-app\\user-backend\\node_modules\\@isaacs\\ts-node-temp-fork-for-pr-2009\\dist\\index.js","function":"require.extensions.<computed> [as .ts]","line":792,"method":"ts]","native":false},{"column":32,"file":"node:internal/modules/cjs/loader","function":"Module.load","line":1208,"method":"load","native":false},{"column":12,"file":"node:internal/modules/cjs/loader","function":"Module._load","line":1024,"method":"_load","native":false},{"column":19,"file":"node:internal/modules/cjs/loader","function":"Module.require","line":1233,"method":"require","native":false}],"environment":"development"}
2025-12-02 23:08:09 [error] [user-backend]: uncaughtException: тип Unable to compile TypeScript:
[96msrc/merchantroutes/productGallery.ts[0m:[93m8[0m:[93m8[0m - [91merror[0m[90m TS1192: [0mModule '"C:/Users/Mukul raj/Downloads/rez-new/rez-app/user-backend/src/models/MerchantProduct"' has no default export.

[7m8[0m import MerchantProduct from '../models/MerchantProduct';
[7m [0m [91m       ~~~~~~~~~~~~~~~[0m
[96msrc/merchantroutes/productGallery.ts[0m:[93m829[0m:[93m33[0m - [91merror[0m[90m TS2339: [0mProperty 'deleteImage' does not exist on type 'typeof CloudinaryService'.

[7m829[0m         await CloudinaryService.deleteImage(item.publicId);
[7m   [0m [91m                                ~~~~~~~~~~~[0m
[96msrc/merchantroutes/productGallery.ts[0m:[93m886[0m:[93m27[0m - [91merror[0m[90m TS2339: [0mProperty 'deleteImage' does not exist on type 'typeof CloudinaryService'.

[7m886[0m         CloudinaryService.deleteImage(item.publicId).catch(error => {
[7m   [0m [91m                          ~~~~~~~~~~~[0m
[96msrc/merchantroutes/productGallery.ts[0m:[93m886[0m:[93m60[0m - [91merror[0m[90m TS7006: [0mParameter 'error' implicitly has an 'any' type.

[7m886[0m         CloudinaryService.deleteImage(item.publicId).catch(error => {
[7m   [0m [91m                                                           ~~~~~[0m

TSError: тип Unable to compile TypeScript:
[96msrc/merchantroutes/productGallery.ts[0m:[93m8[0m:[93m8[0m - [91merror[0m[90m TS1192: [0mModule '"C:/Users/Mukul raj/Downloads/rez-new/rez-app/user-backend/src/models/MerchantProduct"' has no default export.

[7m8[0m import MerchantProduct from '../models/MerchantProduct';
[7m [0m [91m       ~~~~~~~~~~~~~~~[0m
[96msrc/merchantroutes/productGallery.ts[0m:[93m829[0m:[93m33[0m - [91merror[0m[90m TS2339: [0mProperty 'deleteImage' does not exist on type 'typeof CloudinaryService'.

[7m829[0m         await CloudinaryService.deleteImage(item.publicId);
[7m   [0m [91m                                ~~~~~~~~~~~[0m
[96msrc/merchantroutes/productGallery.ts[0m:[93m886[0m:[93m27[0m - [91merror[0m[90m TS2339: [0mProperty 'deleteImage' does not exist on type 'typeof CloudinaryService'.

[7m886[0m         CloudinaryService.deleteImage(item.publicId).catch(error => {
[7m   [0m [91m                          ~~~~~~~~~~~[0m
[96msrc/merchantroutes/productGallery.ts[0m:[93m886[0m:[93m60[0m - [91merror[0m[90m TS7006: [0mParameter 'error' implicitly has an 'any' type.

[7m886[0m         CloudinaryService.deleteImage(item.publicId).catch(error => {
[7m   [0m [91m                                                           ~~~~~[0m

    at createTSError (C:\Users\Mukul raj\Downloads\rez-new\rez-app\user-backend\node_modules\@isaacs\ts-node-temp-fork-for-pr-2009\dist\index.js:280:16)
    at reportTSError (C:\Users\Mukul raj\Downloads\rez-new\rez-app\user-backend\node_modules\@isaacs\ts-node-temp-fork-for-pr-2009\dist\index.js:283:23)
    at getOutput (C:\Users\Mukul raj\Downloads\rez-new\rez-app\user-backend\node_modules\@isaacs\ts-node-temp-fork-for-pr-2009\dist\index.js:436:21)
    at Object.compile (C:\Users\Mukul raj\Downloads\rez-new\rez-app\user-backend\node_modules\@isaacs\ts-node-temp-fork-for-pr-2009\dist\index.js:658:47)
    at m._compile (C:\Users\Mukul raj\Downloads\rez-new\rez-app\user-backend\node_modules\@isaacs\ts-node-temp-fork-for-pr-2009\dist\index.js:789:36)
    at Module._extensions..js (node:internal/modules/cjs/loader:1416:10)
    at require.extensions.<computed> [as .ts] (C:\Users\Mukul raj\Downloads\rez-new\rez-app\user-backend\node_modules\@isaacs\ts-node-temp-fork-for-pr-2009\dist\index.js:792:16)
    at Module.load (node:internal/modules/cjs/loader:1208:32)
    at Module._load (node:internal/modules/cjs/loader:1024:12)
    at Module.require (node:internal/modules/cjs/loader:1233:19) {"error":{"diagnosticCodes":[1192,2339,2339,7006]},"stack":"TSError: тип Unable to compile TypeScript:\n\u001b[96msrc/merchantroutes/productGallery.ts\u001b[0m:\u001b[93m8\u001b[0m:\u001b[93m8\u001b[0m - \u001b[91merror\u001b[0m\u001b[90m TS1192: \u001b[0mModule '\"C:/Users/Mukul raj/Downloads/rez-new/rez-app/user-backend/src/models/MerchantProduct\"' has no default export.\r\n\r\n\u001b[7m8\u001b[0m import MerchantProduct from '../models/MerchantProduct';\r\n\u001b[7m \u001b[0m \u001b[91m       ~~~~~~~~~~~~~~~\u001b[0m\r\n\u001b[96msrc/merchantroutes/productGallery.ts\u001b[0m:\u001b[93m829\u001b[0m:\u001b[93m33\u001b[0m - \u001b[91merror\u001b[0m\u001b[90m TS2339: \u001b[0mProperty 'deleteImage' does not exist on type 'typeof CloudinaryService'.\r\n\r\n\u001b[7m829\u001b[0m         await CloudinaryService.deleteImage(item.publicId);\r\n\u001b[7m   \u001b[0m \u001b[91m                                ~~~~~~~~~~~\u001b[0m\r\n\u001b[96msrc/merchantroutes/productGallery.ts\u001b[0m:\u001b[93m886\u001b[0m:\u001b[93m27\u001b[0m - \u001b[91merror\u001b[0m\u001b[90m TS2339: \u001b[0mProperty 'deleteImage' does not exist on type 'typeof CloudinaryService'.\r\n\r\n\u001b[7m886\u001b[0m         CloudinaryService.deleteImage(item.publicId).catch(error => {\r\n\u001b[7m   \u001b[0m \u001b[91m                          ~~~~~~~~~~~\u001b[0m\r\n\u001b[96msrc/merchantroutes/productGallery.ts\u001b[0m:\u001b[93m886\u001b[0m:\u001b[93m60\u001b[0m - \u001b[91merror\u001b[0m\u001b[90m TS7006: \u001b[0mParameter 'error' implicitly has an 'any' type.\r\n\r\n\u001b[7m886\u001b[0m         CloudinaryService.deleteImage(item.publicId).catch(error => {\r\n\u001b[7m   \u001b[0m \u001b[91m                                                           ~~~~~\u001b[0m\r\n\n    at createTSError (C:\\Users\\Mukul raj\\Downloads\\rez-new\\rez-app\\user-backend\\node_modules\\@isaacs\\ts-node-temp-fork-for-pr-2009\\dist\\index.js:280:16)\n    at reportTSError (C:\\Users\\Mukul raj\\Downloads\\rez-new\\rez-app\\user-backend\\node_modules\\@isaacs\\ts-node-temp-fork-for-pr-2009\\dist\\index.js:283:23)\n    at getOutput (C:\\Users\\Mukul raj\\Downloads\\rez-new\\rez-app\\user-backend\\node_modules\\@isaacs\\ts-node-temp-fork-for-pr-2009\\dist\\index.js:436:21)\n    at Object.compile (C:\\Users\\Mukul raj\\Downloads\\rez-new\\rez-app\\user-backend\\node_modules\\@isaacs\\ts-node-temp-fork-for-pr-2009\\dist\\index.js:658:47)\n    at m._compile (C:\\Users\\Mukul raj\\Downloads\\rez-new\\rez-app\\user-backend\\node_modules\\@isaacs\\ts-node-temp-fork-for-pr-2009\\dist\\index.js:789:36)\n    at Module._extensions..js (node:internal/modules/cjs/loader:1416:10)\n    at require.extensions.<computed> [as .ts] (C:\\Users\\Mukul raj\\Downloads\\rez-new\\rez-app\\user-backend\\node_modules\\@isaacs\\ts-node-temp-fork-for-pr-2009\\dist\\index.js:792:16)\n    at Module.load (node:internal/modules/cjs/loader:1208:32)\n    at Module._load (node:internal/modules/cjs/loader:1024:12)\n    at Module.require (node:internal/modules/cjs/loader:1233:19)","exception":true,"date":"Tue Dec 02 2025 23:08:09 GMT+0530 (India Standard Time)","process":{"pid":14148,"uid":null,"gid":null,"cwd":"C:\\Users\\Mukul raj\\Downloads\\rez-new\\rez-app\\user-backend","execPath":"C:\\Program Files\\nodejs\\node.exe","version":"v20.14.0","argv":["C:\\Users\\Mukul raj\\Downloads\\rez-new\\rez-app\\user-backend\\node_modules\\@isaacs\\ts-node-temp-fork-for-pr-2009\\dist\\bin.js","C:\\Users\\Mukul raj\\Downloads\\rez-new\\rez-app\\user-backend\\src\\server.ts","src/server.ts"],"memoryUsage":{"rss":1630154752,"heapTotal":1559871488,"heapUsed":1507192984,"external":29854358,"arrayBuffers":26537312}},"os":{"loadavg":[0,0,0],"uptime":3872.5},"trace":[{"column":16,"file":"C:\\Users\\Mukul raj\\Downloads\\rez-new\\rez-app\\user-backend\\node_modules\\@isaacs\\ts-node-temp-fork-for-pr-2009\\dist\\index.js","function":"createTSError","line":280,"method":null,"native":false},{"column":23,"file":"C:\\Users\\Mukul raj\\Downloads\\rez-new\\rez-app\\user-backend\\node_modules\\@isaacs\\ts-node-temp-fork-for-pr-2009\\dist\\index.js","function":"reportTSError","line":283,"method":null,"native":false},{"column":21,"file":"C:\\Users\\Mukul raj\\Downloads\\rez-new\\rez-app\\user-backend\\node_modules\\@isaacs\\ts-node-temp-fork-for-pr-2009\\dist\\index.js","function":"getOutput","line":436,"method":null,"native":false},{"column":47,"file":"C:\\Users\\Mukul raj\\Downloads\\rez-new\\rez-app\\user-backend\\node_modules\\@isaacs\\ts-node-temp-fork-for-pr-2009\\dist\\index.js","function":"Object.compile","line":658,"method":"compile","native":false},{"column":36,"file":"C:\\Users\\Mukul raj\\Downloads\\rez-new\\rez-app\\user-backend\\node_modules\\@isaacs\\ts-node-temp-fork-for-pr-2009\\dist\\index.js","function":"m._compile","line":789,"method":"_compile","native":false},{"column":10,"file":"node:internal/modules/cjs/loader","function":"Module._extensions..js","line":1416,"method":".js","native":false},{"column":16,"file":"C:\\Users\\Mukul raj\\Downloads\\rez-new\\rez-app\\user-backend\\node_modules\\@isaacs\\ts-node-temp-fork-for-pr-2009\\dist\\index.js","function":"require.extensions.<computed> [as .ts]","line":792,"method":"ts]","native":false},{"column":32,"file":"node:internal/modules/cjs/loader","function":"Module.load","line":1208,"method":"load","native":false},{"column":12,"file":"node:internal/modules/cjs/loader","function":"Module._load","line":1024,"method":"_load","native":false},{"column":19,"file":"node:internal/modules/cjs/loader","function":"Module.require","line":1233,"method":"require","native":false}],"environment":"development"}
