2025-12-03 10:00:47 [error] [user-backend]: uncaughtException: тип Unable to compile TypeScript:
[96msrc/routes/productGallery.ts[0m:[93m118[0m:[93m27[0m - [91merror[0m[90m TS2339: [0mProperty 'thumbnail' does not exist on type 'Document<unknown, {}, IProductGallery, {}, {}> & IProductGallery & Required<{ _id: unknown; }> & { __v: number; }'.

[7m118[0m           thumbnail: item.thumbnail,
[7m   [0m [91m                          ~~~~~~~~~[0m
[96msrc/routes/productGallery.ts[0m:[93m263[0m:[93m27[0m - [91merror[0m[90m TS2339: [0mProperty 'thumbnail' does not exist on type 'Document<unknown, {}, IProductGallery, {}, {}> & IProductGallery & Required<{ _id: unknown; }> & { __v: number; }'.

[7m263[0m           thumbnail: item.thumbnail,
[7m   [0m [91m                          ~~~~~~~~~[0m

TSError: тип Unable to compile TypeScript:
[96msrc/routes/productGallery.ts[0m:[93m118[0m:[93m27[0m - [91merror[0m[90m TS2339: [0mProperty 'thumbnail' does not exist on type 'Document<unknown, {}, IProductGallery, {}, {}> & IProductGallery & Required<{ _id: unknown; }> & { __v: number; }'.

[7m118[0m           thumbnail: item.thumbnail,
[7m   [0m [91m                          ~~~~~~~~~[0m
[96msrc/routes/productGallery.ts[0m:[93m263[0m:[93m27[0m - [91merror[0m[90m TS2339: [0mProperty 'thumbnail' does not exist on type 'Document<unknown, {}, IProductGallery, {}, {}> & IProductGallery & Required<{ _id: unknown; }> & { __v: number; }'.

[7m263[0m           thumbnail: item.thumbnail,
[7m   [0m [91m                          ~~~~~~~~~[0m

    at createTSError (C:\Users\Mukul raj\Downloads\rez-new\rez-app\user-backend\node_modules\@isaacs\ts-node-temp-fork-for-pr-2009\dist\index.js:280:16)
    at reportTSError (C:\Users\Mukul raj\Downloads\rez-new\rez-app\user-backend\node_modules\@isaacs\ts-node-temp-fork-for-pr-2009\dist\index.js:283:23)
    at getOutput (C:\Users\Mukul raj\Downloads\rez-new\rez-app\user-backend\node_modules\@isaacs\ts-node-temp-fork-for-pr-2009\dist\index.js:436:21)
    at Object.compile (C:\Users\Mukul raj\Downloads\rez-new\rez-app\user-backend\node_modules\@isaacs\ts-node-temp-fork-for-pr-2009\dist\index.js:658:47)
    at m._compile (C:\Users\Mukul raj\Downloads\rez-new\rez-app\user-backend\node_modules\@isaacs\ts-node-temp-fork-for-pr-2009\dist\index.js:789:36)
    at Module._extensions..js (node:internal/modules/cjs/loader:1416:10)
    at require.extensions.<computed> [as .ts] (C:\Users\Mukul raj\Downloads\rez-new\rez-app\user-backend\node_modules\@isaacs\ts-node-temp-fork-for-pr-2009\dist\index.js:792:16)
    at Module.load (node:internal/modules/cjs/loader:1208:32)
    at Module._load (node:internal/modules/cjs/loader:1024:12)
    at Module.require (node:internal/modules/cjs/loader:1233:19) {"error":{"diagnosticCodes":[2339,2339]},"stack":"TSError: тип Unable to compile TypeScript:\n\u001b[96msrc/routes/productGallery.ts\u001b[0m:\u001b[93m118\u001b[0m:\u001b[93m27\u001b[0m - \u001b[91merror\u001b[0m\u001b[90m TS2339: \u001b[0mProperty 'thumbnail' does not exist on type 'Document<unknown, {}, IProductGallery, {}, {}> & IProductGallery & Required<{ _id: unknown; }> & { __v: number; }'.\r\n\r\n\u001b[7m118\u001b[0m           thumbnail: item.thumbnail,\r\n\u001b[7m   \u001b[0m \u001b[91m                          ~~~~~~~~~\u001b[0m\r\n\u001b[96msrc/routes/productGallery.ts\u001b[0m:\u001b[93m263\u001b[0m:\u001b[93m27\u001b[0m - \u001b[91merror\u001b[0m\u001b[90m TS2339: \u001b[0mProperty 'thumbnail' does not exist on type 'Document<unknown, {}, IProductGallery, {}, {}> & IProductGallery & Required<{ _id: unknown; }> & { __v: number; }'.\r\n\r\n\u001b[7m263\u001b[0m           thumbnail: item.thumbnail,\r\n\u001b[7m   \u001b[0m \u001b[91m                          ~~~~~~~~~\u001b[0m\r\n\n    at createTSError (C:\\Users\\Mukul raj\\Downloads\\rez-new\\rez-app\\user-backend\\node_modules\\@isaacs\\ts-node-temp-fork-for-pr-2009\\dist\\index.js:280:16)\n    at reportTSError (C:\\Users\\Mukul raj\\Downloads\\rez-new\\rez-app\\user-backend\\node_modules\\@isaacs\\ts-node-temp-fork-for-pr-2009\\dist\\index.js:283:23)\n    at getOutput (C:\\Users\\Mukul raj\\Downloads\\rez-new\\rez-app\\user-backend\\node_modules\\@isaacs\\ts-node-temp-fork-for-pr-2009\\dist\\index.js:436:21)\n    at Object.compile (C:\\Users\\Mukul raj\\Downloads\\rez-new\\rez-app\\user-backend\\node_modules\\@isaacs\\ts-node-temp-fork-for-pr-2009\\dist\\index.js:658:47)\n    at m._compile (C:\\Users\\Mukul raj\\Downloads\\rez-new\\rez-app\\user-backend\\node_modules\\@isaacs\\ts-node-temp-fork-for-pr-2009\\dist\\index.js:789:36)\n    at Module._extensions..js (node:internal/modules/cjs/loader:1416:10)\n    at require.extensions.<computed> [as .ts] (C:\\Users\\Mukul raj\\Downloads\\rez-new\\rez-app\\user-backend\\node_modules\\@isaacs\\ts-node-temp-fork-for-pr-2009\\dist\\index.js:792:16)\n    at Module.load (node:internal/modules/cjs/loader:1208:32)\n    at Module._load (node:internal/modules/cjs/loader:1024:12)\n    at Module.require (node:internal/modules/cjs/loader:1233:19)","exception":true,"date":"Wed Dec 03 2025 10:00:47 GMT+0530 (India Standard Time)","process":{"pid":20072,"uid":null,"gid":null,"cwd":"C:\\Users\\Mukul raj\\Downloads\\rez-new\\rez-app\\user-backend","execPath":"C:\\Program Files\\nodejs\\node.exe","version":"v20.14.0","argv":["C:\\Users\\Mukul raj\\Downloads\\rez-new\\rez-app\\user-backend\\node_modules\\@isaacs\\ts-node-temp-fork-for-pr-2009\\dist\\bin.js","C:\\Users\\Mukul raj\\Downloads\\rez-new\\rez-app\\user-backend\\src\\server.ts","src/server.ts"],"memoryUsage":{"rss":1564479488,"heapTotal":1496481792,"heapUsed":1443664264,"external":26913345,"arrayBuffers":23536141}},"os":{"loadavg":[0,0,0],"uptime":8720.515},"trace":[{"column":16,"file":"C:\\Users\\Mukul raj\\Downloads\\rez-new\\rez-app\\user-backend\\node_modules\\@isaacs\\ts-node-temp-fork-for-pr-2009\\dist\\index.js","function":"createTSError","line":280,"method":null,"native":false},{"column":23,"file":"C:\\Users\\Mukul raj\\Downloads\\rez-new\\rez-app\\user-backend\\node_modules\\@isaacs\\ts-node-temp-fork-for-pr-2009\\dist\\index.js","function":"reportTSError","line":283,"method":null,"native":false},{"column":21,"file":"C:\\Users\\Mukul raj\\Downloads\\rez-new\\rez-app\\user-backend\\node_modules\\@isaacs\\ts-node-temp-fork-for-pr-2009\\dist\\index.js","function":"getOutput","line":436,"method":null,"native":false},{"column":47,"file":"C:\\Users\\Mukul raj\\Downloads\\rez-new\\rez-app\\user-backend\\node_modules\\@isaacs\\ts-node-temp-fork-for-pr-2009\\dist\\index.js","function":"Object.compile","line":658,"method":"compile","native":false},{"column":36,"file":"C:\\Users\\Mukul raj\\Downloads\\rez-new\\rez-app\\user-backend\\node_modules\\@isaacs\\ts-node-temp-fork-for-pr-2009\\dist\\index.js","function":"m._compile","line":789,"method":"_compile","native":false},{"column":10,"file":"node:internal/modules/cjs/loader","function":"Module._extensions..js","line":1416,"method":".js","native":false},{"column":16,"file":"C:\\Users\\Mukul raj\\Downloads\\rez-new\\rez-app\\user-backend\\node_modules\\@isaacs\\ts-node-temp-fork-for-pr-2009\\dist\\index.js","function":"require.extensions.<computed> [as .ts]","line":792,"method":"ts]","native":false},{"column":32,"file":"node:internal/modules/cjs/loader","function":"Module.load","line":1208,"method":"load","native":false},{"column":12,"file":"node:internal/modules/cjs/loader","function":"Module._load","line":1024,"method":"_load","native":false},{"column":19,"file":"node:internal/modules/cjs/loader","function":"Module.require","line":1233,"method":"require","native":false}],"environment":"development"}
2025-12-03 13:02:34 [error] [user-backend]: uncaughtException: тип Unable to compile TypeScript:
[96msrc/controllers/wishlistController.ts[0m:[93m5[0m:[93m10[0m - [91merror[0m[90m TS2724: [0m'"../models/Discount"' has no exported member named 'Discount'. Did you mean 'IDiscount'?

[7m5[0m import { Discount } from '../models/Discount';
[7m [0m [91m         ~~~~~~~~[0m

TSError: тип Unable to compile TypeScript:
[96msrc/controllers/wishlistController.ts[0m:[93m5[0m:[93m10[0m - [91merror[0m[90m TS2724: [0m'"../models/Discount"' has no exported member named 'Discount'. Did you mean 'IDiscount'?

[7m5[0m import { Discount } from '../models/Discount';
[7m [0m [91m         ~~~~~~~~[0m

    at createTSError (C:\Users\Mukul raj\Downloads\rez-new\rez-app\user-backend\node_modules\@isaacs\ts-node-temp-fork-for-pr-2009\dist\index.js:280:16)
    at reportTSError (C:\Users\Mukul raj\Downloads\rez-new\rez-app\user-backend\node_modules\@isaacs\ts-node-temp-fork-for-pr-2009\dist\index.js:283:23)
    at getOutput (C:\Users\Mukul raj\Downloads\rez-new\rez-app\user-backend\node_modules\@isaacs\ts-node-temp-fork-for-pr-2009\dist\index.js:436:21)
    at Object.compile (C:\Users\Mukul raj\Downloads\rez-new\rez-app\user-backend\node_modules\@isaacs\ts-node-temp-fork-for-pr-2009\dist\index.js:658:47)
    at m._compile (C:\Users\Mukul raj\Downloads\rez-new\rez-app\user-backend\node_modules\@isaacs\ts-node-temp-fork-for-pr-2009\dist\index.js:789:36)
    at Module._extensions..js (node:internal/modules/cjs/loader:1416:10)
    at require.extensions.<computed> [as .ts] (C:\Users\Mukul raj\Downloads\rez-new\rez-app\user-backend\node_modules\@isaacs\ts-node-temp-fork-for-pr-2009\dist\index.js:792:16)
    at Module.load (node:internal/modules/cjs/loader:1208:32)
    at Module._load (node:internal/modules/cjs/loader:1024:12)
    at Module.require (node:internal/modules/cjs/loader:1233:19) {"error":{"diagnosticCodes":[2724]},"stack":"TSError: тип Unable to compile TypeScript:\n\u001b[96msrc/controllers/wishlistController.ts\u001b[0m:\u001b[93m5\u001b[0m:\u001b[93m10\u001b[0m - \u001b[91merror\u001b[0m\u001b[90m TS2724: \u001b[0m'\"../models/Discount\"' has no exported member named 'Discount'. Did you mean 'IDiscount'?\r\n\r\n\u001b[7m5\u001b[0m import { Discount } from '../models/Discount';\r\n\u001b[7m \u001b[0m \u001b[91m         ~~~~~~~~\u001b[0m\r\n\n    at createTSError (C:\\Users\\Mukul raj\\Downloads\\rez-new\\rez-app\\user-backend\\node_modules\\@isaacs\\ts-node-temp-fork-for-pr-2009\\dist\\index.js:280:16)\n    at reportTSError (C:\\Users\\Mukul raj\\Downloads\\rez-new\\rez-app\\user-backend\\node_modules\\@isaacs\\ts-node-temp-fork-for-pr-2009\\dist\\index.js:283:23)\n    at getOutput (C:\\Users\\Mukul raj\\Downloads\\rez-new\\rez-app\\user-backend\\node_modules\\@isaacs\\ts-node-temp-fork-for-pr-2009\\dist\\index.js:436:21)\n    at Object.compile (C:\\Users\\Mukul raj\\Downloads\\rez-new\\rez-app\\user-backend\\node_modules\\@isaacs\\ts-node-temp-fork-for-pr-2009\\dist\\index.js:658:47)\n    at m._compile (C:\\Users\\Mukul raj\\Downloads\\rez-new\\rez-app\\user-backend\\node_modules\\@isaacs\\ts-node-temp-fork-for-pr-2009\\dist\\index.js:789:36)\n    at Module._extensions..js (node:internal/modules/cjs/loader:1416:10)\n    at require.extensions.<computed> [as .ts] (C:\\Users\\Mukul raj\\Downloads\\rez-new\\rez-app\\user-backend\\node_modules\\@isaacs\\ts-node-temp-fork-for-pr-2009\\dist\\index.js:792:16)\n    at Module.load (node:internal/modules/cjs/loader:1208:32)\n    at Module._load (node:internal/modules/cjs/loader:1024:12)\n    at Module.require (node:internal/modules/cjs/loader:1233:19)","exception":true,"date":"Wed Dec 03 2025 13:02:34 GMT+0530 (India Standard Time)","process":{"pid":34680,"uid":null,"gid":null,"cwd":"C:\\Users\\Mukul raj\\Downloads\\rez-new\\rez-app\\user-backend","execPath":"C:\\Program Files\\nodejs\\node.exe","version":"v20.14.0","argv":["C:\\Users\\Mukul raj\\Downloads\\rez-new\\rez-app\\user-backend\\node_modules\\@isaacs\\ts-node-temp-fork-for-pr-2009\\dist\\bin.js","C:\\Users\\Mukul raj\\Downloads\\rez-new\\rez-app\\user-backend\\src\\server.ts","src/server.ts"],"memoryUsage":{"rss":1391718400,"heapTotal":1318756352,"heapUsed":1268747320,"external":26473953,"arrayBuffers":23138840}},"os":{"loadavg":[0,0,0],"uptime":19627.453},"trace":[{"column":16,"file":"C:\\Users\\Mukul raj\\Downloads\\rez-new\\rez-app\\user-backend\\node_modules\\@isaacs\\ts-node-temp-fork-for-pr-2009\\dist\\index.js","function":"createTSError","line":280,"method":null,"native":false},{"column":23,"file":"C:\\Users\\Mukul raj\\Downloads\\rez-new\\rez-app\\user-backend\\node_modules\\@isaacs\\ts-node-temp-fork-for-pr-2009\\dist\\index.js","function":"reportTSError","line":283,"method":null,"native":false},{"column":21,"file":"C:\\Users\\Mukul raj\\Downloads\\rez-new\\rez-app\\user-backend\\node_modules\\@isaacs\\ts-node-temp-fork-for-pr-2009\\dist\\index.js","function":"getOutput","line":436,"method":null,"native":false},{"column":47,"file":"C:\\Users\\Mukul raj\\Downloads\\rez-new\\rez-app\\user-backend\\node_modules\\@isaacs\\ts-node-temp-fork-for-pr-2009\\dist\\index.js","function":"Object.compile","line":658,"method":"compile","native":false},{"column":36,"file":"C:\\Users\\Mukul raj\\Downloads\\rez-new\\rez-app\\user-backend\\node_modules\\@isaacs\\ts-node-temp-fork-for-pr-2009\\dist\\index.js","function":"m._compile","line":789,"method":"_compile","native":false},{"column":10,"file":"node:internal/modules/cjs/loader","function":"Module._extensions..js","line":1416,"method":".js","native":false},{"column":16,"file":"C:\\Users\\Mukul raj\\Downloads\\rez-new\\rez-app\\user-backend\\node_modules\\@isaacs\\ts-node-temp-fork-for-pr-2009\\dist\\index.js","function":"require.extensions.<computed> [as .ts]","line":792,"method":"ts]","native":false},{"column":32,"file":"node:internal/modules/cjs/loader","function":"Module.load","line":1208,"method":"load","native":false},{"column":12,"file":"node:internal/modules/cjs/loader","function":"Module._load","line":1024,"method":"_load","native":false},{"column":19,"file":"node:internal/modules/cjs/loader","function":"Module.require","line":1233,"method":"require","native":false}],"environment":"development"}
2025-12-03 13:03:24 [error] [user-backend]: uncaughtException: тип Unable to compile TypeScript:
[96msrc/controllers/wishlistController.ts[0m:[93m5[0m:[93m10[0m - [91merror[0m[90m TS2724: [0m'"../models/Discount"' has no exported member named 'Discount'. Did you mean 'IDiscount'?

[7m5[0m import { Discount } from '../models/Discount';
[7m [0m [91m         ~~~~~~~~[0m

TSError: тип Unable to compile TypeScript:
[96msrc/controllers/wishlistController.ts[0m:[93m5[0m:[93m10[0m - [91merror[0m[90m TS2724: [0m'"../models/Discount"' has no exported member named 'Discount'. Did you mean 'IDiscount'?

[7m5[0m import { Discount } from '../models/Discount';
[7m [0m [91m         ~~~~~~~~[0m

    at createTSError (C:\Users\Mukul raj\Downloads\rez-new\rez-app\user-backend\node_modules\@isaacs\ts-node-temp-fork-for-pr-2009\dist\index.js:280:16)
    at reportTSError (C:\Users\Mukul raj\Downloads\rez-new\rez-app\user-backend\node_modules\@isaacs\ts-node-temp-fork-for-pr-2009\dist\index.js:283:23)
    at getOutput (C:\Users\Mukul raj\Downloads\rez-new\rez-app\user-backend\node_modules\@isaacs\ts-node-temp-fork-for-pr-2009\dist\index.js:436:21)
    at Object.compile (C:\Users\Mukul raj\Downloads\rez-new\rez-app\user-backend\node_modules\@isaacs\ts-node-temp-fork-for-pr-2009\dist\index.js:658:47)
    at m._compile (C:\Users\Mukul raj\Downloads\rez-new\rez-app\user-backend\node_modules\@isaacs\ts-node-temp-fork-for-pr-2009\dist\index.js:789:36)
    at Module._extensions..js (node:internal/modules/cjs/loader:1416:10)
    at require.extensions.<computed> [as .ts] (C:\Users\Mukul raj\Downloads\rez-new\rez-app\user-backend\node_modules\@isaacs\ts-node-temp-fork-for-pr-2009\dist\index.js:792:16)
    at Module.load (node:internal/modules/cjs/loader:1208:32)
    at Module._load (node:internal/modules/cjs/loader:1024:12)
    at Module.require (node:internal/modules/cjs/loader:1233:19) {"error":{"diagnosticCodes":[2724]},"stack":"TSError: тип Unable to compile TypeScript:\n\u001b[96msrc/controllers/wishlistController.ts\u001b[0m:\u001b[93m5\u001b[0m:\u001b[93m10\u001b[0m - \u001b[91merror\u001b[0m\u001b[90m TS2724: \u001b[0m'\"../models/Discount\"' has no exported member named 'Discount'. Did you mean 'IDiscount'?\r\n\r\n\u001b[7m5\u001b[0m import { Discount } from '../models/Discount';\r\n\u001b[7m \u001b[0m \u001b[91m         ~~~~~~~~\u001b[0m\r\n\n    at createTSError (C:\\Users\\Mukul raj\\Downloads\\rez-new\\rez-app\\user-backend\\node_modules\\@isaacs\\ts-node-temp-fork-for-pr-2009\\dist\\index.js:280:16)\n    at reportTSError (C:\\Users\\Mukul raj\\Downloads\\rez-new\\rez-app\\user-backend\\node_modules\\@isaacs\\ts-node-temp-fork-for-pr-2009\\dist\\index.js:283:23)\n    at getOutput (C:\\Users\\Mukul raj\\Downloads\\rez-new\\rez-app\\user-backend\\node_modules\\@isaacs\\ts-node-temp-fork-for-pr-2009\\dist\\index.js:436:21)\n    at Object.compile (C:\\Users\\Mukul raj\\Downloads\\rez-new\\rez-app\\user-backend\\node_modules\\@isaacs\\ts-node-temp-fork-for-pr-2009\\dist\\index.js:658:47)\n    at m._compile (C:\\Users\\Mukul raj\\Downloads\\rez-new\\rez-app\\user-backend\\node_modules\\@isaacs\\ts-node-temp-fork-for-pr-2009\\dist\\index.js:789:36)\n    at Module._extensions..js (node:internal/modules/cjs/loader:1416:10)\n    at require.extensions.<computed> [as .ts] (C:\\Users\\Mukul raj\\Downloads\\rez-new\\rez-app\\user-backend\\node_modules\\@isaacs\\ts-node-temp-fork-for-pr-2009\\dist\\index.js:792:16)\n    at Module.load (node:internal/modules/cjs/loader:1208:32)\n    at Module._load (node:internal/modules/cjs/loader:1024:12)\n    at Module.require (node:internal/modules/cjs/loader:1233:19)","exception":true,"date":"Wed Dec 03 2025 13:03:24 GMT+0530 (India Standard Time)","process":{"pid":33760,"uid":null,"gid":null,"cwd":"C:\\Users\\Mukul raj\\Downloads\\rez-new\\rez-app\\user-backend","execPath":"C:\\Program Files\\nodejs\\node.exe","version":"v20.14.0","argv":["C:\\Users\\Mukul raj\\Downloads\\rez-new\\rez-app\\user-backend\\node_modules\\@isaacs\\ts-node-temp-fork-for-pr-2009\\dist\\bin.js","C:\\Users\\Mukul raj\\Downloads\\rez-new\\rez-app\\user-backend\\src\\server.ts","src/server.ts"],"memoryUsage":{"rss":1389002752,"heapTotal":1318662144,"heapUsed":1270669320,"external":26466734,"arrayBuffers":23148181}},"os":{"loadavg":[0,0,0],"uptime":19677.578},"trace":[{"column":16,"file":"C:\\Users\\Mukul raj\\Downloads\\rez-new\\rez-app\\user-backend\\node_modules\\@isaacs\\ts-node-temp-fork-for-pr-2009\\dist\\index.js","function":"createTSError","line":280,"method":null,"native":false},{"column":23,"file":"C:\\Users\\Mukul raj\\Downloads\\rez-new\\rez-app\\user-backend\\node_modules\\@isaacs\\ts-node-temp-fork-for-pr-2009\\dist\\index.js","function":"reportTSError","line":283,"method":null,"native":false},{"column":21,"file":"C:\\Users\\Mukul raj\\Downloads\\rez-new\\rez-app\\user-backend\\node_modules\\@isaacs\\ts-node-temp-fork-for-pr-2009\\dist\\index.js","function":"getOutput","line":436,"method":null,"native":false},{"column":47,"file":"C:\\Users\\Mukul raj\\Downloads\\rez-new\\rez-app\\user-backend\\node_modules\\@isaacs\\ts-node-temp-fork-for-pr-2009\\dist\\index.js","function":"Object.compile","line":658,"method":"compile","native":false},{"column":36,"file":"C:\\Users\\Mukul raj\\Downloads\\rez-new\\rez-app\\user-backend\\node_modules\\@isaacs\\ts-node-temp-fork-for-pr-2009\\dist\\index.js","function":"m._compile","line":789,"method":"_compile","native":false},{"column":10,"file":"node:internal/modules/cjs/loader","function":"Module._extensions..js","line":1416,"method":".js","native":false},{"column":16,"file":"C:\\Users\\Mukul raj\\Downloads\\rez-new\\rez-app\\user-backend\\node_modules\\@isaacs\\ts-node-temp-fork-for-pr-2009\\dist\\index.js","function":"require.extensions.<computed> [as .ts]","line":792,"method":"ts]","native":false},{"column":32,"file":"node:internal/modules/cjs/loader","function":"Module.load","line":1208,"method":"load","native":false},{"column":12,"file":"node:internal/modules/cjs/loader","function":"Module._load","line":1024,"method":"_load","native":false},{"column":19,"file":"node:internal/modules/cjs/loader","function":"Module.require","line":1233,"method":"require","native":false}],"environment":"development"}
2025-12-03 14:48:34 [error] [user-backend]: uncaughtException: тип Unable to compile TypeScript:
[96msrc/controllers/productController.ts[0m:[93m876[0m:[93m13[0m - [91merror[0m[90m TS18046: [0m'product._id' is of type 'unknown'.

[7m876[0m         id: product._id.toString(),
[7m   [0m [91m            ~~~~~~~~~~~[0m
[96msrc/controllers/productController.ts[0m:[93m877[0m:[93m14[0m - [91merror[0m[90m TS18046: [0m'product._id' is of type 'unknown'.

[7m877[0m         _id: product._id.toString(),
[7m   [0m [91m             ~~~~~~~~~~~[0m

TSError: тип Unable to compile TypeScript:
[96msrc/controllers/productController.ts[0m:[93m876[0m:[93m13[0m - [91merror[0m[90m TS18046: [0m'product._id' is of type 'unknown'.

[7m876[0m         id: product._id.toString(),
[7m   [0m [91m            ~~~~~~~~~~~[0m
[96msrc/controllers/productController.ts[0m:[93m877[0m:[93m14[0m - [91merror[0m[90m TS18046: [0m'product._id' is of type 'unknown'.

[7m877[0m         _id: product._id.toString(),
[7m   [0m [91m             ~~~~~~~~~~~[0m

    at createTSError (C:\Users\Mukul raj\Downloads\rez-new\rez-app\user-backend\node_modules\@isaacs\ts-node-temp-fork-for-pr-2009\dist\index.js:280:16)
    at reportTSError (C:\Users\Mukul raj\Downloads\rez-new\rez-app\user-backend\node_modules\@isaacs\ts-node-temp-fork-for-pr-2009\dist\index.js:283:23)
    at getOutput (C:\Users\Mukul raj\Downloads\rez-new\rez-app\user-backend\node_modules\@isaacs\ts-node-temp-fork-for-pr-2009\dist\index.js:436:21)
    at Object.compile (C:\Users\Mukul raj\Downloads\rez-new\rez-app\user-backend\node_modules\@isaacs\ts-node-temp-fork-for-pr-2009\dist\index.js:658:47)
    at m._compile (C:\Users\Mukul raj\Downloads\rez-new\rez-app\user-backend\node_modules\@isaacs\ts-node-temp-fork-for-pr-2009\dist\index.js:789:36)
    at Module._extensions..js (node:internal/modules/cjs/loader:1416:10)
    at require.extensions.<computed> [as .ts] (C:\Users\Mukul raj\Downloads\rez-new\rez-app\user-backend\node_modules\@isaacs\ts-node-temp-fork-for-pr-2009\dist\index.js:792:16)
    at Module.load (node:internal/modules/cjs/loader:1208:32)
    at Module._load (node:internal/modules/cjs/loader:1024:12)
    at Module.require (node:internal/modules/cjs/loader:1233:19) {"error":{"diagnosticCodes":[18046,18046]},"stack":"TSError: тип Unable to compile TypeScript:\n\u001b[96msrc/controllers/productController.ts\u001b[0m:\u001b[93m876\u001b[0m:\u001b[93m13\u001b[0m - \u001b[91merror\u001b[0m\u001b[90m TS18046: \u001b[0m'product._id' is of type 'unknown'.\r\n\r\n\u001b[7m876\u001b[0m         id: product._id.toString(),\r\n\u001b[7m   \u001b[0m \u001b[91m            ~~~~~~~~~~~\u001b[0m\r\n\u001b[96msrc/controllers/productController.ts\u001b[0m:\u001b[93m877\u001b[0m:\u001b[93m14\u001b[0m - \u001b[91merror\u001b[0m\u001b[90m TS18046: \u001b[0m'product._id' is of type 'unknown'.\r\n\r\n\u001b[7m877\u001b[0m         _id: product._id.toString(),\r\n\u001b[7m   \u001b[0m \u001b[91m             ~~~~~~~~~~~\u001b[0m\r\n\n    at createTSError (C:\\Users\\Mukul raj\\Downloads\\rez-new\\rez-app\\user-backend\\node_modules\\@isaacs\\ts-node-temp-fork-for-pr-2009\\dist\\index.js:280:16)\n    at reportTSError (C:\\Users\\Mukul raj\\Downloads\\rez-new\\rez-app\\user-backend\\node_modules\\@isaacs\\ts-node-temp-fork-for-pr-2009\\dist\\index.js:283:23)\n    at getOutput (C:\\Users\\Mukul raj\\Downloads\\rez-new\\rez-app\\user-backend\\node_modules\\@isaacs\\ts-node-temp-fork-for-pr-2009\\dist\\index.js:436:21)\n    at Object.compile (C:\\Users\\Mukul raj\\Downloads\\rez-new\\rez-app\\user-backend\\node_modules\\@isaacs\\ts-node-temp-fork-for-pr-2009\\dist\\index.js:658:47)\n    at m._compile (C:\\Users\\Mukul raj\\Downloads\\rez-new\\rez-app\\user-backend\\node_modules\\@isaacs\\ts-node-temp-fork-for-pr-2009\\dist\\index.js:789:36)\n    at Module._extensions..js (node:internal/modules/cjs/loader:1416:10)\n    at require.extensions.<computed> [as .ts] (C:\\Users\\Mukul raj\\Downloads\\rez-new\\rez-app\\user-backend\\node_modules\\@isaacs\\ts-node-temp-fork-for-pr-2009\\dist\\index.js:792:16)\n    at Module.load (node:internal/modules/cjs/loader:1208:32)\n    at Module._load (node:internal/modules/cjs/loader:1024:12)\n    at Module.require (node:internal/modules/cjs/loader:1233:19)","exception":true,"date":"Wed Dec 03 2025 14:48:34 GMT+0530 (India Standard Time)","process":{"pid":29732,"uid":null,"gid":null,"cwd":"C:\\Users\\Mukul raj\\Downloads\\rez-new\\rez-app\\user-backend","execPath":"C:\\Program Files\\nodejs\\node.exe","version":"v20.14.0","argv":["C:\\Users\\Mukul raj\\Downloads\\rez-new\\rez-app\\user-backend\\node_modules\\@isaacs\\ts-node-temp-fork-for-pr-2009\\dist\\bin.js","C:\\Users\\Mukul raj\\Downloads\\rez-new\\rez-app\\user-backend\\src\\server.ts","src/server.ts"],"memoryUsage":{"rss":1094270976,"heapTotal":1035902976,"heapUsed":998545112,"external":26551005,"arrayBuffers":23232452}},"os":{"loadavg":[0,0,0],"uptime":25987.531},"trace":[{"column":16,"file":"C:\\Users\\Mukul raj\\Downloads\\rez-new\\rez-app\\user-backend\\node_modules\\@isaacs\\ts-node-temp-fork-for-pr-2009\\dist\\index.js","function":"createTSError","line":280,"method":null,"native":false},{"column":23,"file":"C:\\Users\\Mukul raj\\Downloads\\rez-new\\rez-app\\user-backend\\node_modules\\@isaacs\\ts-node-temp-fork-for-pr-2009\\dist\\index.js","function":"reportTSError","line":283,"method":null,"native":false},{"column":21,"file":"C:\\Users\\Mukul raj\\Downloads\\rez-new\\rez-app\\user-backend\\node_modules\\@isaacs\\ts-node-temp-fork-for-pr-2009\\dist\\index.js","function":"getOutput","line":436,"method":null,"native":false},{"column":47,"file":"C:\\Users\\Mukul raj\\Downloads\\rez-new\\rez-app\\user-backend\\node_modules\\@isaacs\\ts-node-temp-fork-for-pr-2009\\dist\\index.js","function":"Object.compile","line":658,"method":"compile","native":false},{"column":36,"file":"C:\\Users\\Mukul raj\\Downloads\\rez-new\\rez-app\\user-backend\\node_modules\\@isaacs\\ts-node-temp-fork-for-pr-2009\\dist\\index.js","function":"m._compile","line":789,"method":"_compile","native":false},{"column":10,"file":"node:internal/modules/cjs/loader","function":"Module._extensions..js","line":1416,"method":".js","native":false},{"column":16,"file":"C:\\Users\\Mukul raj\\Downloads\\rez-new\\rez-app\\user-backend\\node_modules\\@isaacs\\ts-node-temp-fork-for-pr-2009\\dist\\index.js","function":"require.extensions.<computed> [as .ts]","line":792,"method":"ts]","native":false},{"column":32,"file":"node:internal/modules/cjs/loader","function":"Module.load","line":1208,"method":"load","native":false},{"column":12,"file":"node:internal/modules/cjs/loader","function":"Module._load","line":1024,"method":"_load","native":false},{"column":19,"file":"node:internal/modules/cjs/loader","function":"Module.require","line":1233,"method":"require","native":false}],"environment":"development"}
2025-12-03 15:18:20 [error] [user-backend]: uncaughtException: тип Unable to compile TypeScript:
[96msrc/controllers/productController.ts[0m:[93m1383[0m:[93m13[0m - [91merror[0m[90m TS18046: [0m'product._id' is of type 'unknown'.

[7m1383[0m         id: product._id.toString(),
[7m    [0m [91m            ~~~~~~~~~~~[0m
[96msrc/controllers/productController.ts[0m:[93m1384[0m:[93m14[0m - [91merror[0m[90m TS18046: [0m'product._id' is of type 'unknown'.

[7m1384[0m         _id: product._id.toString(),
[7m    [0m [91m             ~~~~~~~~~~~[0m

TSError: тип Unable to compile TypeScript:
[96msrc/controllers/productController.ts[0m:[93m1383[0m:[93m13[0m - [91merror[0m[90m TS18046: [0m'product._id' is of type 'unknown'.

[7m1383[0m         id: product._id.toString(),
[7m    [0m [91m            ~~~~~~~~~~~[0m
[96msrc/controllers/productController.ts[0m:[93m1384[0m:[93m14[0m - [91merror[0m[90m TS18046: [0m'product._id' is of type 'unknown'.

[7m1384[0m         _id: product._id.toString(),
[7m    [0m [91m             ~~~~~~~~~~~[0m

    at createTSError (C:\Users\Mukul raj\Downloads\rez-new\rez-app\user-backend\node_modules\@isaacs\ts-node-temp-fork-for-pr-2009\dist\index.js:280:16)
    at reportTSError (C:\Users\Mukul raj\Downloads\rez-new\rez-app\user-backend\node_modules\@isaacs\ts-node-temp-fork-for-pr-2009\dist\index.js:283:23)
    at getOutput (C:\Users\Mukul raj\Downloads\rez-new\rez-app\user-backend\node_modules\@isaacs\ts-node-temp-fork-for-pr-2009\dist\index.js:436:21)
    at Object.compile (C:\Users\Mukul raj\Downloads\rez-new\rez-app\user-backend\node_modules\@isaacs\ts-node-temp-fork-for-pr-2009\dist\index.js:658:47)
    at m._compile (C:\Users\Mukul raj\Downloads\rez-new\rez-app\user-backend\node_modules\@isaacs\ts-node-temp-fork-for-pr-2009\dist\index.js:789:36)
    at Module._extensions..js (node:internal/modules/cjs/loader:1416:10)
    at require.extensions.<computed> [as .ts] (C:\Users\Mukul raj\Downloads\rez-new\rez-app\user-backend\node_modules\@isaacs\ts-node-temp-fork-for-pr-2009\dist\index.js:792:16)
    at Module.load (node:internal/modules/cjs/loader:1208:32)
    at Module._load (node:internal/modules/cjs/loader:1024:12)
    at Module.require (node:internal/modules/cjs/loader:1233:19) {"error":{"diagnosticCodes":[18046,18046]},"stack":"TSError: тип Unable to compile TypeScript:\n\u001b[96msrc/controllers/productController.ts\u001b[0m:\u001b[93m1383\u001b[0m:\u001b[93m13\u001b[0m - \u001b[91merror\u001b[0m\u001b[90m TS18046: \u001b[0m'product._id' is of type 'unknown'.\r\n\r\n\u001b[7m1383\u001b[0m         id: product._id.toString(),\r\n\u001b[7m    \u001b[0m \u001b[91m            ~~~~~~~~~~~\u001b[0m\r\n\u001b[96msrc/controllers/productController.ts\u001b[0m:\u001b[93m1384\u001b[0m:\u001b[93m14\u001b[0m - \u001b[91merror\u001b[0m\u001b[90m TS18046: \u001b[0m'product._id' is of type 'unknown'.\r\n\r\n\u001b[7m1384\u001b[0m         _id: product._id.toString(),\r\n\u001b[7m    \u001b[0m \u001b[91m             ~~~~~~~~~~~\u001b[0m\r\n\n    at createTSError (C:\\Users\\Mukul raj\\Downloads\\rez-new\\rez-app\\user-backend\\node_modules\\@isaacs\\ts-node-temp-fork-for-pr-2009\\dist\\index.js:280:16)\n    at reportTSError (C:\\Users\\Mukul raj\\Downloads\\rez-new\\rez-app\\user-backend\\node_modules\\@isaacs\\ts-node-temp-fork-for-pr-2009\\dist\\index.js:283:23)\n    at getOutput (C:\\Users\\Mukul raj\\Downloads\\rez-new\\rez-app\\user-backend\\node_modules\\@isaacs\\ts-node-temp-fork-for-pr-2009\\dist\\index.js:436:21)\n    at Object.compile (C:\\Users\\Mukul raj\\Downloads\\rez-new\\rez-app\\user-backend\\node_modules\\@isaacs\\ts-node-temp-fork-for-pr-2009\\dist\\index.js:658:47)\n    at m._compile (C:\\Users\\Mukul raj\\Downloads\\rez-new\\rez-app\\user-backend\\node_modules\\@isaacs\\ts-node-temp-fork-for-pr-2009\\dist\\index.js:789:36)\n    at Module._extensions..js (node:internal/modules/cjs/loader:1416:10)\n    at require.extensions.<computed> [as .ts] (C:\\Users\\Mukul raj\\Downloads\\rez-new\\rez-app\\user-backend\\node_modules\\@isaacs\\ts-node-temp-fork-for-pr-2009\\dist\\index.js:792:16)\n    at Module.load (node:internal/modules/cjs/loader:1208:32)\n    at Module._load (node:internal/modules/cjs/loader:1024:12)\n    at Module.require (node:internal/modules/cjs/loader:1233:19)","exception":true,"date":"Wed Dec 03 2025 15:18:20 GMT+0530 (India Standard Time)","process":{"pid":13540,"uid":null,"gid":null,"cwd":"C:\\Users\\Mukul raj\\Downloads\\rez-new\\rez-app\\user-backend","execPath":"C:\\Program Files\\nodejs\\node.exe","version":"v20.14.0","argv":["C:\\Users\\Mukul raj\\Downloads\\rez-new\\rez-app\\user-backend\\node_modules\\@isaacs\\ts-node-temp-fork-for-pr-2009\\dist\\bin.js","C:\\Users\\Mukul raj\\Downloads\\rez-new\\rez-app\\user-backend\\src\\server.ts","src/server.ts"],"memoryUsage":{"rss":1027235840,"heapTotal":1036959744,"heapUsed":995983256,"external":26523852,"arrayBuffers":23205299}},"os":{"loadavg":[0,0,0],"uptime":27773.656},"trace":[{"column":16,"file":"C:\\Users\\Mukul raj\\Downloads\\rez-new\\rez-app\\user-backend\\node_modules\\@isaacs\\ts-node-temp-fork-for-pr-2009\\dist\\index.js","function":"createTSError","line":280,"method":null,"native":false},{"column":23,"file":"C:\\Users\\Mukul raj\\Downloads\\rez-new\\rez-app\\user-backend\\node_modules\\@isaacs\\ts-node-temp-fork-for-pr-2009\\dist\\index.js","function":"reportTSError","line":283,"method":null,"native":false},{"column":21,"file":"C:\\Users\\Mukul raj\\Downloads\\rez-new\\rez-app\\user-backend\\node_modules\\@isaacs\\ts-node-temp-fork-for-pr-2009\\dist\\index.js","function":"getOutput","line":436,"method":null,"native":false},{"column":47,"file":"C:\\Users\\Mukul raj\\Downloads\\rez-new\\rez-app\\user-backend\\node_modules\\@isaacs\\ts-node-temp-fork-for-pr-2009\\dist\\index.js","function":"Object.compile","line":658,"method":"compile","native":false},{"column":36,"file":"C:\\Users\\Mukul raj\\Downloads\\rez-new\\rez-app\\user-backend\\node_modules\\@isaacs\\ts-node-temp-fork-for-pr-2009\\dist\\index.js","function":"m._compile","line":789,"method":"_compile","native":false},{"column":10,"file":"node:internal/modules/cjs/loader","function":"Module._extensions..js","line":1416,"method":".js","native":false},{"column":16,"file":"C:\\Users\\Mukul raj\\Downloads\\rez-new\\rez-app\\user-backend\\node_modules\\@isaacs\\ts-node-temp-fork-for-pr-2009\\dist\\index.js","function":"require.extensions.<computed> [as .ts]","line":792,"method":"ts]","native":false},{"column":32,"file":"node:internal/modules/cjs/loader","function":"Module.load","line":1208,"method":"load","native":false},{"column":12,"file":"node:internal/modules/cjs/loader","function":"Module._load","line":1024,"method":"_load","native":false},{"column":19,"file":"node:internal/modules/cjs/loader","function":"Module.require","line":1233,"method":"require","native":false}],"environment":"development"}
