2025-11-24 13:47:19 [error] [user-backend]: uncaughtException: тип Unable to compile TypeScript:
[96msrc/merchantroutes/offers.ts[0m:[93m5[0m:[93m10[0m - [91merror[0m[90m TS2724: [0m'"../models/Offer"' has no exported member named 'Offer'. Did you mean 'IOffer'?

[7m5[0m import { Offer } from '../models/Offer';
[7m [0m [91m         ~~~~~[0m
[96msrc/merchantroutes/offers.ts[0m:[93m107[0m:[93m38[0m - [91merror[0m[90m TS18046: [0m's._id' is of type 'unknown'.

[7m107[0m       const store = stores.find(s => s._id.toString() === storeId.toString());
[7m   [0m [91m                                     ~~~~~[0m
[96msrc/merchantroutes/offers.ts[0m:[93m256[0m:[93m9[0m - [91merror[0m[90m TS2353: [0mObject literal may only specify known properties, and 'offerTitle' does not exist in type '{ before?: any; after?: any; changes?: any; metadata?: any; }'.

[7m256[0m         offerTitle: offer.title,
[7m   [0m [91m        ~~~~~~~~~~[0m

  [96msrc/services/AuditService.ts[0m:[93m16[0m:[93m3[0m
    [7m16[0m   details?: {
    [7m  [0m [96m  ~~~~~~~[0m
    The expected type comes from property 'details' which is declared here on type 'AuditLogParams'
[96msrc/merchantroutes/offers.ts[0m:[93m257[0m:[93m18[0m - [91merror[0m[90m TS18046: [0m'store._id' is of type 'unknown'.

[7m257[0m         storeId: store._id.toString(),
[7m   [0m [91m                 ~~~~~~~~~[0m
[96msrc/merchantroutes/offers.ts[0m:[93m435[0m:[93m9[0m - [91merror[0m[90m TS2353: [0mObject literal may only specify known properties, and 'offerTitle' does not exist in type '{ before?: any; after?: any; changes?: any; metadata?: any; }'.

[7m435[0m         offerTitle: offer.title,
[7m   [0m [91m        ~~~~~~~~~~[0m

  [96msrc/services/AuditService.ts[0m:[93m16[0m:[93m3[0m
    [7m16[0m   details?: {
    [7m  [0m [96m  ~~~~~~~[0m
    The expected type comes from property 'details' which is declared here on type 'AuditLogParams'
[96msrc/merchantroutes/offers.ts[0m:[93m436[0m:[93m18[0m - [91merror[0m[90m TS18046: [0m'store._id' is of type 'unknown'.

[7m436[0m         storeId: store._id.toString(),
[7m   [0m [91m                 ~~~~~~~~~[0m
[96msrc/merchantroutes/offers.ts[0m:[93m512[0m:[93m9[0m - [91merror[0m[90m TS2353: [0mObject literal may only specify known properties, and 'offerTitle' does not exist in type '{ before?: any; after?: any; changes?: any; metadata?: any; }'.

[7m512[0m         offerTitle: offer.title,
[7m   [0m [91m        ~~~~~~~~~~[0m

  [96msrc/services/AuditService.ts[0m:[93m16[0m:[93m3[0m
    [7m16[0m   details?: {
    [7m  [0m [96m  ~~~~~~~[0m
    The expected type comes from property 'details' which is declared here on type 'AuditLogParams'
[96msrc/merchantroutes/offers.ts[0m:[93m513[0m:[93m18[0m - [91merror[0m[90m TS18046: [0m'store._id' is of type 'unknown'.

[7m513[0m         storeId: store._id.toString(),
[7m   [0m [91m                 ~~~~~~~~~[0m

TSError: тип Unable to compile TypeScript:
[96msrc/merchantroutes/offers.ts[0m:[93m5[0m:[93m10[0m - [91merror[0m[90m TS2724: [0m'"../models/Offer"' has no exported member named 'Offer'. Did you mean 'IOffer'?

[7m5[0m import { Offer } from '../models/Offer';
[7m [0m [91m         ~~~~~[0m
[96msrc/merchantroutes/offers.ts[0m:[93m107[0m:[93m38[0m - [91merror[0m[90m TS18046: [0m's._id' is of type 'unknown'.

[7m107[0m       const store = stores.find(s => s._id.toString() === storeId.toString());
[7m   [0m [91m                                     ~~~~~[0m
[96msrc/merchantroutes/offers.ts[0m:[93m256[0m:[93m9[0m - [91merror[0m[90m TS2353: [0mObject literal may only specify known properties, and 'offerTitle' does not exist in type '{ before?: any; after?: any; changes?: any; metadata?: any; }'.

[7m256[0m         offerTitle: offer.title,
[7m   [0m [91m        ~~~~~~~~~~[0m

  [96msrc/services/AuditService.ts[0m:[93m16[0m:[93m3[0m
    [7m16[0m   details?: {
    [7m  [0m [96m  ~~~~~~~[0m
    The expected type comes from property 'details' which is declared here on type 'AuditLogParams'
[96msrc/merchantroutes/offers.ts[0m:[93m257[0m:[93m18[0m - [91merror[0m[90m TS18046: [0m'store._id' is of type 'unknown'.

[7m257[0m         storeId: store._id.toString(),
[7m   [0m [91m                 ~~~~~~~~~[0m
[96msrc/merchantroutes/offers.ts[0m:[93m435[0m:[93m9[0m - [91merror[0m[90m TS2353: [0mObject literal may only specify known properties, and 'offerTitle' does not exist in type '{ before?: any; after?: any; changes?: any; metadata?: any; }'.

[7m435[0m         offerTitle: offer.title,
[7m   [0m [91m        ~~~~~~~~~~[0m

  [96msrc/services/AuditService.ts[0m:[93m16[0m:[93m3[0m
    [7m16[0m   details?: {
    [7m  [0m [96m  ~~~~~~~[0m
    The expected type comes from property 'details' which is declared here on type 'AuditLogParams'
[96msrc/merchantroutes/offers.ts[0m:[93m436[0m:[93m18[0m - [91merror[0m[90m TS18046: [0m'store._id' is of type 'unknown'.

[7m436[0m         storeId: store._id.toString(),
[7m   [0m [91m                 ~~~~~~~~~[0m
[96msrc/merchantroutes/offers.ts[0m:[93m512[0m:[93m9[0m - [91merror[0m[90m TS2353: [0mObject literal may only specify known properties, and 'offerTitle' does not exist in type '{ before?: any; after?: any; changes?: any; metadata?: any; }'.

[7m512[0m         offerTitle: offer.title,
[7m   [0m [91m        ~~~~~~~~~~[0m

  [96msrc/services/AuditService.ts[0m:[93m16[0m:[93m3[0m
    [7m16[0m   details?: {
    [7m  [0m [96m  ~~~~~~~[0m
    The expected type comes from property 'details' which is declared here on type 'AuditLogParams'
[96msrc/merchantroutes/offers.ts[0m:[93m513[0m:[93m18[0m - [91merror[0m[90m TS18046: [0m'store._id' is of type 'unknown'.

[7m513[0m         storeId: store._id.toString(),
[7m   [0m [91m                 ~~~~~~~~~[0m

    at createTSError (C:\Users\Mukul raj\Downloads\rez-new\rez-app\user-backend\node_modules\@isaacs\ts-node-temp-fork-for-pr-2009\dist\index.js:280:16)
    at reportTSError (C:\Users\Mukul raj\Downloads\rez-new\rez-app\user-backend\node_modules\@isaacs\ts-node-temp-fork-for-pr-2009\dist\index.js:283:23)
    at getOutput (C:\Users\Mukul raj\Downloads\rez-new\rez-app\user-backend\node_modules\@isaacs\ts-node-temp-fork-for-pr-2009\dist\index.js:436:21)
    at Object.compile (C:\Users\Mukul raj\Downloads\rez-new\rez-app\user-backend\node_modules\@isaacs\ts-node-temp-fork-for-pr-2009\dist\index.js:658:47)
    at m._compile (C:\Users\Mukul raj\Downloads\rez-new\rez-app\user-backend\node_modules\@isaacs\ts-node-temp-fork-for-pr-2009\dist\index.js:789:36)
    at Module._extensions..js (node:internal/modules/cjs/loader:1416:10)
    at require.extensions.<computed> [as .ts] (C:\Users\Mukul raj\Downloads\rez-new\rez-app\user-backend\node_modules\@isaacs\ts-node-temp-fork-for-pr-2009\dist\index.js:792:16)
    at Module.load (node:internal/modules/cjs/loader:1208:32)
    at Module._load (node:internal/modules/cjs/loader:1024:12)
    at Module.require (node:internal/modules/cjs/loader:1233:19) {"error":{"diagnosticCodes":[2724,18046,2353,18046,2353,18046,2353,18046]},"stack":"TSError: тип Unable to compile TypeScript:\n\u001b[96msrc/merchantroutes/offers.ts\u001b[0m:\u001b[93m5\u001b[0m:\u001b[93m10\u001b[0m - \u001b[91merror\u001b[0m\u001b[90m TS2724: \u001b[0m'\"../models/Offer\"' has no exported member named 'Offer'. Did you mean 'IOffer'?\r\n\r\n\u001b[7m5\u001b[0m import { Offer } from '../models/Offer';\r\n\u001b[7m \u001b[0m \u001b[91m         ~~~~~\u001b[0m\r\n\u001b[96msrc/merchantroutes/offers.ts\u001b[0m:\u001b[93m107\u001b[0m:\u001b[93m38\u001b[0m - \u001b[91merror\u001b[0m\u001b[90m TS18046: \u001b[0m's._id' is of type 'unknown'.\r\n\r\n\u001b[7m107\u001b[0m       const store = stores.find(s => s._id.toString() === storeId.toString());\r\n\u001b[7m   \u001b[0m \u001b[91m                                     ~~~~~\u001b[0m\r\n\u001b[96msrc/merchantroutes/offers.ts\u001b[0m:\u001b[93m256\u001b[0m:\u001b[93m9\u001b[0m - \u001b[91merror\u001b[0m\u001b[90m TS2353: \u001b[0mObject literal may only specify known properties, and 'offerTitle' does not exist in type '{ before?: any; after?: any; changes?: any; metadata?: any; }'.\r\n\r\n\u001b[7m256\u001b[0m         offerTitle: offer.title,\r\n\u001b[7m   \u001b[0m \u001b[91m        ~~~~~~~~~~\u001b[0m\r\n\r\n  \u001b[96msrc/services/AuditService.ts\u001b[0m:\u001b[93m16\u001b[0m:\u001b[93m3\u001b[0m\r\n    \u001b[7m16\u001b[0m   details?: {\r\n    \u001b[7m  \u001b[0m \u001b[96m  ~~~~~~~\u001b[0m\r\n    The expected type comes from property 'details' which is declared here on type 'AuditLogParams'\r\n\u001b[96msrc/merchantroutes/offers.ts\u001b[0m:\u001b[93m257\u001b[0m:\u001b[93m18\u001b[0m - \u001b[91merror\u001b[0m\u001b[90m TS18046: \u001b[0m'store._id' is of type 'unknown'.\r\n\r\n\u001b[7m257\u001b[0m         storeId: store._id.toString(),\r\n\u001b[7m   \u001b[0m \u001b[91m                 ~~~~~~~~~\u001b[0m\r\n\u001b[96msrc/merchantroutes/offers.ts\u001b[0m:\u001b[93m435\u001b[0m:\u001b[93m9\u001b[0m - \u001b[91merror\u001b[0m\u001b[90m TS2353: \u001b[0mObject literal may only specify known properties, and 'offerTitle' does not exist in type '{ before?: any; after?: any; changes?: any; metadata?: any; }'.\r\n\r\n\u001b[7m435\u001b[0m         offerTitle: offer.title,\r\n\u001b[7m   \u001b[0m \u001b[91m        ~~~~~~~~~~\u001b[0m\r\n\r\n  \u001b[96msrc/services/AuditService.ts\u001b[0m:\u001b[93m16\u001b[0m:\u001b[93m3\u001b[0m\r\n    \u001b[7m16\u001b[0m   details?: {\r\n    \u001b[7m  \u001b[0m \u001b[96m  ~~~~~~~\u001b[0m\r\n    The expected type comes from property 'details' which is declared here on type 'AuditLogParams'\r\n\u001b[96msrc/merchantroutes/offers.ts\u001b[0m:\u001b[93m436\u001b[0m:\u001b[93m18\u001b[0m - \u001b[91merror\u001b[0m\u001b[90m TS18046: \u001b[0m'store._id' is of type 'unknown'.\r\n\r\n\u001b[7m436\u001b[0m         storeId: store._id.toString(),\r\n\u001b[7m   \u001b[0m \u001b[91m                 ~~~~~~~~~\u001b[0m\r\n\u001b[96msrc/merchantroutes/offers.ts\u001b[0m:\u001b[93m512\u001b[0m:\u001b[93m9\u001b[0m - \u001b[91merror\u001b[0m\u001b[90m TS2353: \u001b[0mObject literal may only specify known properties, and 'offerTitle' does not exist in type '{ before?: any; after?: any; changes?: any; metadata?: any; }'.\r\n\r\n\u001b[7m512\u001b[0m         offerTitle: offer.title,\r\n\u001b[7m   \u001b[0m \u001b[91m        ~~~~~~~~~~\u001b[0m\r\n\r\n  \u001b[96msrc/services/AuditService.ts\u001b[0m:\u001b[93m16\u001b[0m:\u001b[93m3\u001b[0m\r\n    \u001b[7m16\u001b[0m   details?: {\r\n    \u001b[7m  \u001b[0m \u001b[96m  ~~~~~~~\u001b[0m\r\n    The expected type comes from property 'details' which is declared here on type 'AuditLogParams'\r\n\u001b[96msrc/merchantroutes/offers.ts\u001b[0m:\u001b[93m513\u001b[0m:\u001b[93m18\u001b[0m - \u001b[91merror\u001b[0m\u001b[90m TS18046: \u001b[0m'store._id' is of type 'unknown'.\r\n\r\n\u001b[7m513\u001b[0m         storeId: store._id.toString(),\r\n\u001b[7m   \u001b[0m \u001b[91m                 ~~~~~~~~~\u001b[0m\r\n\n    at createTSError (C:\\Users\\Mukul raj\\Downloads\\rez-new\\rez-app\\user-backend\\node_modules\\@isaacs\\ts-node-temp-fork-for-pr-2009\\dist\\index.js:280:16)\n    at reportTSError (C:\\Users\\Mukul raj\\Downloads\\rez-new\\rez-app\\user-backend\\node_modules\\@isaacs\\ts-node-temp-fork-for-pr-2009\\dist\\index.js:283:23)\n    at getOutput (C:\\Users\\Mukul raj\\Downloads\\rez-new\\rez-app\\user-backend\\node_modules\\@isaacs\\ts-node-temp-fork-for-pr-2009\\dist\\index.js:436:21)\n    at Object.compile (C:\\Users\\Mukul raj\\Downloads\\rez-new\\rez-app\\user-backend\\node_modules\\@isaacs\\ts-node-temp-fork-for-pr-2009\\dist\\index.js:658:47)\n    at m._compile (C:\\Users\\Mukul raj\\Downloads\\rez-new\\rez-app\\user-backend\\node_modules\\@isaacs\\ts-node-temp-fork-for-pr-2009\\dist\\index.js:789:36)\n    at Module._extensions..js (node:internal/modules/cjs/loader:1416:10)\n    at require.extensions.<computed> [as .ts] (C:\\Users\\Mukul raj\\Downloads\\rez-new\\rez-app\\user-backend\\node_modules\\@isaacs\\ts-node-temp-fork-for-pr-2009\\dist\\index.js:792:16)\n    at Module.load (node:internal/modules/cjs/loader:1208:32)\n    at Module._load (node:internal/modules/cjs/loader:1024:12)\n    at Module.require (node:internal/modules/cjs/loader:1233:19)","exception":true,"date":"Mon Nov 24 2025 13:47:19 GMT+0530 (India Standard Time)","process":{"pid":24764,"uid":null,"gid":null,"cwd":"C:\\Users\\Mukul raj\\Downloads\\rez-new\\rez-app\\user-backend","execPath":"C:\\Program Files\\nodejs\\node.exe","version":"v20.14.0","argv":["C:\\Users\\Mukul raj\\Downloads\\rez-new\\rez-app\\user-backend\\node_modules\\@isaacs\\ts-node-temp-fork-for-pr-2009\\dist\\bin.js","C:\\Users\\Mukul raj\\Downloads\\rez-new\\rez-app\\user-backend\\src\\server.ts","src/server.ts"],"memoryUsage":{"rss":1566240768,"heapTotal":1498386432,"heapUsed":1448407800,"external":29864074,"arrayBuffers":26547028}},"os":{"loadavg":[0,0,0],"uptime":171973.734},"trace":[{"column":16,"file":"C:\\Users\\Mukul raj\\Downloads\\rez-new\\rez-app\\user-backend\\node_modules\\@isaacs\\ts-node-temp-fork-for-pr-2009\\dist\\index.js","function":"createTSError","line":280,"method":null,"native":false},{"column":23,"file":"C:\\Users\\Mukul raj\\Downloads\\rez-new\\rez-app\\user-backend\\node_modules\\@isaacs\\ts-node-temp-fork-for-pr-2009\\dist\\index.js","function":"reportTSError","line":283,"method":null,"native":false},{"column":21,"file":"C:\\Users\\Mukul raj\\Downloads\\rez-new\\rez-app\\user-backend\\node_modules\\@isaacs\\ts-node-temp-fork-for-pr-2009\\dist\\index.js","function":"getOutput","line":436,"method":null,"native":false},{"column":47,"file":"C:\\Users\\Mukul raj\\Downloads\\rez-new\\rez-app\\user-backend\\node_modules\\@isaacs\\ts-node-temp-fork-for-pr-2009\\dist\\index.js","function":"Object.compile","line":658,"method":"compile","native":false},{"column":36,"file":"C:\\Users\\Mukul raj\\Downloads\\rez-new\\rez-app\\user-backend\\node_modules\\@isaacs\\ts-node-temp-fork-for-pr-2009\\dist\\index.js","function":"m._compile","line":789,"method":"_compile","native":false},{"column":10,"file":"node:internal/modules/cjs/loader","function":"Module._extensions..js","line":1416,"method":".js","native":false},{"column":16,"file":"C:\\Users\\Mukul raj\\Downloads\\rez-new\\rez-app\\user-backend\\node_modules\\@isaacs\\ts-node-temp-fork-for-pr-2009\\dist\\index.js","function":"require.extensions.<computed> [as .ts]","line":792,"method":"ts]","native":false},{"column":32,"file":"node:internal/modules/cjs/loader","function":"Module.load","line":1208,"method":"load","native":false},{"column":12,"file":"node:internal/modules/cjs/loader","function":"Module._load","line":1024,"method":"_load","native":false},{"column":19,"file":"node:internal/modules/cjs/loader","function":"Module.require","line":1233,"method":"require","native":false}],"environment":"development"}
2025-11-24 14:29:25 [error] [user-backend]: uncaughtException: тип Unable to compile TypeScript:
[96msrc/merchantroutes/offers.ts[0m:[93m399[0m:[93m9[0m - [91merror[0m[90m TS2322: [0mType 'unknown' is not assignable to type 'ObjectId'.

[7m399[0m         id: newStore._id,
[7m   [0m [91m        ~~[0m

  [96msrc/models/Offer.ts[0m:[93m23[0m:[93m5[0m
    [7m23[0m     id: Types.ObjectId;
    [7m  [0m [96m    ~~[0m
    The expected type comes from property 'id' which is declared here on type '{ id: ObjectId; name: string; logo?: string | undefined; rating?: number | undefined; verified?: boolean | undefined; }'

TSError: тип Unable to compile TypeScript:
[96msrc/merchantroutes/offers.ts[0m:[93m399[0m:[93m9[0m - [91merror[0m[90m TS2322: [0mType 'unknown' is not assignable to type 'ObjectId'.

[7m399[0m         id: newStore._id,
[7m   [0m [91m        ~~[0m

  [96msrc/models/Offer.ts[0m:[93m23[0m:[93m5[0m
    [7m23[0m     id: Types.ObjectId;
    [7m  [0m [96m    ~~[0m
    The expected type comes from property 'id' which is declared here on type '{ id: ObjectId; name: string; logo?: string | undefined; rating?: number | undefined; verified?: boolean | undefined; }'

    at createTSError (C:\Users\Mukul raj\Downloads\rez-new\rez-app\user-backend\node_modules\@isaacs\ts-node-temp-fork-for-pr-2009\dist\index.js:280:16)
    at reportTSError (C:\Users\Mukul raj\Downloads\rez-new\rez-app\user-backend\node_modules\@isaacs\ts-node-temp-fork-for-pr-2009\dist\index.js:283:23)
    at getOutput (C:\Users\Mukul raj\Downloads\rez-new\rez-app\user-backend\node_modules\@isaacs\ts-node-temp-fork-for-pr-2009\dist\index.js:436:21)
    at Object.compile (C:\Users\Mukul raj\Downloads\rez-new\rez-app\user-backend\node_modules\@isaacs\ts-node-temp-fork-for-pr-2009\dist\index.js:658:47)
    at m._compile (C:\Users\Mukul raj\Downloads\rez-new\rez-app\user-backend\node_modules\@isaacs\ts-node-temp-fork-for-pr-2009\dist\index.js:789:36)
    at Module._extensions..js (node:internal/modules/cjs/loader:1416:10)
    at require.extensions.<computed> [as .ts] (C:\Users\Mukul raj\Downloads\rez-new\rez-app\user-backend\node_modules\@isaacs\ts-node-temp-fork-for-pr-2009\dist\index.js:792:16)
    at Module.load (node:internal/modules/cjs/loader:1208:32)
    at Module._load (node:internal/modules/cjs/loader:1024:12)
    at Module.require (node:internal/modules/cjs/loader:1233:19) {"error":{"diagnosticCodes":[2322]},"stack":"TSError: тип Unable to compile TypeScript:\n\u001b[96msrc/merchantroutes/offers.ts\u001b[0m:\u001b[93m399\u001b[0m:\u001b[93m9\u001b[0m - \u001b[91merror\u001b[0m\u001b[90m TS2322: \u001b[0mType 'unknown' is not assignable to type 'ObjectId'.\r\n\r\n\u001b[7m399\u001b[0m         id: newStore._id,\r\n\u001b[7m   \u001b[0m \u001b[91m        ~~\u001b[0m\r\n\r\n  \u001b[96msrc/models/Offer.ts\u001b[0m:\u001b[93m23\u001b[0m:\u001b[93m5\u001b[0m\r\n    \u001b[7m23\u001b[0m     id: Types.ObjectId;\r\n    \u001b[7m  \u001b[0m \u001b[96m    ~~\u001b[0m\r\n    The expected type comes from property 'id' which is declared here on type '{ id: ObjectId; name: string; logo?: string | undefined; rating?: number | undefined; verified?: boolean | undefined; }'\r\n\n    at createTSError (C:\\Users\\Mukul raj\\Downloads\\rez-new\\rez-app\\user-backend\\node_modules\\@isaacs\\ts-node-temp-fork-for-pr-2009\\dist\\index.js:280:16)\n    at reportTSError (C:\\Users\\Mukul raj\\Downloads\\rez-new\\rez-app\\user-backend\\node_modules\\@isaacs\\ts-node-temp-fork-for-pr-2009\\dist\\index.js:283:23)\n    at getOutput (C:\\Users\\Mukul raj\\Downloads\\rez-new\\rez-app\\user-backend\\node_modules\\@isaacs\\ts-node-temp-fork-for-pr-2009\\dist\\index.js:436:21)\n    at Object.compile (C:\\Users\\Mukul raj\\Downloads\\rez-new\\rez-app\\user-backend\\node_modules\\@isaacs\\ts-node-temp-fork-for-pr-2009\\dist\\index.js:658:47)\n    at m._compile (C:\\Users\\Mukul raj\\Downloads\\rez-new\\rez-app\\user-backend\\node_modules\\@isaacs\\ts-node-temp-fork-for-pr-2009\\dist\\index.js:789:36)\n    at Module._extensions..js (node:internal/modules/cjs/loader:1416:10)\n    at require.extensions.<computed> [as .ts] (C:\\Users\\Mukul raj\\Downloads\\rez-new\\rez-app\\user-backend\\node_modules\\@isaacs\\ts-node-temp-fork-for-pr-2009\\dist\\index.js:792:16)\n    at Module.load (node:internal/modules/cjs/loader:1208:32)\n    at Module._load (node:internal/modules/cjs/loader:1024:12)\n    at Module.require (node:internal/modules/cjs/loader:1233:19)","exception":true,"date":"Mon Nov 24 2025 14:29:25 GMT+0530 (India Standard Time)","process":{"pid":19556,"uid":null,"gid":null,"cwd":"C:\\Users\\Mukul raj\\Downloads\\rez-new\\rez-app\\user-backend","execPath":"C:\\Program Files\\nodejs\\node.exe","version":"v20.14.0","argv":["C:\\Users\\Mukul raj\\Downloads\\rez-new\\rez-app\\user-backend\\node_modules\\@isaacs\\ts-node-temp-fork-for-pr-2009\\dist\\bin.js","C:\\Users\\Mukul raj\\Downloads\\rez-new\\rez-app\\user-backend\\src\\server.ts","src/server.ts"],"memoryUsage":{"rss":1599524864,"heapTotal":1532796928,"heapUsed":1482664816,"external":29945506,"arrayBuffers":26537176}},"os":{"loadavg":[0,0,0],"uptime":174500.046},"trace":[{"column":16,"file":"C:\\Users\\Mukul raj\\Downloads\\rez-new\\rez-app\\user-backend\\node_modules\\@isaacs\\ts-node-temp-fork-for-pr-2009\\dist\\index.js","function":"createTSError","line":280,"method":null,"native":false},{"column":23,"file":"C:\\Users\\Mukul raj\\Downloads\\rez-new\\rez-app\\user-backend\\node_modules\\@isaacs\\ts-node-temp-fork-for-pr-2009\\dist\\index.js","function":"reportTSError","line":283,"method":null,"native":false},{"column":21,"file":"C:\\Users\\Mukul raj\\Downloads\\rez-new\\rez-app\\user-backend\\node_modules\\@isaacs\\ts-node-temp-fork-for-pr-2009\\dist\\index.js","function":"getOutput","line":436,"method":null,"native":false},{"column":47,"file":"C:\\Users\\Mukul raj\\Downloads\\rez-new\\rez-app\\user-backend\\node_modules\\@isaacs\\ts-node-temp-fork-for-pr-2009\\dist\\index.js","function":"Object.compile","line":658,"method":"compile","native":false},{"column":36,"file":"C:\\Users\\Mukul raj\\Downloads\\rez-new\\rez-app\\user-backend\\node_modules\\@isaacs\\ts-node-temp-fork-for-pr-2009\\dist\\index.js","function":"m._compile","line":789,"method":"_compile","native":false},{"column":10,"file":"node:internal/modules/cjs/loader","function":"Module._extensions..js","line":1416,"method":".js","native":false},{"column":16,"file":"C:\\Users\\Mukul raj\\Downloads\\rez-new\\rez-app\\user-backend\\node_modules\\@isaacs\\ts-node-temp-fork-for-pr-2009\\dist\\index.js","function":"require.extensions.<computed> [as .ts]","line":792,"method":"ts]","native":false},{"column":32,"file":"node:internal/modules/cjs/loader","function":"Module.load","line":1208,"method":"load","native":false},{"column":12,"file":"node:internal/modules/cjs/loader","function":"Module._load","line":1024,"method":"_load","native":false},{"column":19,"file":"node:internal/modules/cjs/loader","function":"Module.require","line":1233,"method":"require","native":false}],"environment":"development"}
2025-11-24 15:00:18 [error] [user-backend]: uncaughtException: тип Unable to compile TypeScript:
[96msrc/controllers/offerController.ts[0m:[93m230[0m:[93m45[0m - [91merror[0m[90m TS2367: [0mThis comparison appears to be unintentional because the types 'string | ParsedQs | (string | ParsedQs)[]' and 'boolean' have no overlap.

[7m230[0m       const isActive = active === 'true' || active === true;
[7m   [0m [91m                                            ~~~~~~~~~~~~~~~[0m

TSError: тип Unable to compile TypeScript:
[96msrc/controllers/offerController.ts[0m:[93m230[0m:[93m45[0m - [91merror[0m[90m TS2367: [0mThis comparison appears to be unintentional because the types 'string | ParsedQs | (string | ParsedQs)[]' and 'boolean' have no overlap.

[7m230[0m       const isActive = active === 'true' || active === true;
[7m   [0m [91m                                            ~~~~~~~~~~~~~~~[0m

    at createTSError (C:\Users\Mukul raj\Downloads\rez-new\rez-app\user-backend\node_modules\@isaacs\ts-node-temp-fork-for-pr-2009\dist\index.js:280:16)
    at reportTSError (C:\Users\Mukul raj\Downloads\rez-new\rez-app\user-backend\node_modules\@isaacs\ts-node-temp-fork-for-pr-2009\dist\index.js:283:23)
    at getOutput (C:\Users\Mukul raj\Downloads\rez-new\rez-app\user-backend\node_modules\@isaacs\ts-node-temp-fork-for-pr-2009\dist\index.js:436:21)
    at Object.compile (C:\Users\Mukul raj\Downloads\rez-new\rez-app\user-backend\node_modules\@isaacs\ts-node-temp-fork-for-pr-2009\dist\index.js:658:47)
    at m._compile (C:\Users\Mukul raj\Downloads\rez-new\rez-app\user-backend\node_modules\@isaacs\ts-node-temp-fork-for-pr-2009\dist\index.js:789:36)
    at Module._extensions..js (node:internal/modules/cjs/loader:1416:10)
    at require.extensions.<computed> [as .ts] (C:\Users\Mukul raj\Downloads\rez-new\rez-app\user-backend\node_modules\@isaacs\ts-node-temp-fork-for-pr-2009\dist\index.js:792:16)
    at Module.load (node:internal/modules/cjs/loader:1208:32)
    at Module._load (node:internal/modules/cjs/loader:1024:12)
    at Module.require (node:internal/modules/cjs/loader:1233:19) {"error":{"diagnosticCodes":[2367]},"stack":"TSError: тип Unable to compile TypeScript:\n\u001b[96msrc/controllers/offerController.ts\u001b[0m:\u001b[93m230\u001b[0m:\u001b[93m45\u001b[0m - \u001b[91merror\u001b[0m\u001b[90m TS2367: \u001b[0mThis comparison appears to be unintentional because the types 'string | ParsedQs | (string | ParsedQs)[]' and 'boolean' have no overlap.\r\n\r\n\u001b[7m230\u001b[0m       const isActive = active === 'true' || active === true;\r\n\u001b[7m   \u001b[0m \u001b[91m                                            ~~~~~~~~~~~~~~~\u001b[0m\r\n\n    at createTSError (C:\\Users\\Mukul raj\\Downloads\\rez-new\\rez-app\\user-backend\\node_modules\\@isaacs\\ts-node-temp-fork-for-pr-2009\\dist\\index.js:280:16)\n    at reportTSError (C:\\Users\\Mukul raj\\Downloads\\rez-new\\rez-app\\user-backend\\node_modules\\@isaacs\\ts-node-temp-fork-for-pr-2009\\dist\\index.js:283:23)\n    at getOutput (C:\\Users\\Mukul raj\\Downloads\\rez-new\\rez-app\\user-backend\\node_modules\\@isaacs\\ts-node-temp-fork-for-pr-2009\\dist\\index.js:436:21)\n    at Object.compile (C:\\Users\\Mukul raj\\Downloads\\rez-new\\rez-app\\user-backend\\node_modules\\@isaacs\\ts-node-temp-fork-for-pr-2009\\dist\\index.js:658:47)\n    at m._compile (C:\\Users\\Mukul raj\\Downloads\\rez-new\\rez-app\\user-backend\\node_modules\\@isaacs\\ts-node-temp-fork-for-pr-2009\\dist\\index.js:789:36)\n    at Module._extensions..js (node:internal/modules/cjs/loader:1416:10)\n    at require.extensions.<computed> [as .ts] (C:\\Users\\Mukul raj\\Downloads\\rez-new\\rez-app\\user-backend\\node_modules\\@isaacs\\ts-node-temp-fork-for-pr-2009\\dist\\index.js:792:16)\n    at Module.load (node:internal/modules/cjs/loader:1208:32)\n    at Module._load (node:internal/modules/cjs/loader:1024:12)\n    at Module.require (node:internal/modules/cjs/loader:1233:19)","exception":true,"date":"Mon Nov 24 2025 15:00:18 GMT+0530 (India Standard Time)","process":{"pid":41284,"uid":null,"gid":null,"cwd":"C:\\Users\\Mukul raj\\Downloads\\rez-new\\rez-app\\user-backend","execPath":"C:\\Program Files\\nodejs\\node.exe","version":"v20.14.0","argv":["C:\\Users\\Mukul raj\\Downloads\\rez-new\\rez-app\\user-backend\\node_modules\\@isaacs\\ts-node-temp-fork-for-pr-2009\\dist\\bin.js","C:\\Users\\Mukul raj\\Downloads\\rez-new\\rez-app\\user-backend\\src\\server.ts","src/server.ts"],"memoryUsage":{"rss":1405014016,"heapTotal":1340309504,"heapUsed":1250495520,"external":26369517,"arrayBuffers":23052471}},"os":{"loadavg":[0,0,0],"uptime":176353.156},"trace":[{"column":16,"file":"C:\\Users\\Mukul raj\\Downloads\\rez-new\\rez-app\\user-backend\\node_modules\\@isaacs\\ts-node-temp-fork-for-pr-2009\\dist\\index.js","function":"createTSError","line":280,"method":null,"native":false},{"column":23,"file":"C:\\Users\\Mukul raj\\Downloads\\rez-new\\rez-app\\user-backend\\node_modules\\@isaacs\\ts-node-temp-fork-for-pr-2009\\dist\\index.js","function":"reportTSError","line":283,"method":null,"native":false},{"column":21,"file":"C:\\Users\\Mukul raj\\Downloads\\rez-new\\rez-app\\user-backend\\node_modules\\@isaacs\\ts-node-temp-fork-for-pr-2009\\dist\\index.js","function":"getOutput","line":436,"method":null,"native":false},{"column":47,"file":"C:\\Users\\Mukul raj\\Downloads\\rez-new\\rez-app\\user-backend\\node_modules\\@isaacs\\ts-node-temp-fork-for-pr-2009\\dist\\index.js","function":"Object.compile","line":658,"method":"compile","native":false},{"column":36,"file":"C:\\Users\\Mukul raj\\Downloads\\rez-new\\rez-app\\user-backend\\node_modules\\@isaacs\\ts-node-temp-fork-for-pr-2009\\dist\\index.js","function":"m._compile","line":789,"method":"_compile","native":false},{"column":10,"file":"node:internal/modules/cjs/loader","function":"Module._extensions..js","line":1416,"method":".js","native":false},{"column":16,"file":"C:\\Users\\Mukul raj\\Downloads\\rez-new\\rez-app\\user-backend\\node_modules\\@isaacs\\ts-node-temp-fork-for-pr-2009\\dist\\index.js","function":"require.extensions.<computed> [as .ts]","line":792,"method":"ts]","native":false},{"column":32,"file":"node:internal/modules/cjs/loader","function":"Module.load","line":1208,"method":"load","native":false},{"column":12,"file":"node:internal/modules/cjs/loader","function":"Module._load","line":1024,"method":"_load","native":false},{"column":19,"file":"node:internal/modules/cjs/loader","function":"Module.require","line":1233,"method":"require","native":false}],"environment":"development"}
2025-11-24 15:03:25 [error] [user-backend]: uncaughtException: тип Unable to compile TypeScript:
[96msrc/controllers/offerController.ts[0m:[93m230[0m:[93m45[0m - [91merror[0m[90m TS2367: [0mThis comparison appears to be unintentional because the types 'string | ParsedQs | (string | ParsedQs)[]' and 'boolean' have no overlap.

[7m230[0m       const isActive = active === 'true' || active === true;
[7m   [0m [91m                                            ~~~~~~~~~~~~~~~[0m

TSError: тип Unable to compile TypeScript:
[96msrc/controllers/offerController.ts[0m:[93m230[0m:[93m45[0m - [91merror[0m[90m TS2367: [0mThis comparison appears to be unintentional because the types 'string | ParsedQs | (string | ParsedQs)[]' and 'boolean' have no overlap.

[7m230[0m       const isActive = active === 'true' || active === true;
[7m   [0m [91m                                            ~~~~~~~~~~~~~~~[0m

    at createTSError (C:\Users\Mukul raj\Downloads\rez-new\rez-app\user-backend\node_modules\@isaacs\ts-node-temp-fork-for-pr-2009\dist\index.js:280:16)
    at reportTSError (C:\Users\Mukul raj\Downloads\rez-new\rez-app\user-backend\node_modules\@isaacs\ts-node-temp-fork-for-pr-2009\dist\index.js:283:23)
    at getOutput (C:\Users\Mukul raj\Downloads\rez-new\rez-app\user-backend\node_modules\@isaacs\ts-node-temp-fork-for-pr-2009\dist\index.js:436:21)
    at Object.compile (C:\Users\Mukul raj\Downloads\rez-new\rez-app\user-backend\node_modules\@isaacs\ts-node-temp-fork-for-pr-2009\dist\index.js:658:47)
    at m._compile (C:\Users\Mukul raj\Downloads\rez-new\rez-app\user-backend\node_modules\@isaacs\ts-node-temp-fork-for-pr-2009\dist\index.js:789:36)
    at Module._extensions..js (node:internal/modules/cjs/loader:1416:10)
    at require.extensions.<computed> [as .ts] (C:\Users\Mukul raj\Downloads\rez-new\rez-app\user-backend\node_modules\@isaacs\ts-node-temp-fork-for-pr-2009\dist\index.js:792:16)
    at Module.load (node:internal/modules/cjs/loader:1208:32)
    at Module._load (node:internal/modules/cjs/loader:1024:12)
    at Module.require (node:internal/modules/cjs/loader:1233:19) {"error":{"diagnosticCodes":[2367]},"stack":"TSError: тип Unable to compile TypeScript:\n\u001b[96msrc/controllers/offerController.ts\u001b[0m:\u001b[93m230\u001b[0m:\u001b[93m45\u001b[0m - \u001b[91merror\u001b[0m\u001b[90m TS2367: \u001b[0mThis comparison appears to be unintentional because the types 'string | ParsedQs | (string | ParsedQs)[]' and 'boolean' have no overlap.\r\n\r\n\u001b[7m230\u001b[0m       const isActive = active === 'true' || active === true;\r\n\u001b[7m   \u001b[0m \u001b[91m                                            ~~~~~~~~~~~~~~~\u001b[0m\r\n\n    at createTSError (C:\\Users\\Mukul raj\\Downloads\\rez-new\\rez-app\\user-backend\\node_modules\\@isaacs\\ts-node-temp-fork-for-pr-2009\\dist\\index.js:280:16)\n    at reportTSError (C:\\Users\\Mukul raj\\Downloads\\rez-new\\rez-app\\user-backend\\node_modules\\@isaacs\\ts-node-temp-fork-for-pr-2009\\dist\\index.js:283:23)\n    at getOutput (C:\\Users\\Mukul raj\\Downloads\\rez-new\\rez-app\\user-backend\\node_modules\\@isaacs\\ts-node-temp-fork-for-pr-2009\\dist\\index.js:436:21)\n    at Object.compile (C:\\Users\\Mukul raj\\Downloads\\rez-new\\rez-app\\user-backend\\node_modules\\@isaacs\\ts-node-temp-fork-for-pr-2009\\dist\\index.js:658:47)\n    at m._compile (C:\\Users\\Mukul raj\\Downloads\\rez-new\\rez-app\\user-backend\\node_modules\\@isaacs\\ts-node-temp-fork-for-pr-2009\\dist\\index.js:789:36)\n    at Module._extensions..js (node:internal/modules/cjs/loader:1416:10)\n    at require.extensions.<computed> [as .ts] (C:\\Users\\Mukul raj\\Downloads\\rez-new\\rez-app\\user-backend\\node_modules\\@isaacs\\ts-node-temp-fork-for-pr-2009\\dist\\index.js:792:16)\n    at Module.load (node:internal/modules/cjs/loader:1208:32)\n    at Module._load (node:internal/modules/cjs/loader:1024:12)\n    at Module.require (node:internal/modules/cjs/loader:1233:19)","exception":true,"date":"Mon Nov 24 2025 15:03:25 GMT+0530 (India Standard Time)","process":{"pid":23060,"uid":null,"gid":null,"cwd":"C:\\Users\\Mukul raj\\Downloads\\rez-new\\rez-app\\user-backend","execPath":"C:\\Program Files\\nodejs\\node.exe","version":"v20.14.0","argv":["C:\\Users\\Mukul raj\\Downloads\\rez-new\\rez-app\\user-backend\\node_modules\\@isaacs\\ts-node-temp-fork-for-pr-2009\\dist\\bin.js","C:\\Users\\Mukul raj\\Downloads\\rez-new\\rez-app\\user-backend\\src\\server.ts","src/server.ts"],"memoryUsage":{"rss":1390866432,"heapTotal":1355096064,"heapUsed":1271401160,"external":26536783,"arrayBuffers":23219737}},"os":{"loadavg":[0,0,0],"uptime":176539.453},"trace":[{"column":16,"file":"C:\\Users\\Mukul raj\\Downloads\\rez-new\\rez-app\\user-backend\\node_modules\\@isaacs\\ts-node-temp-fork-for-pr-2009\\dist\\index.js","function":"createTSError","line":280,"method":null,"native":false},{"column":23,"file":"C:\\Users\\Mukul raj\\Downloads\\rez-new\\rez-app\\user-backend\\node_modules\\@isaacs\\ts-node-temp-fork-for-pr-2009\\dist\\index.js","function":"reportTSError","line":283,"method":null,"native":false},{"column":21,"file":"C:\\Users\\Mukul raj\\Downloads\\rez-new\\rez-app\\user-backend\\node_modules\\@isaacs\\ts-node-temp-fork-for-pr-2009\\dist\\index.js","function":"getOutput","line":436,"method":null,"native":false},{"column":47,"file":"C:\\Users\\Mukul raj\\Downloads\\rez-new\\rez-app\\user-backend\\node_modules\\@isaacs\\ts-node-temp-fork-for-pr-2009\\dist\\index.js","function":"Object.compile","line":658,"method":"compile","native":false},{"column":36,"file":"C:\\Users\\Mukul raj\\Downloads\\rez-new\\rez-app\\user-backend\\node_modules\\@isaacs\\ts-node-temp-fork-for-pr-2009\\dist\\index.js","function":"m._compile","line":789,"method":"_compile","native":false},{"column":10,"file":"node:internal/modules/cjs/loader","function":"Module._extensions..js","line":1416,"method":".js","native":false},{"column":16,"file":"C:\\Users\\Mukul raj\\Downloads\\rez-new\\rez-app\\user-backend\\node_modules\\@isaacs\\ts-node-temp-fork-for-pr-2009\\dist\\index.js","function":"require.extensions.<computed> [as .ts]","line":792,"method":"ts]","native":false},{"column":32,"file":"node:internal/modules/cjs/loader","function":"Module.load","line":1208,"method":"load","native":false},{"column":12,"file":"node:internal/modules/cjs/loader","function":"Module._load","line":1024,"method":"_load","native":false},{"column":19,"file":"node:internal/modules/cjs/loader","function":"Module.require","line":1233,"method":"require","native":false}],"environment":"development"}
