TN:
SF:src\controllers\achievementController.ts
FN:9,(anonymous_9)
FN:21,(anonymous_10)
FN:35,(anonymous_11)
FN:43,(anonymous_12)
FN:44,(anonymous_13)
FN:58,(anonymous_14)
FN:73,(anonymous_15)
FN:73,(anonymous_16)
FN:91,(anonymous_17)
FN:123,(anonymous_18)
FN:131,(anonymous_19)
FN:132,(anonymous_20)
FN:133,(anonymous_21)
FN:134,(anonymous_22)
FN:135,(anonymous_23)
FN:198,(anonymous_24)
FN:199,(anonymous_25)
FNF:17
FNH:0
FNDA:0,(anonymous_9)
FNDA:0,(anonymous_10)
FNDA:0,(anonymous_11)
FNDA:0,(anonymous_12)
FNDA:0,(anonymous_13)
FNDA:0,(anonymous_14)
FNDA:0,(anonymous_15)
FNDA:0,(anonymous_16)
FNDA:0,(anonymous_17)
FNDA:0,(anonymous_18)
FNDA:0,(anonymous_19)
FNDA:0,(anonymous_20)
FNDA:0,(anonymous_21)
FNDA:0,(anonymous_22)
FNDA:0,(anonymous_23)
FNDA:0,(anonymous_24)
FNDA:0,(anonymous_25)
DA:2,3
DA:3,3
DA:4,3
DA:5,3
DA:9,3
DA:10,0
DA:11,0
DA:14,0
DA:17,0
DA:21,3
DA:22,0
DA:23,0
DA:26,0
DA:31,0
DA:35,3
DA:36,0
DA:37,0
DA:40,0
DA:42,0
DA:43,0
DA:44,0
DA:46,0
DA:54,0
DA:58,3
DA:59,0
DA:60,0
DA:63,0
DA:66,0
DA:68,0
DA:69,0
DA:73,0
DA:85,0
DA:87,0
DA:91,3
DA:92,0
DA:93,0
DA:96,0
DA:98,0
DA:103,0
DA:104,0
DA:108,0
DA:109,0
DA:112,0
DA:113,0
DA:114,0
DA:117,0
DA:119,0
DA:123,3
DA:124,0
DA:125,0
DA:128,0
DA:131,0
DA:132,0
DA:133,0
DA:134,0
DA:135,0
DA:138,0
DA:176,0
DA:195,0
DA:198,0
DA:199,0
DA:200,0
DA:202,0
DA:203,0
DA:204,0
DA:207,0
DA:208,0
DA:209,0
DA:212,0
DA:215,0
DA:217,0
DA:220,0
LF:72
LH:10
BRDA:10,0,0,0
BRDA:10,0,1,0
BRDA:22,1,0,0
BRDA:22,1,1,0
BRDA:36,2,0,0
BRDA:36,2,1,0
BRDA:44,3,0,0
BRDA:44,3,1,0
BRDA:51,4,0,0
BRDA:51,4,1,0
BRDA:59,5,0,0
BRDA:59,5,1,0
BRDA:68,6,0,0
BRDA:68,6,1,0
BRDA:92,7,0,0
BRDA:92,7,1,0
BRDA:103,8,0,0
BRDA:103,8,1,0
BRDA:112,9,0,0
BRDA:112,9,1,0
BRDA:112,10,0,0
BRDA:112,10,1,0
BRDA:124,11,0,0
BRDA:124,11,1,0
BRDA:177,12,0,0
BRDA:177,12,1,0
BRDA:178,13,0,0
BRDA:178,13,1,0
BRDA:179,14,0,0
BRDA:179,14,1,0
BRDA:180,15,0,0
BRDA:180,15,1,0
BRDA:181,16,0,0
BRDA:181,16,1,0
BRDA:182,17,0,0
BRDA:182,17,1,0
BRDA:183,18,0,0
BRDA:183,18,1,0
BRDA:184,19,0,0
BRDA:184,19,1,0
BRDA:186,20,0,0
BRDA:186,20,1,0
BRDA:187,21,0,0
BRDA:187,21,1,0
BRDA:188,22,0,0
BRDA:188,22,1,0
BRDA:189,23,0,0
BRDA:189,23,1,0
BRDA:190,24,0,0
BRDA:190,24,1,0
BRDA:200,25,0,0
BRDA:200,25,1,0
BRDA:202,26,0,0
BRDA:202,26,1,0
BRDA:207,27,0,0
BRDA:207,27,1,0
BRDA:207,28,0,0
BRDA:207,28,1,0
BRF:58
BRH:0
end_of_record
TN:
SF:src\controllers\activityController.ts
FN:9,(anonymous_0)
FN:46,(anonymous_1)
FN:63,(anonymous_2)
FN:91,(anonymous_3)
FN:108,(anonymous_4)
FN:119,(anonymous_5)
FN:144,(anonymous_6)
FN:150,(anonymous_7)
FN:162,(anonymous_8)
FNF:9
FNH:0
FNDA:0,(anonymous_0)
FNDA:0,(anonymous_1)
FNDA:0,(anonymous_2)
FNDA:0,(anonymous_3)
FNDA:0,(anonymous_4)
FNDA:0,(anonymous_5)
FNDA:0,(anonymous_6)
FNDA:0,(anonymous_7)
FNDA:0,(anonymous_8)
DA:2,3
DA:3,3
DA:4,3
DA:5,3
DA:9,3
DA:10,0
DA:11,0
DA:14,0
DA:15,0
DA:16,0
DA:18,0
DA:20,0
DA:21,0
DA:22,0
DA:25,0
DA:35,0
DA:42,0
DA:46,3
DA:47,0
DA:48,0
DA:51,0
DA:53,0
DA:55,0
DA:56,0
DA:59,0
DA:63,3
DA:64,0
DA:65,0
DA:68,0
DA:71,0
DA:73,0
DA:85,0
DA:87,0
DA:91,3
DA:92,0
DA:93,0
DA:96,0
DA:98,0
DA:100,0
DA:101,0
DA:104,0
DA:108,3
DA:109,0
DA:110,0
DA:113,0
DA:115,0
DA:119,3
DA:120,0
DA:121,0
DA:124,0
DA:144,0
DA:146,0
DA:150,3
DA:151,0
DA:152,0
DA:155,0
DA:157,0
DA:158,0
DA:162,0
DA:163,0
DA:164,0
DA:172,0
DA:174,0
LF:63
LH:11
BRDA:10,0,0,0
BRDA:10,0,1,0
BRDA:14,1,0,0
BRDA:14,1,1,0
BRDA:15,2,0,0
BRDA:15,2,1,0
BRDA:21,3,0,0
BRDA:21,3,1,0
BRDA:47,4,0,0
BRDA:47,4,1,0
BRDA:55,5,0,0
BRDA:55,5,1,0
BRDA:64,6,0,0
BRDA:64,6,1,0
BRDA:79,7,0,0
BRDA:79,7,1,0
BRDA:80,8,0,0
BRDA:80,8,1,0
BRDA:92,9,0,0
BRDA:92,9,1,0
BRDA:100,10,0,0
BRDA:100,10,1,0
BRDA:109,11,0,0
BRDA:109,11,1,0
BRDA:120,12,0,0
BRDA:120,12,1,0
BRDA:151,13,0,0
BRDA:151,13,1,0
BRDA:157,14,0,0
BRDA:157,14,1,0
BRDA:157,15,0,0
BRDA:157,15,1,0
BRDA:167,16,0,0
BRDA:167,16,1,0
BRDA:168,17,0,0
BRDA:168,17,1,0
BRF:36
BRH:0
end_of_record
TN:
SF:src\controllers\activityFeedController.ts
FN:8,getFeed
FN:38,getUserActivities
FN:68,createActivity
FN:97,(anonymous_12)
FN:132,likeActivity
FN:156,getComments
FN:186,commentOnActivity
FN:218,followUser
FN:249,checkFollowStatus
FN:273,getFollowers
FN:303,getFollowing
FN:333,getFollowCounts
FN:356,getSuggestedUsers
FN:380,shareActivity
FN:404,getActivityStats
FNF:15
FNH:0
FNDA:0,getFeed
FNDA:0,getUserActivities
FNDA:0,createActivity
FNDA:0,(anonymous_12)
FNDA:0,likeActivity
FNDA:0,getComments
FNDA:0,commentOnActivity
FNDA:0,followUser
FNDA:0,checkFollowStatus
FNDA:0,getFollowers
FNDA:0,getFollowing
FNDA:0,getFollowCounts
FNDA:0,getSuggestedUsers
FNDA:0,shareActivity
FNDA:0,getActivityStats
DA:2,3
DA:8,3
DA:9,0
DA:10,0
DA:11,0
DA:12,0
DA:14,0
DA:16,0
DA:26,0
DA:27,0
DA:38,3
DA:39,0
DA:40,0
DA:41,0
DA:42,0
DA:44,0
DA:46,0
DA:56,0
DA:57,0
DA:68,3
DA:69,0
DA:70,0
DA:71,0
DA:73,0
DA:74,0
DA:80,0
DA:91,0
DA:92,0
DA:93,0
DA:94,0
DA:96,0
DA:97,0
DA:98,0
DA:99,0
DA:101,0
DA:102,0
DA:103,0
DA:106,0
DA:107,0
DA:111,0
DA:115,0
DA:120,0
DA:121,0
DA:132,3
DA:133,0
DA:134,0
DA:135,0
DA:137,0
DA:139,0
DA:144,0
DA:145,0
DA:156,3
DA:157,0
DA:158,0
DA:159,0
DA:160,0
DA:162,0
DA:164,0
DA:174,0
DA:175,0
DA:186,3
DA:187,0
DA:188,0
DA:189,0
DA:190,0
DA:192,0
DA:193,0
DA:199,0
DA:201,0
DA:206,0
DA:207,0
DA:218,3
DA:219,0
DA:220,0
DA:221,0
DA:223,0
DA:224,0
DA:230,0
DA:232,0
DA:237,0
DA:238,0
DA:249,3
DA:250,0
DA:251,0
DA:252,0
DA:254,0
DA:256,0
DA:261,0
DA:262,0
DA:273,3
DA:274,0
DA:275,0
DA:276,0
DA:277,0
DA:279,0
DA:281,0
DA:291,0
DA:292,0
DA:303,3
DA:304,0
DA:305,0
DA:306,0
DA:307,0
DA:309,0
DA:311,0
DA:321,0
DA:322,0
DA:333,3
DA:334,0
DA:335,0
DA:337,0
DA:339,0
DA:344,0
DA:345,0
DA:356,3
DA:357,0
DA:358,0
DA:359,0
DA:361,0
DA:363,0
DA:368,0
DA:369,0
DA:380,3
DA:381,0
DA:382,0
DA:383,0
DA:385,0
DA:387,0
DA:392,0
DA:393,0
DA:404,3
DA:405,0
DA:406,0
DA:408,0
DA:410,0
DA:415,0
DA:416,0
LF:137
LH:15
BRDA:11,0,0,0
BRDA:11,0,1,0
BRDA:12,1,0,0
BRDA:12,1,1,0
BRDA:29,2,0,0
BRDA:29,2,1,0
BRDA:41,3,0,0
BRDA:41,3,1,0
BRDA:42,4,0,0
BRDA:42,4,1,0
BRDA:59,5,0,0
BRDA:59,5,1,0
BRDA:73,6,0,0
BRDA:73,6,1,0
BRDA:73,7,0,0
BRDA:73,7,1,0
BRDA:91,8,0,0
BRDA:91,8,1,0
BRDA:91,9,0,0
BRDA:91,9,1,0
BRDA:96,10,0,0
BRDA:96,10,1,0
BRDA:98,11,0,0
BRDA:98,11,1,0
BRDA:98,12,0,0
BRDA:98,12,1,0
BRDA:101,13,0,0
BRDA:101,13,1,0
BRDA:123,14,0,0
BRDA:123,14,1,0
BRDA:147,15,0,0
BRDA:147,15,1,0
BRDA:159,16,0,0
BRDA:159,16,1,0
BRDA:160,17,0,0
BRDA:160,17,1,0
BRDA:177,18,0,0
BRDA:177,18,1,0
BRDA:192,19,0,0
BRDA:192,19,1,0
BRDA:192,20,0,0
BRDA:192,20,1,0
BRDA:209,21,0,0
BRDA:209,21,1,0
BRDA:223,22,0,0
BRDA:223,22,1,0
BRDA:240,23,0,0
BRDA:240,23,1,0
BRDA:264,24,0,0
BRDA:264,24,1,0
BRDA:276,25,0,0
BRDA:276,25,1,0
BRDA:277,26,0,0
BRDA:277,26,1,0
BRDA:294,27,0,0
BRDA:294,27,1,0
BRDA:306,28,0,0
BRDA:306,28,1,0
BRDA:307,29,0,0
BRDA:307,29,1,0
BRDA:324,30,0,0
BRDA:324,30,1,0
BRDA:347,31,0,0
BRDA:347,31,1,0
BRDA:359,32,0,0
BRDA:359,32,1,0
BRDA:371,33,0,0
BRDA:371,33,1,0
BRDA:395,34,0,0
BRDA:395,34,1,0
BRDA:418,35,0,0
BRDA:418,35,1,0
BRF:72
BRH:0
end_of_record
TN:
SF:src\controllers\addressController.ts
FN:8,(anonymous_0)
FN:19,(anonymous_1)
FN:36,(anonymous_2)
FN:52,(anonymous_3)
FN:74,(anonymous_4)
FN:91,(anonymous_5)
FNF:6
FNH:0
FNDA:0,(anonymous_0)
FNDA:0,(anonymous_1)
FNDA:0,(anonymous_2)
FNDA:0,(anonymous_3)
FNDA:0,(anonymous_4)
FNDA:0,(anonymous_5)
DA:2,3
DA:3,3
DA:4,3
DA:5,3
DA:8,3
DA:9,0
DA:10,0
DA:13,0
DA:15,0
DA:19,3
DA:20,0
DA:21,0
DA:24,0
DA:26,0
DA:28,0
DA:29,0
DA:32,0
DA:36,3
DA:37,0
DA:38,0
DA:41,0
DA:46,0
DA:48,0
DA:52,3
DA:53,0
DA:54,0
DA:57,0
DA:60,0
DA:62,0
DA:63,0
DA:67,0
DA:68,0
DA:70,0
DA:74,3
DA:75,0
DA:76,0
DA:79,0
DA:81,0
DA:83,0
DA:84,0
DA:87,0
DA:91,3
DA:92,0
DA:93,0
DA:96,0
DA:99,0
DA:101,0
DA:102,0
DA:106,0
DA:112,0
DA:113,0
DA:115,0
LF:52
LH:10
BRDA:9,0,0,0
BRDA:9,0,1,0
BRDA:20,1,0,0
BRDA:20,1,1,0
BRDA:28,2,0,0
BRDA:28,2,1,0
BRDA:37,3,0,0
BRDA:37,3,1,0
BRDA:53,4,0,0
BRDA:53,4,1,0
BRDA:62,5,0,0
BRDA:62,5,1,0
BRDA:75,6,0,0
BRDA:75,6,1,0
BRDA:83,7,0,0
BRDA:83,7,1,0
BRDA:92,8,0,0
BRDA:92,8,1,0
BRDA:101,9,0,0
BRDA:101,9,1,0
BRF:20
BRH:0
end_of_record
TN:
SF:src\controllers\analyticsController.ts
FN:14,(anonymous_0)
FN:59,(anonymous_1)
FN:105,(anonymous_2)
FN:140,(anonymous_3)
FN:182,(anonymous_4)
FN:245,(anonymous_5)
FN:297,(anonymous_6)
FNF:7
FNH:0
FNDA:0,(anonymous_0)
FNDA:0,(anonymous_1)
FNDA:0,(anonymous_2)
FNDA:0,(anonymous_3)
FNDA:0,(anonymous_4)
FNDA:0,(anonymous_5)
FNDA:0,(anonymous_6)
DA:2,3
DA:3,3
DA:4,3
DA:10,3
DA:11,3
DA:14,3
DA:15,0
DA:16,0
DA:17,0
DA:18,0
DA:20,0
DA:21,0
DA:24,0
DA:26,0
DA:27,0
DA:28,0
DA:32,0
DA:45,0
DA:50,0
DA:51,0
DA:52,0
DA:54,0
DA:59,3
DA:60,0
DA:66,0
DA:68,0
DA:70,0
DA:71,0
DA:72,0
DA:75,0
DA:76,0
DA:78,0
DA:85,0
DA:96,0
DA:97,0
DA:98,0
DA:100,0
DA:105,3
DA:111,0
DA:113,0
DA:114,0
DA:115,0
DA:117,0
DA:124,0
DA:134,0
DA:135,0
DA:140,3
DA:141,0
DA:146,0
DA:148,0
DA:149,0
DA:152,0
DA:153,0
DA:154,0
DA:156,0
DA:162,0
DA:173,0
DA:174,0
DA:175,0
DA:177,0
DA:182,3
DA:186,0
DA:188,0
DA:189,0
DA:190,0
DA:198,0
DA:223,0
DA:239,0
DA:240,0
DA:245,3
DA:250,0
DA:252,0
DA:253,0
DA:254,0
DA:256,0
DA:282,0
DA:291,0
DA:292,0
DA:297,3
DA:301,0
DA:303,0
DA:304,0
DA:305,0
DA:307,0
DA:333,0
DA:342,0
DA:343,0
LF:87
LH:12
BRDA:18,0,0,0
BRDA:18,0,1,0
BRDA:20,1,0,0
BRDA:20,1,1,0
BRDA:20,2,0,0
BRDA:20,2,1,0
BRDA:27,3,0,0
BRDA:27,3,1,0
BRDA:51,4,0,0
BRDA:51,4,1,0
BRDA:65,5,0,0
BRDA:71,6,0,0
BRDA:71,6,1,0
BRDA:75,7,0,0
BRDA:75,7,1,0
BRDA:76,8,0,0
BRDA:76,8,1,0
BRDA:97,9,0,0
BRDA:97,9,1,0
BRDA:110,10,0,0
BRDA:114,11,0,0
BRDA:114,11,1,0
BRDA:115,12,0,0
BRDA:115,12,1,0
BRDA:148,13,0,0
BRDA:148,13,1,0
BRDA:153,14,0,0
BRDA:153,14,1,0
BRDA:154,15,0,0
BRDA:154,15,1,0
BRDA:174,16,0,0
BRDA:174,16,1,0
BRDA:189,17,0,0
BRDA:189,17,1,0
BRDA:190,18,0,0
BRDA:190,18,1,0
BRDA:249,19,0,0
BRDA:253,20,0,0
BRDA:253,20,1,0
BRDA:254,21,0,0
BRDA:254,21,1,0
BRDA:304,22,0,0
BRDA:304,22,1,0
BRDA:305,23,0,0
BRDA:305,23,1,0
BRF:45
BRH:0
end_of_record
TN:
SF:src\controllers\articleController.ts
FN:15,(anonymous_1)
FN:25,(anonymous_2)
FN:130,(anonymous_3)
FN:189,(anonymous_4)
FN:219,(anonymous_5)
FN:263,(anonymous_6)
FN:266,(anonymous_7)
FN:285,(anonymous_8)
FN:310,(anonymous_9)
FN:328,(anonymous_10)
FN:349,(anonymous_11)
FN:378,(anonymous_12)
FN:418,(anonymous_13)
FN:449,(anonymous_14)
FN:482,(anonymous_15)
FN:505,(anonymous_16)
FN:521,(anonymous_17)
FN:543,(anonymous_18)
FN:580,(anonymous_19)
FN:611,(anonymous_20)
FN:624,(anonymous_21)
FN:630,(anonymous_22)
FN:651,(anonymous_23)
FN:664,(anonymous_24)
FN:670,(anonymous_25)
FN:690,(anonymous_26)
FNF:26
FNH:0
FNDA:0,(anonymous_1)
FNDA:0,(anonymous_2)
FNDA:0,(anonymous_3)
FNDA:0,(anonymous_4)
FNDA:0,(anonymous_5)
FNDA:0,(anonymous_6)
FNDA:0,(anonymous_7)
FNDA:0,(anonymous_8)
FNDA:0,(anonymous_9)
FNDA:0,(anonymous_10)
FNDA:0,(anonymous_11)
FNDA:0,(anonymous_12)
FNDA:0,(anonymous_13)
FNDA:0,(anonymous_14)
FNDA:0,(anonymous_15)
FNDA:0,(anonymous_16)
FNDA:0,(anonymous_17)
FNDA:0,(anonymous_18)
FNDA:0,(anonymous_19)
FNDA:0,(anonymous_20)
FNDA:0,(anonymous_21)
FNDA:0,(anonymous_22)
FNDA:0,(anonymous_23)
FNDA:0,(anonymous_24)
FNDA:0,(anonymous_25)
FNDA:0,(anonymous_26)
DA:2,3
DA:3,3
DA:4,3
DA:5,3
DA:11,3
DA:12,3
DA:15,3
DA:16,0
DA:17,0
DA:18,0
DA:19,0
DA:21,0
DA:25,3
DA:26,0
DA:38,0
DA:40,0
DA:41,0
DA:44,0
DA:45,0
DA:49,0
DA:50,0
DA:51,0
DA:55,0
DA:58,0
DA:97,0
DA:99,0
DA:102,0
DA:104,0
DA:124,0
DA:125,0
DA:130,3
DA:139,0
DA:141,0
DA:142,0
DA:145,0
DA:146,0
DA:148,0
DA:150,0
DA:151,0
DA:154,0
DA:155,0
DA:156,0
DA:159,0
DA:160,0
DA:162,0
DA:163,0
DA:165,0
DA:166,0
DA:168,0
DA:169,0
DA:171,0
DA:174,0
DA:176,0
DA:185,0
DA:186,0
DA:189,0
DA:201,0
DA:214,0
DA:219,3
DA:220,0
DA:221,0
DA:223,0
DA:224,0
DA:230,0
DA:231,0
DA:235,0
DA:236,0
DA:240,0
DA:245,0
DA:257,0
DA:258,0
DA:259,0
DA:260,0
DA:261,0
DA:262,0
DA:263,0
DA:265,0
DA:266,0
DA:272,0
DA:285,0
DA:297,0
DA:305,0
DA:310,3
DA:311,0
DA:312,0
DA:313,0
DA:315,0
DA:316,0
DA:318,0
DA:319,0
DA:323,0
DA:324,0
DA:328,0
DA:329,0
DA:330,0
DA:334,0
DA:336,0
DA:338,0
DA:343,0
DA:344,0
DA:349,3
DA:350,0
DA:351,0
DA:353,0
DA:354,0
DA:356,0
DA:357,0
DA:361,0
DA:362,0
DA:365,0
DA:367,0
DA:372,0
DA:373,0
DA:378,3
DA:379,0
DA:380,0
DA:382,0
DA:383,0
DA:389,0
DA:390,0
DA:392,0
DA:393,0
DA:395,0
DA:396,0
DA:398,0
DA:399,0
DA:401,0
DA:404,0
DA:406,0
DA:414,0
DA:415,0
DA:418,0
DA:430,0
DA:444,0
DA:449,3
DA:450,0
DA:452,0
DA:454,0
DA:455,0
DA:456,0
DA:458,0
DA:459,0
DA:461,0
DA:462,0
DA:464,0
DA:465,0
DA:467,0
DA:470,0
DA:482,0
DA:494,0
DA:500,0
DA:505,3
DA:506,0
DA:508,0
DA:509,0
DA:521,0
DA:533,0
DA:538,0
DA:543,3
DA:544,0
DA:546,0
DA:547,0
DA:553,0
DA:554,0
DA:563,0
DA:564,0
DA:566,0
DA:568,0
DA:576,0
DA:577,0
DA:580,0
DA:592,0
DA:606,0
DA:611,3
DA:612,0
DA:613,0
DA:615,0
DA:616,0
DA:618,0
DA:619,0
DA:622,0
DA:623,0
DA:624,0
DA:627,0
DA:629,0
DA:630,0
DA:634,0
DA:638,0
DA:640,0
DA:646,0
DA:651,3
DA:652,0
DA:653,0
DA:655,0
DA:656,0
DA:658,0
DA:659,0
DA:662,0
DA:663,0
DA:664,0
DA:667,0
DA:669,0
DA:670,0
DA:674,0
DA:677,0
DA:679,0
DA:685,0
DA:690,3
DA:691,0
DA:693,0
DA:694,0
DA:696,0
DA:697,0
DA:700,0
DA:701,0
DA:703,0
DA:708,0
LF:217
LH:19
BRDA:16,0,0,0
BRDA:16,0,1,0
BRDA:18,1,0,0
BRDA:18,1,1,0
BRDA:36,2,0,0
BRDA:44,3,0,0
BRDA:44,3,1,0
BRDA:44,4,0,0
BRDA:44,4,1,0
BRDA:44,4,2,0
BRDA:44,4,3,0
BRDA:50,5,0,0
BRDA:50,5,1,0
BRDA:55,6,0,0
BRDA:55,6,1,0
BRDA:66,7,0,0
BRDA:66,7,1,0
BRDA:67,8,0,0
BRDA:67,8,1,0
BRDA:68,9,0,0
BRDA:68,9,1,0
BRDA:73,10,0,0
BRDA:73,10,1,0
BRDA:136,11,0,0
BRDA:137,12,0,0
BRDA:138,13,0,0
BRDA:145,14,0,0
BRDA:145,14,1,0
BRDA:154,15,0,0
BRDA:154,15,1,0
BRDA:155,16,0,0
BRDA:155,16,1,0
BRDA:156,17,0,0
BRDA:156,17,1,0
BRDA:160,18,0,0
BRDA:160,18,1,0
BRDA:160,18,2,0
BRDA:160,18,3,0
BRDA:192,19,0,0
BRDA:192,19,1,0
BRDA:193,20,0,0
BRDA:193,20,1,0
BRDA:195,21,0,0
BRDA:195,21,1,0
BRDA:195,22,0,0
BRDA:195,22,1,0
BRDA:195,23,0,0
BRDA:195,23,1,0
BRDA:196,24,0,0
BRDA:196,24,1,0
BRDA:197,25,0,0
BRDA:197,25,1,0
BRDA:230,26,0,0
BRDA:230,26,1,0
BRDA:235,27,0,0
BRDA:235,27,1,0
BRDA:235,28,0,0
BRDA:235,28,1,0
BRDA:259,29,0,0
BRDA:259,29,1,0
BRDA:261,30,0,0
BRDA:261,30,1,0
BRDA:275,31,0,0
BRDA:275,31,1,0
BRDA:276,32,0,0
BRDA:276,32,1,0
BRDA:278,33,0,0
BRDA:278,33,1,0
BRDA:278,34,0,0
BRDA:278,34,1,0
BRDA:278,35,0,0
BRDA:278,35,1,0
BRDA:279,36,0,0
BRDA:279,36,1,0
BRDA:280,37,0,0
BRDA:280,37,1,0
BRDA:288,38,0,0
BRDA:288,38,1,0
BRDA:289,39,0,0
BRDA:289,39,1,0
BRDA:291,40,0,0
BRDA:291,40,1,0
BRDA:291,41,0,0
BRDA:291,41,1,0
BRDA:291,42,0,0
BRDA:291,42,1,0
BRDA:292,43,0,0
BRDA:292,43,1,0
BRDA:293,44,0,0
BRDA:293,44,1,0
BRDA:318,45,0,0
BRDA:318,45,1,0
BRDA:323,46,0,0
BRDA:323,46,1,0
BRDA:329,47,0,0
BRDA:329,47,1,0
BRDA:343,48,0,0
BRDA:343,48,1,0
BRDA:356,49,0,0
BRDA:356,49,1,0
BRDA:361,50,0,0
BRDA:361,50,1,0
BRDA:372,51,0,0
BRDA:372,51,1,0
BRDA:380,52,0,0
BRDA:380,53,0,0
BRDA:380,54,0,0
BRDA:390,55,0,0
BRDA:390,55,1,0
BRDA:390,55,2,0
BRDA:390,55,3,0
BRDA:421,56,0,0
BRDA:421,56,1,0
BRDA:422,57,0,0
BRDA:422,57,1,0
BRDA:424,58,0,0
BRDA:424,58,1,0
BRDA:424,59,0,0
BRDA:424,59,1,0
BRDA:424,60,0,0
BRDA:424,60,1,0
BRDA:425,61,0,0
BRDA:425,61,1,0
BRDA:426,62,0,0
BRDA:426,62,1,0
BRDA:450,63,0,0
BRDA:450,64,0,0
BRDA:456,65,0,0
BRDA:456,65,1,0
BRDA:456,65,2,0
BRDA:456,65,3,0
BRDA:485,66,0,0
BRDA:485,66,1,0
BRDA:486,67,0,0
BRDA:486,67,1,0
BRDA:488,68,0,0
BRDA:488,68,1,0
BRDA:488,69,0,0
BRDA:488,69,1,0
BRDA:488,70,0,0
BRDA:488,70,1,0
BRDA:489,71,0,0
BRDA:489,71,1,0
BRDA:490,72,0,0
BRDA:490,72,1,0
BRDA:506,73,0,0
BRDA:524,74,0,0
BRDA:524,74,1,0
BRDA:525,75,0,0
BRDA:525,75,1,0
BRDA:527,76,0,0
BRDA:527,76,1,0
BRDA:527,77,0,0
BRDA:527,77,1,0
BRDA:527,78,0,0
BRDA:527,78,1,0
BRDA:528,79,0,0
BRDA:528,79,1,0
BRDA:529,80,0,0
BRDA:529,80,1,0
BRDA:544,81,0,0
BRDA:544,82,0,0
BRDA:553,83,0,0
BRDA:553,83,1,0
BRDA:563,84,0,0
BRDA:563,84,1,0
BRDA:564,85,0,0
BRDA:564,85,1,0
BRDA:583,86,0,0
BRDA:583,86,1,0
BRDA:584,87,0,0
BRDA:584,87,1,0
BRDA:586,88,0,0
BRDA:586,88,1,0
BRDA:586,89,0,0
BRDA:586,89,1,0
BRDA:586,90,0,0
BRDA:586,90,1,0
BRDA:587,91,0,0
BRDA:587,91,1,0
BRDA:588,92,0,0
BRDA:588,92,1,0
BRDA:618,93,0,0
BRDA:618,93,1,0
BRDA:627,94,0,0
BRDA:627,94,1,0
BRDA:643,95,0,0
BRDA:643,95,1,0
BRDA:658,96,0,0
BRDA:658,96,1,0
BRDA:667,97,0,0
BRDA:667,97,1,0
BRDA:682,98,0,0
BRDA:682,98,1,0
BRDA:696,99,0,0
BRDA:696,99,1,0
BRF:196
BRH:0
end_of_record
TN:
SF:src\controllers\authController.ts
FN:69,(anonymous_10)
FN:104,(anonymous_11)
FN:120,(anonymous_12)
FN:277,(anonymous_13)
FN:393,(anonymous_14)
FN:462,(anonymous_15)
FN:506,(anonymous_16)
FN:538,(anonymous_17)
FN:561,(anonymous_18)
FN:571,(anonymous_19)
FN:580,(anonymous_20)
FN:619,(anonymous_21)
FN:633,(anonymous_22)
FN:641,(anonymous_23)
FN:676,(anonymous_24)
FN:713,(anonymous_25)
FN:732,(anonymous_26)
FN:741,(anonymous_27)
FN:742,(anonymous_28)
FN:743,(anonymous_29)
FN:744,(anonymous_30)
FN:745,(anonymous_31)
FN:746,(anonymous_32)
FN:747,(anonymous_33)
FN:930,(anonymous_34)
FNF:25
FNH:0
FNDA:0,(anonymous_10)
FNDA:0,(anonymous_11)
FNDA:0,(anonymous_12)
FNDA:0,(anonymous_13)
FNDA:0,(anonymous_14)
FNDA:0,(anonymous_15)
FNDA:0,(anonymous_16)
FNDA:0,(anonymous_17)
FNDA:0,(anonymous_18)
FNDA:0,(anonymous_19)
FNDA:0,(anonymous_20)
FNDA:0,(anonymous_21)
FNDA:0,(anonymous_22)
FNDA:0,(anonymous_23)
FNDA:0,(anonymous_24)
FNDA:0,(anonymous_25)
FNDA:0,(anonymous_26)
FNDA:0,(anonymous_27)
FNDA:0,(anonymous_28)
FNDA:0,(anonymous_29)
FNDA:0,(anonymous_30)
FNDA:0,(anonymous_31)
FNDA:0,(anonymous_32)
FNDA:0,(anonymous_33)
FNDA:0,(anonymous_34)
DA:2,3
DA:3,3
DA:9,3
DA:19,3
DA:20,3
DA:21,3
DA:22,3
DA:23,3
DA:24,3
DA:25,3
DA:27,3
DA:28,3
DA:31,3
DA:34,3
DA:41,3
DA:42,3
DA:43,3
DA:47,3
DA:55,3
DA:56,3
DA:57,3
DA:58,3
DA:59,3
DA:61,0
DA:62,0
DA:65,0
DA:68,3
DA:71,0
DA:74,0
DA:75,0
DA:76,0
DA:77,0
DA:78,0
DA:79,0
DA:83,0
DA:84,0
DA:89,0
DA:90,0
DA:91,0
DA:93,0
DA:94,0
DA:95,0
DA:97,0
DA:104,3
DA:106,0
DA:109,0
DA:110,0
DA:111,0
DA:112,0
DA:116,0
DA:120,3
DA:121,0
DA:124,0
DA:125,0
DA:127,0
DA:128,0
DA:129,0
DA:130,0
DA:131,0
DA:132,0
DA:133,0
DA:134,0
DA:136,0
DA:138,0
DA:141,0
DA:143,0
DA:144,0
DA:148,0
DA:149,0
DA:150,0
DA:154,0
DA:155,0
DA:156,0
DA:157,0
DA:158,0
DA:162,0
DA:179,0
DA:180,0
DA:182,0
DA:185,0
DA:188,0
DA:189,0
DA:193,0
DA:195,0
DA:196,0
DA:197,0
DA:198,0
DA:199,0
DA:200,0
DA:203,0
DA:204,0
DA:205,0
DA:206,0
DA:208,0
DA:213,0
DA:214,0
DA:218,0
DA:219,0
DA:220,0
DA:222,0
DA:226,0
DA:227,0
DA:228,0
DA:229,0
DA:232,0
DA:233,0
DA:234,0
DA:237,0
DA:238,0
DA:239,0
DA:242,0
DA:243,0
DA:245,0
DA:246,0
DA:247,0
DA:248,0
DA:249,0
DA:250,0
DA:251,0
DA:254,0
DA:260,0
DA:261,0
DA:262,0
DA:265,0
DA:268,0
DA:269,0
DA:270,0
DA:272,0
DA:277,3
DA:278,0
DA:281,0
DA:282,0
DA:284,0
DA:285,0
DA:286,0
DA:287,0
DA:290,0
DA:292,0
DA:293,0
DA:294,0
DA:297,0
DA:300,0
DA:301,0
DA:302,0
DA:306,0
DA:307,0
DA:311,0
DA:312,0
DA:313,0
DA:314,0
DA:315,0
DA:316,0
DA:319,0
DA:321,0
DA:322,0
DA:325,0
DA:327,0
DA:328,0
DA:330,0
DA:331,0
DA:334,0
DA:338,0
DA:341,0
DA:342,0
DA:343,0
DA:344,0
DA:346,0
DA:354,0
DA:355,0
DA:357,0
DA:375,0
DA:376,0
DA:377,0
DA:378,0
DA:379,0
DA:383,0
DA:384,0
DA:385,0
DA:388,0
DA:389,0
DA:390,0
DA:392,0
DA:393,0
DA:394,0
DA:395,0
DA:397,0
DA:398,0
DA:399,0
DA:402,0
DA:403,0
DA:407,0
DA:410,0
DA:413,0
DA:419,0
DA:422,0
DA:423,0
DA:424,0
DA:427,0
DA:431,0
DA:432,0
DA:435,0
DA:436,0
DA:439,0
DA:451,0
DA:462,3
DA:463,0
DA:465,0
DA:466,0
DA:469,0
DA:471,0
DA:474,0
DA:476,0
DA:477,0
DA:480,0
DA:481,0
DA:485,0
DA:486,0
DA:489,0
DA:490,0
DA:492,0
DA:501,0
DA:506,3
DA:507,0
DA:509,0
DA:511,0
DA:512,0
DA:513,0
DA:514,0
DA:516,0
DA:518,0
DA:519,0
DA:520,0
DA:524,0
DA:528,0
DA:529,0
DA:532,0
DA:533,0
DA:538,3
DA:539,0
DA:540,0
DA:543,0
DA:557,0
DA:561,3
DA:562,0
DA:563,0
DA:566,0
DA:568,0
DA:570,0
DA:571,0
DA:572,0
DA:573,0
DA:579,0
DA:580,0
DA:581,0
DA:582,0
DA:587,0
DA:590,0
DA:591,0
DA:592,0
DA:593,0
DA:595,0
DA:599,0
DA:611,0
DA:614,0
DA:619,3
DA:620,0
DA:621,0
DA:624,0
DA:625,0
DA:628,0
DA:630,0
DA:632,0
DA:633,0
DA:634,0
DA:635,0
DA:640,0
DA:641,0
DA:642,0
DA:643,0
DA:649,0
DA:650,0
DA:652,0
DA:664,0
DA:667,0
DA:668,0
DA:669,0
DA:671,0
DA:676,3
DA:677,0
DA:678,0
DA:681,0
DA:683,0
DA:684,0
DA:687,0
DA:688,0
DA:691,0
DA:693,0
DA:694,0
DA:695,0
DA:699,0
DA:700,0
DA:702,0
DA:705,0
DA:706,0
DA:708,0
DA:713,3
DA:714,0
DA:715,0
DA:718,0
DA:720,0
DA:721,0
DA:722,0
DA:724,0
DA:727,0
DA:732,3
DA:733,0
DA:734,0
DA:737,0
DA:738,0
DA:741,0
DA:742,0
DA:743,0
DA:744,0
DA:745,0
DA:746,0
DA:747,0
DA:758,0
DA:855,0
DA:922,0
DA:924,0
DA:925,0
DA:930,3
DA:931,0
DA:932,0
DA:934,0
DA:935,0
DA:938,0
DA:939,0
DA:940,0
DA:943,0
DA:946,0
DA:948,0
DA:949,0
DA:950,0
DA:953,0
DA:956,0
DA:957,0
DA:958,0
DA:961,0
DA:962,0
DA:963,0
DA:966,0
DA:967,0
DA:971,0
DA:974,0
DA:976,0
DA:980,0
DA:992,0
DA:993,0
DA:995,0
DA:998,0
DA:999,0
DA:1000,0
LF:363
LH:36
BRDA:35,0,0,3
BRDA:35,0,1,0
BRDA:36,1,0,3
BRDA:36,1,1,0
BRDA:43,2,0,0
BRDA:43,2,1,3
BRDA:45,3,0,3
BRDA:45,3,1,0
BRDA:56,4,0,3
BRDA:56,4,1,0
BRDA:56,5,0,3
BRDA:56,5,1,3
BRDA:56,5,2,3
BRDA:61,6,0,0
BRDA:61,6,1,0
BRDA:74,7,0,0
BRDA:74,7,1,0
BRDA:109,8,0,0
BRDA:109,8,1,0
BRDA:111,9,0,0
BRDA:111,9,1,0
BRDA:111,10,0,0
BRDA:111,10,1,0
BRDA:132,11,0,0
BRDA:132,11,1,0
BRDA:141,12,0,0
BRDA:141,12,1,0
BRDA:143,13,0,0
BRDA:143,13,1,0
BRDA:149,14,0,0
BRDA:149,14,1,0
BRDA:155,15,0,0
BRDA:155,15,1,0
BRDA:157,16,0,0
BRDA:157,16,1,0
BRDA:170,17,0,0
BRDA:170,17,1,0
BRDA:185,18,0,0
BRDA:185,18,1,0
BRDA:185,19,0,0
BRDA:185,19,1,0
BRDA:185,19,2,0
BRDA:189,20,0,0
BRDA:189,20,1,0
BRDA:189,21,0,0
BRDA:189,21,1,0
BRDA:189,21,2,0
BRDA:193,22,0,0
BRDA:193,22,1,0
BRDA:193,23,0,0
BRDA:193,23,1,0
BRDA:203,24,0,0
BRDA:203,24,1,0
BRDA:203,25,0,0
BRDA:203,25,1,0
BRDA:205,26,0,0
BRDA:205,26,1,0
BRDA:205,27,0,0
BRDA:205,27,1,0
BRDA:213,28,0,0
BRDA:213,28,1,0
BRDA:218,29,0,0
BRDA:218,29,1,0
BRDA:220,30,0,0
BRDA:220,30,1,0
BRDA:237,31,0,0
BRDA:237,31,1,0
BRDA:260,32,0,0
BRDA:260,32,1,0
BRDA:269,33,0,0
BRDA:269,33,1,0
BRDA:272,34,0,0
BRDA:272,34,1,0
BRDA:292,35,0,0
BRDA:292,35,1,0
BRDA:300,36,0,0
BRDA:300,36,1,0
BRDA:306,37,0,0
BRDA:306,37,1,0
BRDA:316,38,0,0
BRDA:316,38,1,0
BRDA:319,39,0,0
BRDA:319,39,1,0
BRDA:321,40,0,0
BRDA:321,40,1,0
BRDA:327,41,0,0
BRDA:327,41,1,0
BRDA:341,42,0,0
BRDA:341,42,1,0
BRDA:341,43,0,0
BRDA:341,43,1,0
BRDA:344,44,0,0
BRDA:344,44,1,0
BRDA:355,45,0,0
BRDA:355,45,1,0
BRDA:392,46,0,0
BRDA:392,46,1,0
BRDA:394,47,0,0
BRDA:394,47,1,0
BRDA:394,48,0,0
BRDA:394,48,1,0
BRDA:397,49,0,0
BRDA:397,49,1,0
BRDA:465,50,0,0
BRDA:465,50,1,0
BRDA:476,51,0,0
BRDA:476,51,1,0
BRDA:476,52,0,0
BRDA:476,52,1,0
BRDA:480,53,0,0
BRDA:480,53,1,0
BRDA:511,54,0,0
BRDA:511,54,1,0
BRDA:516,55,0,0
BRDA:516,55,1,0
BRDA:524,56,0,0
BRDA:524,56,1,0
BRDA:532,57,0,0
BRDA:532,57,1,0
BRDA:539,58,0,0
BRDA:539,58,1,0
BRDA:562,59,0,0
BRDA:562,59,1,0
BRDA:570,60,0,0
BRDA:570,60,1,0
BRDA:572,61,0,0
BRDA:572,61,1,0
BRDA:579,62,0,0
BRDA:579,62,1,0
BRDA:581,63,0,0
BRDA:581,63,1,0
BRDA:620,64,0,0
BRDA:620,64,1,0
BRDA:624,65,0,0
BRDA:624,65,1,0
BRDA:632,66,0,0
BRDA:632,66,1,0
BRDA:634,67,0,0
BRDA:634,67,1,0
BRDA:640,68,0,0
BRDA:640,68,1,0
BRDA:642,69,0,0
BRDA:642,69,1,0
BRDA:668,70,0,0
BRDA:668,70,1,0
BRDA:671,71,0,0
BRDA:671,71,1,0
BRDA:677,72,0,0
BRDA:677,72,1,0
BRDA:683,73,0,0
BRDA:683,73,1,0
BRDA:683,74,0,0
BRDA:683,74,1,0
BRDA:687,75,0,0
BRDA:687,75,1,0
BRDA:694,76,0,0
BRDA:694,76,1,0
BRDA:705,77,0,0
BRDA:705,77,1,0
BRDA:714,78,0,0
BRDA:714,78,1,0
BRDA:733,79,0,0
BRDA:733,79,1,0
BRDA:869,80,0,0
BRDA:869,80,1,0
BRDA:870,81,0,0
BRDA:870,81,1,0
BRDA:871,82,0,0
BRDA:871,82,1,0
BRDA:872,83,0,0
BRDA:872,83,1,0
BRDA:875,84,0,0
BRDA:875,84,1,0
BRDA:876,85,0,0
BRDA:876,85,1,0
BRDA:877,86,0,0
BRDA:877,86,1,0
BRDA:878,87,0,0
BRDA:878,87,1,0
BRDA:881,88,0,0
BRDA:881,88,1,0
BRDA:882,89,0,0
BRDA:882,89,1,0
BRDA:883,90,0,0
BRDA:883,90,1,0
BRDA:884,91,0,0
BRDA:884,91,1,0
BRDA:887,92,0,0
BRDA:887,92,1,0
BRDA:890,93,0,0
BRDA:890,93,1,0
BRDA:891,94,0,0
BRDA:891,94,1,0
BRDA:892,95,0,0
BRDA:892,95,1,0
BRDA:895,96,0,0
BRDA:895,96,1,0
BRDA:898,97,0,0
BRDA:898,97,1,0
BRDA:899,98,0,0
BRDA:899,98,1,0
BRDA:903,99,0,0
BRDA:903,99,1,0
BRDA:904,100,0,0
BRDA:904,100,1,0
BRDA:905,101,0,0
BRDA:905,101,1,0
BRDA:906,102,0,0
BRDA:906,102,1,0
BRDA:907,103,0,0
BRDA:907,103,1,0
BRDA:908,104,0,0
BRDA:908,104,1,0
BRDA:911,105,0,0
BRDA:911,105,1,0
BRDA:912,106,0,0
BRDA:912,106,1,0
BRDA:913,107,0,0
BRDA:913,107,1,0
BRDA:916,108,0,0
BRDA:916,108,1,0
BRDA:917,109,0,0
BRDA:917,109,1,0
BRDA:934,110,0,0
BRDA:934,110,1,0
BRDA:938,111,0,0
BRDA:938,111,1,0
BRDA:948,112,0,0
BRDA:948,112,1,0
BRF:229
BRH:8
end_of_record
TN:
SF:src\controllers\billController.ts
FN:13,(anonymous_1)
FN:96,(anonymous_2)
FN:99,(anonymous_3)
FN:119,(anonymous_4)
FN:183,(anonymous_5)
FN:204,(anonymous_6)
FN:215,(anonymous_7)
FN:296,(anonymous_8)
FN:326,(anonymous_9)
FN:350,(anonymous_10)
FN:378,(anonymous_11)
FN:389,(anonymous_12)
FNF:12
FNH:0
FNDA:0,(anonymous_1)
FNDA:0,(anonymous_2)
FNDA:0,(anonymous_3)
FNDA:0,(anonymous_4)
FNDA:0,(anonymous_5)
FNDA:0,(anonymous_6)
FNDA:0,(anonymous_7)
FNDA:0,(anonymous_8)
FNDA:0,(anonymous_9)
FNDA:0,(anonymous_10)
FNDA:0,(anonymous_11)
FNDA:0,(anonymous_12)
DA:3,3
DA:4,3
DA:5,3
DA:6,3
DA:7,3
DA:8,3
DA:9,3
DA:10,3
DA:13,3
DA:14,0
DA:15,0
DA:19,0
DA:20,0
DA:23,0
DA:26,0
DA:27,0
DA:30,0
DA:31,0
DA:32,0
DA:33,0
DA:35,0
DA:37,0
DA:43,0
DA:49,0
DA:50,0
DA:54,0
DA:55,0
DA:67,0
DA:70,0
DA:91,0
DA:94,0
DA:97,0
DA:100,0
DA:104,0
DA:106,0
DA:113,0
DA:114,0
DA:119,3
DA:120,0
DA:121,0
DA:131,0
DA:134,0
DA:139,0
DA:140,0
DA:143,0
DA:144,0
DA:147,0
DA:148,0
DA:149,0
DA:150,0
DA:152,0
DA:153,0
DA:158,0
DA:159,0
DA:162,0
DA:169,0
DA:171,0
DA:183,3
DA:184,0
DA:185,0
DA:188,0
DA:190,0
DA:196,0
DA:197,0
DA:200,0
DA:204,3
DA:205,0
DA:206,0
DA:209,0
DA:211,0
DA:215,3
DA:216,0
DA:217,0
DA:220,0
DA:223,0
DA:224,0
DA:227,0
DA:233,0
DA:234,0
DA:237,0
DA:238,0
DA:242,0
DA:243,0
DA:246,0
DA:248,0
DA:249,0
DA:253,0
DA:259,0
DA:272,0
DA:278,0
DA:279,0
DA:283,0
DA:288,0
DA:290,0
DA:291,0
DA:296,3
DA:297,0
DA:298,0
DA:301,0
DA:303,0
DA:308,0
DA:314,0
DA:326,3
DA:327,0
DA:328,0
DA:331,0
DA:332,0
DA:334,0
DA:340,0
DA:341,0
DA:344,0
DA:346,0
DA:350,3
DA:351,0
DA:352,0
DA:355,0
DA:356,0
DA:358,0
DA:359,0
DA:362,0
DA:368,0
DA:369,0
DA:372,0
DA:374,0
DA:378,3
DA:379,0
DA:380,0
DA:383,0
DA:385,0
DA:389,3
DA:390,0
DA:391,0
DA:394,0
DA:396,0
DA:398,0
LF:135
LH:18
BRDA:14,0,0,0
BRDA:14,0,1,0
BRDA:19,1,0,0
BRDA:19,1,1,0
BRDA:26,2,0,0
BRDA:26,2,1,0
BRDA:26,3,0,0
BRDA:26,3,1,0
BRDA:26,3,2,0
BRDA:49,4,0,0
BRDA:49,4,1,0
BRDA:120,5,0,0
BRDA:120,5,1,0
BRDA:129,6,0,0
BRDA:130,7,0,0
BRDA:139,8,0,0
BRDA:139,8,1,0
BRDA:143,9,0,0
BRDA:143,9,1,0
BRDA:147,10,0,0
BRDA:147,10,1,0
BRDA:147,11,0,0
BRDA:147,11,1,0
BRDA:149,12,0,0
BRDA:149,12,1,0
BRDA:152,13,0,0
BRDA:152,13,1,0
BRDA:184,14,0,0
BRDA:184,14,1,0
BRDA:196,15,0,0
BRDA:196,15,1,0
BRDA:205,16,0,0
BRDA:205,16,1,0
BRDA:216,17,0,0
BRDA:216,17,1,0
BRDA:223,18,0,0
BRDA:223,18,1,0
BRDA:233,19,0,0
BRDA:233,19,1,0
BRDA:237,20,0,0
BRDA:237,20,1,0
BRDA:242,21,0,0
BRDA:242,21,1,0
BRDA:242,22,0,0
BRDA:242,22,1,0
BRDA:248,23,0,0
BRDA:248,23,1,0
BRDA:278,24,0,0
BRDA:278,24,1,0
BRDA:279,25,0,0
BRDA:279,25,1,0
BRDA:297,26,0,0
BRDA:297,26,1,0
BRDA:297,27,0,0
BRDA:297,27,1,0
BRDA:301,28,0,0
BRDA:301,29,0,0
BRDA:327,30,0,0
BRDA:327,30,1,0
BRDA:327,31,0,0
BRDA:327,31,1,0
BRDA:340,32,0,0
BRDA:340,32,1,0
BRDA:341,33,0,0
BRDA:341,33,1,0
BRDA:351,34,0,0
BRDA:351,34,1,0
BRDA:351,35,0,0
BRDA:351,35,1,0
BRDA:358,36,0,0
BRDA:358,36,1,0
BRDA:368,37,0,0
BRDA:368,37,1,0
BRDA:369,38,0,0
BRDA:369,38,1,0
BRDA:379,39,0,0
BRDA:379,39,1,0
BRDA:379,40,0,0
BRDA:379,40,1,0
BRDA:390,41,0,0
BRDA:390,41,1,0
BRDA:390,42,0,0
BRDA:390,42,1,0
BRF:83
BRH:0
end_of_record
TN:
SF:src\controllers\billingController.ts
FN:18,(anonymous_0)
FN:130,(anonymous_1)
FN:161,(anonymous_2)
FN:314,(anonymous_3)
FN:379,(anonymous_4)
FN:402,(anonymous_5)
FN:407,(anonymous_6)
FN:410,(anonymous_7)
FN:414,(anonymous_8)
FN:446,getInvoiceData
FNF:10
FNH:0
FNDA:0,(anonymous_0)
FNDA:0,(anonymous_1)
FNDA:0,(anonymous_2)
FNDA:0,(anonymous_3)
FNDA:0,(anonymous_4)
FNDA:0,(anonymous_5)
FNDA:0,(anonymous_6)
FNDA:0,(anonymous_7)
FNDA:0,(anonymous_8)
FNDA:0,getInvoiceData
DA:2,3
DA:3,3
DA:4,3
DA:5,3
DA:6,3
DA:18,3
DA:19,0
DA:20,0
DA:21,0
DA:22,0
DA:34,0
DA:37,0
DA:43,0
DA:44,0
DA:45,0
DA:46,0
DA:48,0
DA:49,0
DA:54,0
DA:57,0
DA:65,0
DA:71,0
DA:72,0
DA:73,0
DA:74,0
DA:76,0
DA:77,0
DA:81,0
DA:89,0
DA:92,0
DA:93,0
DA:96,0
DA:113,0
DA:114,0
DA:130,0
DA:133,0
DA:135,0
DA:148,0
DA:149,0
DA:161,3
DA:162,0
DA:163,0
DA:164,0
DA:165,0
DA:171,0
DA:174,0
DA:177,0
DA:178,0
DA:183,0
DA:184,0
DA:239,0
DA:240,0
DA:245,0
DA:246,0
DA:289,0
DA:290,0
DA:296,0
DA:301,0
DA:302,0
DA:314,3
DA:315,0
DA:316,0
DA:317,0
DA:318,0
DA:324,0
DA:327,0
DA:329,0
DA:330,0
DA:337,0
DA:338,0
DA:339,0
DA:346,0
DA:349,0
DA:353,0
DA:361,0
DA:363,0
DA:365,0
DA:366,0
DA:379,3
DA:380,0
DA:381,0
DA:382,0
DA:383,0
DA:390,0
DA:395,0
DA:402,0
DA:403,0
DA:404,0
DA:406,0
DA:407,0
DA:409,0
DA:410,0
DA:414,0
DA:415,0
DA:419,0
DA:421,0
DA:436,0
DA:437,0
DA:448,0
DA:449,0
DA:454,0
DA:455,0
DA:460,0
DA:465,0
LF:104
LH:9
BRDA:20,0,0,0
BRDA:20,0,1,0
BRDA:21,1,0,0
BRDA:21,1,1,0
BRDA:32,2,0,0
BRDA:33,3,0,0
BRDA:43,4,0,0
BRDA:43,4,1,0
BRDA:43,5,0,0
BRDA:43,5,1,0
BRDA:45,6,0,0
BRDA:45,6,1,0
BRDA:48,7,0,0
BRDA:48,7,1,0
BRDA:71,8,0,0
BRDA:71,8,1,0
BRDA:71,9,0,0
BRDA:71,9,1,0
BRDA:73,10,0,0
BRDA:73,10,1,0
BRDA:76,11,0,0
BRDA:76,11,1,0
BRDA:93,12,0,0
BRDA:93,12,1,0
BRDA:93,13,0,0
BRDA:93,13,1,0
BRDA:94,14,0,0
BRDA:94,14,1,0
BRDA:104,15,0,0
BRDA:104,15,1,0
BRDA:119,16,0,0
BRDA:119,16,1,0
BRDA:120,17,0,0
BRDA:120,17,1,0
BRDA:123,18,0,0
BRDA:123,18,1,0
BRDA:125,19,0,0
BRDA:125,19,1,0
BRDA:163,20,0,0
BRDA:163,20,1,0
BRDA:164,21,0,0
BRDA:164,21,1,0
BRDA:177,22,0,0
BRDA:177,22,1,0
BRDA:183,23,0,0
BRDA:183,23,1,0
BRDA:189,24,0,0
BRDA:189,24,1,0
BRDA:189,25,0,0
BRDA:189,25,1,0
BRDA:190,26,0,0
BRDA:190,26,1,0
BRDA:195,27,0,0
BRDA:195,27,1,0
BRDA:196,28,0,0
BRDA:196,28,1,0
BRDA:198,29,0,0
BRDA:198,29,1,0
BRDA:199,30,0,0
BRDA:199,30,1,0
BRDA:216,31,0,0
BRDA:216,31,1,0
BRDA:231,32,0,0
BRDA:231,32,1,0
BRDA:239,33,0,0
BRDA:239,33,1,0
BRDA:245,34,0,0
BRDA:245,34,1,0
BRDA:251,35,0,0
BRDA:251,35,1,0
BRDA:256,36,0,0
BRDA:256,36,1,0
BRDA:257,37,0,0
BRDA:257,37,1,0
BRDA:258,38,0,0
BRDA:258,38,1,0
BRDA:264,39,0,0
BRDA:264,39,1,0
BRDA:265,40,0,0
BRDA:265,40,1,0
BRDA:279,41,0,0
BRDA:279,41,1,0
BRDA:281,42,0,0
BRDA:281,42,1,0
BRDA:289,43,0,0
BRDA:289,43,1,0
BRDA:316,44,0,0
BRDA:316,44,1,0
BRDA:317,45,0,0
BRDA:317,45,1,0
BRDA:329,46,0,0
BRDA:329,46,1,0
BRDA:338,47,0,0
BRDA:338,47,1,0
BRDA:346,48,0,0
BRDA:346,48,1,0
BRDA:347,49,0,0
BRDA:347,49,1,0
BRDA:347,50,0,0
BRDA:347,50,1,0
BRDA:349,51,0,0
BRDA:349,51,1,0
BRDA:350,52,0,0
BRDA:350,52,1,0
BRDA:350,53,0,0
BRDA:350,53,1,0
BRDA:350,54,0,0
BRDA:350,54,1,0
BRDA:355,55,0,0
BRDA:355,55,1,0
BRDA:356,56,0,0
BRDA:356,56,1,0
BRDA:356,56,2,0
BRDA:365,57,0,0
BRDA:365,57,1,0
BRDA:381,58,0,0
BRDA:381,58,1,0
BRDA:382,59,0,0
BRDA:382,59,1,0
BRDA:403,60,0,0
BRDA:403,60,1,0
BRDA:403,61,0,0
BRDA:403,61,1,0
BRDA:410,62,0,0
BRDA:410,62,1,0
BRDA:415,63,0,0
BRDA:415,63,1,0
BRDA:419,64,0,0
BRDA:419,64,1,0
BRDA:428,65,0,0
BRDA:428,65,1,0
BRDA:429,66,0,0
BRDA:429,66,1,0
BRDA:432,67,0,0
BRDA:432,67,1,0
BRDA:432,67,2,0
BRDA:448,68,0,0
BRDA:448,68,1,0
BRDA:454,69,0,0
BRDA:454,69,1,0
BRF:140
BRH:0
end_of_record
TN:
SF:src\controllers\cartController.ts
FN:22,(anonymous_10)
FN:95,(anonymous_11)
FN:236,(anonymous_12)
FN:306,(anonymous_13)
FN:445,(anonymous_14)
FN:468,(anonymous_15)
FN:516,(anonymous_16)
FN:539,(anonymous_17)
FN:562,(anonymous_18)
FN:578,(anonymous_19)
FN:589,(anonymous_20)
FN:640,(anonymous_21)
FN:664,(anonymous_22)
FN:707,(anonymous_23)
FN:854,(anonymous_24)
FN:926,(anonymous_25)
FN:954,(anonymous_26)
FN:974,(anonymous_27)
FN:1000,(anonymous_28)
FN:1019,(anonymous_29)
FN:1049,(anonymous_30)
FN:1061,(anonymous_31)
FNF:22
FNH:0
FNDA:0,(anonymous_10)
FNDA:0,(anonymous_11)
FNDA:0,(anonymous_12)
FNDA:0,(anonymous_13)
FNDA:0,(anonymous_14)
FNDA:0,(anonymous_15)
FNDA:0,(anonymous_16)
FNDA:0,(anonymous_17)
FNDA:0,(anonymous_18)
FNDA:0,(anonymous_19)
FNDA:0,(anonymous_20)
FNDA:0,(anonymous_21)
FNDA:0,(anonymous_22)
FNDA:0,(anonymous_23)
FNDA:0,(anonymous_24)
FNDA:0,(anonymous_25)
FNDA:0,(anonymous_26)
FNDA:0,(anonymous_27)
FNDA:0,(anonymous_28)
FNDA:0,(anonymous_29)
FNDA:0,(anonymous_30)
FNDA:0,(anonymous_31)
DA:2,3
DA:3,3
DA:4,3
DA:5,3
DA:13,3
DA:14,3
DA:15,3
DA:16,3
DA:17,3
DA:18,3
DA:22,3
DA:23,0
DA:24,0
DA:27,0
DA:28,0
DA:31,0
DA:32,0
DA:34,0
DA:35,0
DA:36,0
DA:39,0
DA:40,0
DA:43,0
DA:44,0
DA:45,0
DA:60,0
DA:61,0
DA:65,0
DA:66,0
DA:67,0
DA:68,0
DA:69,0
DA:73,0
DA:74,0
DA:75,0
DA:76,0
DA:77,0
DA:81,0
DA:83,0
DA:84,0
DA:87,0
DA:88,0
DA:89,0
DA:90,0
DA:95,3
DA:96,0
DA:97,0
DA:100,0
DA:102,0
DA:103,0
DA:104,0
DA:107,0
DA:108,0
DA:109,0
DA:110,0
DA:113,0
DA:114,0
DA:115,0
DA:117,0
DA:118,0
DA:119,0
DA:122,0
DA:123,0
DA:124,0
DA:127,0
DA:128,0
DA:133,0
DA:134,0
DA:135,0
DA:141,0
DA:142,0
DA:143,0
DA:148,0
DA:149,0
DA:150,0
DA:151,0
DA:153,0
DA:154,0
DA:157,0
DA:158,0
DA:159,0
DA:161,0
DA:162,0
DA:163,0
DA:166,0
DA:167,0
DA:168,0
DA:172,0
DA:174,0
DA:175,0
DA:176,0
DA:184,0
DA:185,0
DA:188,0
DA:192,0
DA:196,0
DA:197,0
DA:204,0
DA:205,0
DA:207,0
DA:208,0
DA:209,0
DA:223,0
DA:227,0
DA:229,0
DA:231,0
DA:232,0
DA:235,0
DA:236,0
DA:239,0
DA:241,0
DA:242,0
DA:245,0
DA:255,0
DA:257,0
DA:259,0
DA:263,0
DA:264,0
DA:266,0
DA:267,0
DA:270,0
DA:271,0
DA:272,0
DA:279,0
DA:280,0
DA:284,0
DA:289,0
DA:291,0
DA:292,0
DA:295,0
DA:296,0
DA:297,0
DA:298,0
DA:299,0
DA:301,0
DA:306,3
DA:307,0
DA:308,0
DA:311,0
DA:312,0
DA:314,0
DA:315,0
DA:316,0
DA:317,0
DA:319,0
DA:321,0
DA:322,0
DA:323,0
DA:326,0
DA:330,0
DA:331,0
DA:332,0
DA:333,0
DA:335,0
DA:336,0
DA:341,0
DA:342,0
DA:344,0
DA:345,0
DA:346,0
DA:349,0
DA:350,0
DA:351,0
DA:355,0
DA:356,0
DA:357,0
DA:359,0
DA:360,0
DA:362,0
DA:363,0
DA:364,0
DA:367,0
DA:368,0
DA:372,0
DA:373,0
DA:374,0
DA:375,0
DA:382,0
DA:383,0
DA:385,0
DA:389,0
DA:392,0
DA:393,0
DA:398,0
DA:399,0
DA:401,0
DA:402,0
DA:404,0
DA:405,0
DA:408,0
DA:409,0
DA:410,0
DA:417,0
DA:418,0
DA:420,0
DA:424,0
DA:425,0
DA:429,0
DA:431,0
DA:432,0
DA:435,0
DA:436,0
DA:437,0
DA:438,0
DA:440,0
DA:445,3
DA:446,0
DA:447,0
DA:448,0
DA:450,0
DA:451,0
DA:454,0
DA:455,0
DA:456,0
DA:458,0
DA:459,0
DA:461,0
DA:462,0
DA:463,0
DA:466,0
DA:467,0
DA:468,0
DA:476,0
DA:477,0
DA:478,0
DA:479,0
DA:481,0
DA:482,0
DA:486,0
DA:487,0
DA:489,0
DA:491,0
DA:492,0
DA:494,0
DA:497,0
DA:498,0
DA:499,0
DA:501,0
DA:505,0
DA:507,0
DA:510,0
DA:511,0
DA:516,3
DA:517,0
DA:518,0
DA:521,0
DA:522,0
DA:524,0
DA:525,0
DA:528,0
DA:529,0
DA:531,0
DA:534,0
DA:539,3
DA:540,0
DA:541,0
DA:544,0
DA:546,0
DA:547,0
DA:548,0
DA:549,0
DA:551,0
DA:553,0
DA:554,0
DA:557,0
DA:558,0
DA:562,0
DA:565,0
DA:566,0
DA:567,0
DA:568,0
DA:571,0
DA:572,0
DA:575,0
DA:578,0
DA:579,0
DA:580,0
DA:589,0
DA:590,0
DA:598,0
DA:600,0
DA:601,0
DA:602,0
DA:606,0
DA:608,0
DA:609,0
DA:612,0
DA:613,0
DA:616,0
DA:618,0
DA:619,0
DA:631,0
DA:632,0
DA:633,0
DA:635,0
DA:640,3
DA:641,0
DA:642,0
DA:645,0
DA:646,0
DA:648,0
DA:649,0
DA:652,0
DA:653,0
DA:654,0
DA:656,0
DA:659,0
DA:664,3
DA:665,0
DA:666,0
DA:669,0
DA:670,0
DA:672,0
DA:673,0
DA:687,0
DA:699,0
DA:702,0
DA:707,3
DA:708,0
DA:709,0
DA:712,0
DA:713,0
DA:715,0
DA:716,0
DA:720,0
DA:721,0
DA:722,0
DA:723,0
DA:724,0
DA:727,0
DA:728,0
DA:731,0
DA:732,0
DA:734,0
DA:735,0
DA:741,0
DA:744,0
DA:745,0
DA:751,0
DA:754,0
DA:755,0
DA:761,0
DA:765,0
DA:766,0
DA:767,0
DA:769,0
DA:770,0
DA:772,0
DA:773,0
DA:779,0
DA:782,0
DA:783,0
DA:787,0
DA:789,0
DA:790,0
DA:800,0
DA:801,0
DA:805,0
DA:815,0
DA:816,0
DA:821,0
DA:822,0
DA:831,0
DA:836,0
DA:837,0
DA:840,0
DA:849,0
DA:854,3
DA:855,0
DA:856,0
DA:857,0
DA:859,0
DA:860,0
DA:861,0
DA:864,0
DA:866,0
DA:867,0
DA:868,0
DA:871,0
DA:872,0
DA:873,0
DA:875,0
DA:876,0
DA:878,0
DA:894,0
DA:896,0
DA:897,0
DA:900,0
DA:901,0
DA:903,0
DA:904,0
DA:907,0
DA:917,0
DA:920,0
DA:921,0
DA:926,3
DA:927,0
DA:928,0
DA:929,0
DA:930,0
DA:932,0
DA:933,0
DA:934,0
DA:937,0
DA:938,0
DA:940,0
DA:941,0
DA:942,0
DA:945,0
DA:946,0
DA:948,0
DA:949,0
DA:950,0
DA:953,0
DA:954,0
DA:959,0
DA:961,0
DA:962,0
DA:964,0
DA:967,0
DA:968,0
DA:969,0
DA:974,3
DA:975,0
DA:976,0
DA:977,0
DA:978,0
DA:980,0
DA:981,0
DA:984,0
DA:985,0
DA:987,0
DA:988,0
DA:991,0
DA:992,0
DA:994,0
DA:995,0
DA:996,0
DA:999,0
DA:1000,0
DA:1006,0
DA:1008,0
DA:1009,0
DA:1012,0
DA:1013,0
DA:1014,0
DA:1019,3
DA:1020,0
DA:1021,0
DA:1023,0
DA:1024,0
DA:1027,0
DA:1028,0
DA:1038,0
DA:1039,0
DA:1041,0
DA:1042,0
DA:1043,0
DA:1047,0
DA:1048,0
DA:1049,0
DA:1050,0
DA:1061,0
DA:1062,0
DA:1065,0
DA:1066,0
DA:1067,0
DA:1068,0
DA:1075,0
DA:1078,0
DA:1079,0
LF:471
LH:23
BRDA:23,0,0,0
BRDA:23,0,1,0
BRDA:34,1,0,0
BRDA:34,1,1,0
BRDA:40,2,0,0
BRDA:40,2,1,0
BRDA:43,3,0,0
BRDA:43,3,1,0
BRDA:65,4,0,0
BRDA:65,4,1,0
BRDA:66,5,0,0
BRDA:66,5,1,0
BRDA:73,6,0,0
BRDA:73,6,1,0
BRDA:73,7,0,0
BRDA:73,7,1,0
BRDA:73,7,2,0
BRDA:88,8,0,0
BRDA:88,8,1,0
BRDA:89,9,0,0
BRDA:89,9,1,0
BRDA:96,10,0,0
BRDA:96,10,1,0
BRDA:113,11,0,0
BRDA:113,11,1,0
BRDA:117,12,0,0
BRDA:117,12,1,0
BRDA:122,13,0,0
BRDA:122,13,1,0
BRDA:133,14,0,0
BRDA:133,14,1,0
BRDA:133,15,0,0
BRDA:133,15,1,0
BRDA:141,16,0,0
BRDA:141,16,1,0
BRDA:141,17,0,0
BRDA:141,17,1,0
BRDA:148,18,0,0
BRDA:148,18,1,0
BRDA:148,19,0,0
BRDA:148,19,1,0
BRDA:150,20,0,0
BRDA:150,20,1,0
BRDA:157,21,0,0
BRDA:157,21,1,0
BRDA:157,22,0,0
BRDA:157,22,1,0
BRDA:161,23,0,0
BRDA:161,23,1,0
BRDA:172,24,0,0
BRDA:172,24,1,0
BRDA:174,25,0,0
BRDA:174,25,1,0
BRDA:184,26,0,0
BRDA:184,26,1,0
BRDA:188,27,0,0
BRDA:188,27,1,0
BRDA:196,28,0,0
BRDA:196,28,1,0
BRDA:207,29,0,0
BRDA:207,29,1,0
BRDA:229,30,0,0
BRDA:229,30,1,0
BRDA:229,31,0,0
BRDA:229,31,1,0
BRDA:231,32,0,0
BRDA:231,32,1,0
BRDA:232,33,0,0
BRDA:232,33,1,0
BRDA:236,34,0,0
BRDA:236,34,1,0
BRDA:239,35,0,0
BRDA:239,35,1,0
BRDA:253,36,0,0
BRDA:253,36,1,0
BRDA:257,37,0,0
BRDA:257,37,1,0
BRDA:270,38,0,0
BRDA:270,38,1,0
BRDA:270,39,0,0
BRDA:270,39,1,0
BRDA:279,40,0,0
BRDA:279,40,1,0
BRDA:296,41,0,0
BRDA:296,41,1,0
BRDA:297,42,0,0
BRDA:297,42,1,0
BRDA:298,43,0,0
BRDA:298,43,1,0
BRDA:307,44,0,0
BRDA:307,44,1,0
BRDA:321,45,0,0
BRDA:321,45,1,0
BRDA:330,46,0,0
BRDA:330,46,1,0
BRDA:330,47,0,0
BRDA:330,47,1,0
BRDA:341,48,0,0
BRDA:341,48,1,0
BRDA:344,49,0,0
BRDA:344,49,1,0
BRDA:349,50,0,0
BRDA:349,50,1,0
BRDA:349,51,0,0
BRDA:349,51,1,0
BRDA:356,52,0,0
BRDA:356,52,1,0
BRDA:359,53,0,0
BRDA:359,53,1,0
BRDA:359,54,0,0
BRDA:359,54,1,0
BRDA:362,55,0,0
BRDA:362,55,1,0
BRDA:372,56,0,0
BRDA:372,56,1,0
BRDA:373,57,0,0
BRDA:373,57,1,0
BRDA:382,58,0,0
BRDA:382,58,1,0
BRDA:385,59,0,0
BRDA:385,59,1,0
BRDA:392,60,0,0
BRDA:392,60,1,0
BRDA:408,61,0,0
BRDA:408,61,1,0
BRDA:417,62,0,0
BRDA:417,62,1,0
BRDA:436,63,0,0
BRDA:436,63,1,0
BRDA:437,64,0,0
BRDA:437,64,1,0
BRDA:450,65,0,0
BRDA:450,65,1,0
BRDA:461,66,0,0
BRDA:461,66,1,0
BRDA:476,67,0,0
BRDA:476,67,1,0
BRDA:476,68,0,0
BRDA:476,68,1,0
BRDA:517,69,0,0
BRDA:517,69,1,0
BRDA:524,70,0,0
BRDA:524,70,1,0
BRDA:540,71,0,0
BRDA:540,71,1,0
BRDA:553,72,0,0
BRDA:553,72,1,0
BRDA:557,73,0,0
BRDA:557,73,1,0
BRDA:565,74,0,0
BRDA:565,74,1,0
BRDA:567,75,0,0
BRDA:567,75,1,0
BRDA:571,76,0,0
BRDA:571,76,1,0
BRDA:582,77,0,0
BRDA:582,77,1,0
BRDA:600,78,0,0
BRDA:600,78,1,0
BRDA:602,79,0,0
BRDA:602,79,1,0
BRDA:606,80,0,0
BRDA:606,80,1,0
BRDA:608,81,0,0
BRDA:608,81,1,0
BRDA:632,82,0,0
BRDA:632,82,1,0
BRDA:641,83,0,0
BRDA:641,83,1,0
BRDA:648,84,0,0
BRDA:648,84,1,0
BRDA:665,85,0,0
BRDA:665,85,1,0
BRDA:672,86,0,0
BRDA:672,86,1,0
BRDA:692,87,0,0
BRDA:692,87,1,0
BRDA:708,88,0,0
BRDA:708,88,1,0
BRDA:715,89,0,0
BRDA:715,89,1,0
BRDA:715,90,0,0
BRDA:715,90,1,0
BRDA:720,91,0,0
BRDA:720,91,1,0
BRDA:720,92,0,0
BRDA:720,92,1,0
BRDA:720,92,2,0
BRDA:734,93,0,0
BRDA:734,93,1,0
BRDA:744,94,0,0
BRDA:744,94,1,0
BRDA:754,95,0,0
BRDA:754,95,1,0
BRDA:766,96,0,0
BRDA:766,96,1,0
BRDA:769,97,0,0
BRDA:769,97,1,0
BRDA:769,98,0,0
BRDA:769,98,1,0
BRDA:769,98,2,0
BRDA:769,98,3,0
BRDA:772,99,0,0
BRDA:772,99,1,0
BRDA:787,100,0,0
BRDA:787,100,1,0
BRDA:789,101,0,0
BRDA:789,101,1,0
BRDA:800,102,0,0
BRDA:800,102,1,0
BRDA:801,103,0,0
BRDA:801,103,1,0
BRDA:815,104,0,0
BRDA:815,104,1,0
BRDA:821,105,0,0
BRDA:821,105,1,0
BRDA:836,106,0,0
BRDA:836,106,1,0
BRDA:843,107,0,0
BRDA:843,107,1,0
BRDA:859,108,0,0
BRDA:859,108,1,0
BRDA:864,109,0,0
BRDA:864,110,0,0
BRDA:866,111,0,0
BRDA:866,111,1,0
BRDA:875,112,0,0
BRDA:875,112,1,0
BRDA:897,113,0,0
BRDA:897,113,1,0
BRDA:904,114,0,0
BRDA:904,114,1,0
BRDA:921,115,0,0
BRDA:921,115,1,0
BRDA:932,116,0,0
BRDA:932,116,1,0
BRDA:938,117,0,0
BRDA:938,117,1,0
BRDA:940,118,0,0
BRDA:940,118,1,0
BRDA:948,119,0,0
BRDA:948,119,1,0
BRDA:953,120,0,0
BRDA:953,120,1,0
BRDA:962,121,0,0
BRDA:962,121,1,0
BRDA:968,122,0,0
BRDA:968,122,1,0
BRDA:980,123,0,0
BRDA:980,123,1,0
BRDA:985,124,0,0
BRDA:985,124,1,0
BRDA:987,125,0,0
BRDA:987,125,1,0
BRDA:994,126,0,0
BRDA:994,126,1,0
BRDA:999,127,0,0
BRDA:999,127,1,0
BRDA:1002,128,0,0
BRDA:1002,128,1,0
BRDA:1013,129,0,0
BRDA:1013,129,1,0
BRDA:1014,130,0,0
BRDA:1014,130,1,0
BRDA:1023,131,0,0
BRDA:1023,131,1,0
BRDA:1039,132,0,0
BRDA:1039,132,1,0
BRDA:1041,133,0,0
BRDA:1041,133,1,0
BRDA:1052,134,0,0
BRDA:1052,134,1,0
BRDA:1056,135,0,0
BRDA:1056,135,1,0
BRDA:1066,136,0,0
BRDA:1066,136,1,0
BRDA:1070,137,0,0
BRDA:1070,137,1,0
BRDA:1071,138,0,0
BRDA:1071,138,1,0
BRF:280
BRH:0
end_of_record
TN:
SF:src\controllers\cashbackController.ts
FN:12,(anonymous_1)
FN:44,(anonymous_2)
FN:88,(anonymous_3)
FN:104,(anonymous_4)
FN:128,(anonymous_5)
FN:146,(anonymous_6)
FN:170,(anonymous_7)
FN:213,(anonymous_8)
FN:235,(anonymous_9)
FN:267,(anonymous_10)
FNF:10
FNH:0
FNDA:0,(anonymous_1)
FNDA:0,(anonymous_2)
FNDA:0,(anonymous_3)
FNDA:0,(anonymous_4)
FNDA:0,(anonymous_5)
FNDA:0,(anonymous_6)
FNDA:0,(anonymous_7)
FNDA:0,(anonymous_8)
FNDA:0,(anonymous_9)
FNDA:0,(anonymous_10)
DA:5,3
DA:6,3
DA:12,3
DA:13,0
DA:14,0
DA:16,0
DA:17,0
DA:21,0
DA:24,0
DA:26,0
DA:31,0
DA:32,0
DA:44,3
DA:45,0
DA:46,0
DA:47,0
DA:49,0
DA:50,0
DA:54,0
DA:57,0
DA:58,0
DA:59,0
DA:60,0
DA:61,0
DA:63,0
DA:70,0
DA:75,0
DA:76,0
DA:88,3
DA:89,0
DA:90,0
DA:92,0
DA:93,0
DA:97,0
DA:100,0
DA:104,0
DA:106,0
DA:115,0
DA:116,0
DA:128,3
DA:129,0
DA:130,0
DA:131,0
DA:133,0
DA:134,0
DA:138,0
DA:141,0
DA:146,0
DA:148,0
DA:157,0
DA:158,0
DA:170,3
DA:171,0
DA:172,0
DA:174,0
DA:175,0
DA:179,0
DA:182,0
DA:186,0
DA:187,0
DA:191,0
DA:194,0
DA:200,0
DA:201,0
DA:213,3
DA:214,0
DA:215,0
DA:217,0
DA:222,0
DA:223,0
DA:235,3
DA:236,0
DA:237,0
DA:239,0
DA:240,0
DA:244,0
DA:247,0
DA:249,0
DA:254,0
DA:255,0
DA:267,3
DA:268,0
DA:269,0
DA:270,0
DA:272,0
DA:273,0
DA:277,0
DA:280,0
DA:281,0
DA:282,0
DA:286,0
DA:289,0
DA:294,0
DA:299,0
DA:300,0
LF:95
LH:10
BRDA:16,0,0,0
BRDA:16,0,1,0
BRDA:47,1,0,0
BRDA:47,2,0,0
BRDA:49,3,0,0
BRDA:49,3,1,0
BRDA:58,4,0,0
BRDA:58,4,1,0
BRDA:59,5,0,0
BRDA:59,5,1,0
BRDA:60,6,0,0
BRDA:60,6,1,0
BRDA:61,7,0,0
BRDA:61,7,1,0
BRDA:92,8,0,0
BRDA:92,8,1,0
BRDA:131,9,0,0
BRDA:133,10,0,0
BRDA:133,10,1,0
BRDA:174,11,0,0
BRDA:174,11,1,0
BRDA:186,12,0,0
BRDA:186,12,1,0
BRDA:239,13,0,0
BRDA:239,13,1,0
BRDA:239,14,0,0
BRDA:239,14,1,0
BRDA:239,14,2,0
BRDA:270,15,0,0
BRDA:272,16,0,0
BRDA:272,16,1,0
BRDA:281,17,0,0
BRDA:281,17,1,0
BRF:33
BRH:0
end_of_record
TN:
SF:src\controllers\categoryController.ts
FN:11,(anonymous_0)
FN:39,(anonymous_1)
FN:60,(anonymous_2)
FN:84,(anonymous_3)
FN:103,(anonymous_4)
FN:122,(anonymous_5)
FNF:6
FNH:0
FNDA:0,(anonymous_0)
FNDA:0,(anonymous_1)
FNDA:0,(anonymous_2)
FNDA:0,(anonymous_3)
FNDA:0,(anonymous_4)
FNDA:0,(anonymous_5)
DA:2,3
DA:3,3
DA:7,3
DA:8,3
DA:11,3
DA:12,0
DA:14,0
DA:15,0
DA:17,0
DA:18,0
DA:19,0
DA:20,0
DA:21,0
DA:22,0
DA:25,0
DA:31,0
DA:34,0
DA:39,3
DA:40,0
DA:42,0
DA:44,0
DA:45,0
DA:47,0
DA:52,0
DA:55,0
DA:60,3
DA:61,0
DA:63,0
DA:64,0
DA:72,0
DA:73,0
DA:76,0
DA:79,0
DA:84,3
DA:85,0
DA:87,0
DA:88,0
DA:89,0
DA:91,0
DA:95,0
DA:98,0
DA:103,3
DA:104,0
DA:106,0
DA:107,0
DA:108,0
DA:110,0
DA:114,0
DA:117,0
DA:122,3
DA:123,0
DA:125,0
DA:126,0
DA:131,0
DA:133,0
DA:138,0
DA:141,0
LF:57
LH:10
BRDA:17,0,0,0
BRDA:17,0,1,0
BRDA:18,1,0,0
BRDA:18,1,1,0
BRDA:19,2,0,0
BRDA:19,2,1,0
BRDA:19,3,0,0
BRDA:19,3,1,0
BRDA:21,4,0,0
BRDA:21,4,1,0
BRDA:45,5,0,0
BRDA:45,5,1,0
BRDA:72,6,0,0
BRDA:72,6,1,0
BRDA:85,7,0,0
BRDA:89,8,0,0
BRDA:89,8,1,0
BRDA:108,9,0,0
BRDA:108,9,1,0
BRDA:123,10,0,0
BRDA:131,11,0,0
BRDA:131,11,1,0
BRF:22
BRH:0
end_of_record
TN:
SF:src\controllers\challengeController.ts
FN:6,(anonymous_1)
FN:23,(anonymous_2)
FN:44,(anonymous_3)
FN:67,(anonymous_4)
FN:88,(anonymous_5)
FN:109,(anonymous_6)
FN:129,(anonymous_7)
FN:148,(anonymous_8)
FNF:8
FNH:0
FNDA:0,(anonymous_1)
FNDA:0,(anonymous_2)
FNDA:0,(anonymous_3)
FNDA:0,(anonymous_4)
FNDA:0,(anonymous_5)
FNDA:0,(anonymous_6)
FNDA:0,(anonymous_7)
FNDA:0,(anonymous_8)
DA:2,0
DA:7,0
DA:8,0
DA:10,0
DA:15,0
DA:24,0
DA:25,0
DA:27,0
DA:31,0
DA:36,0
DA:45,0
DA:46,0
DA:47,0
DA:49,0
DA:54,0
DA:59,0
DA:68,0
DA:69,0
DA:70,0
DA:72,0
DA:74,0
DA:80,0
DA:89,0
DA:90,0
DA:91,0
DA:93,0
DA:95,0
DA:101,0
DA:110,0
DA:111,0
DA:112,0
DA:114,0
DA:116,0
DA:121,0
DA:130,0
DA:131,0
DA:133,0
DA:135,0
DA:140,0
DA:149,0
DA:150,0
DA:152,0
DA:158,0
DA:166,0
LF:44
LH:0
BRDA:112,0,0,0
BRDA:112,0,1,0
BRF:2
BRH:0
end_of_record
TN:
SF:src\controllers\comparisonController.ts
FN:14,(anonymous_0)
FN:67,(anonymous_1)
FN:90,(anonymous_2)
FN:122,(anonymous_3)
FN:182,(anonymous_4)
FN:212,(anonymous_5)
FN:270,(anonymous_6)
FN:294,(anonymous_7)
FN:312,(anonymous_8)
FN:333,(anonymous_9)
FNF:10
FNH:0
FNDA:0,(anonymous_0)
FNDA:0,(anonymous_1)
FNDA:0,(anonymous_2)
FNDA:0,(anonymous_3)
FNDA:0,(anonymous_4)
FNDA:0,(anonymous_5)
FNDA:0,(anonymous_6)
FNDA:0,(anonymous_7)
FNDA:0,(anonymous_8)
FNDA:0,(anonymous_9)
DA:2,3
DA:3,3
DA:4,3
DA:10,3
DA:11,3
DA:14,3
DA:15,0
DA:16,0
DA:18,0
DA:19,0
DA:22,0
DA:23,0
DA:26,0
DA:28,0
DA:33,0
DA:34,0
DA:38,0
DA:39,0
DA:40,0
DA:44,0
DA:50,0
DA:51,0
DA:53,0
DA:58,0
DA:59,0
DA:60,0
DA:62,0
DA:67,3
DA:68,0
DA:69,0
DA:71,0
DA:72,0
DA:75,0
DA:76,0
DA:78,0
DA:84,0
DA:85,0
DA:90,3
DA:91,0
DA:92,0
DA:94,0
DA:95,0
DA:98,0
DA:99,0
DA:104,0
DA:105,0
DA:108,0
DA:113,0
DA:114,0
DA:115,0
DA:117,0
DA:122,3
DA:123,0
DA:124,0
DA:125,0
DA:127,0
DA:128,0
DA:131,0
DA:132,0
DA:137,0
DA:138,0
DA:142,0
DA:143,0
DA:144,0
DA:148,0
DA:153,0
DA:154,0
DA:157,0
DA:161,0
DA:162,0
DA:165,0
DA:166,0
DA:168,0
DA:173,0
DA:174,0
DA:175,0
DA:177,0
DA:182,3
DA:183,0
DA:184,0
DA:186,0
DA:187,0
DA:190,0
DA:191,0
DA:196,0
DA:197,0
DA:200,0
DA:203,0
DA:204,0
DA:205,0
DA:207,0
DA:212,3
DA:213,0
DA:214,0
DA:215,0
DA:217,0
DA:218,0
DA:221,0
DA:222,0
DA:227,0
DA:228,0
DA:232,0
DA:233,0
DA:237,0
DA:238,0
DA:242,0
DA:247,0
DA:248,0
DA:252,0
DA:253,0
DA:254,0
DA:256,0
DA:261,0
DA:262,0
DA:263,0
DA:265,0
DA:270,3
DA:271,0
DA:272,0
DA:274,0
DA:275,0
DA:278,0
DA:279,0
DA:284,0
DA:285,0
DA:289,0
DA:290,0
DA:294,0
DA:295,0
DA:296,0
DA:298,0
DA:303,0
DA:304,0
DA:305,0
DA:307,0
DA:312,3
DA:313,0
DA:315,0
DA:316,0
DA:319,0
DA:320,0
DA:322,0
DA:327,0
DA:328,0
DA:333,3
DA:334,0
DA:336,0
DA:337,0
DA:340,0
DA:341,0
DA:343,0
DA:348,0
DA:349,0
LF:153
LH:14
BRDA:18,0,0,0
BRDA:18,0,1,0
BRDA:22,1,0,0
BRDA:22,1,1,0
BRDA:22,2,0,0
BRDA:22,2,1,0
BRDA:22,2,2,0
BRDA:33,3,0,0
BRDA:33,3,1,0
BRDA:39,4,0,0
BRDA:39,4,1,0
BRDA:47,5,0,0
BRDA:47,5,1,0
BRDA:59,6,0,0
BRDA:59,6,1,0
BRDA:69,7,0,0
BRDA:69,8,0,0
BRDA:71,9,0,0
BRDA:71,9,1,0
BRDA:94,10,0,0
BRDA:94,10,1,0
BRDA:104,11,0,0
BRDA:104,11,1,0
BRDA:114,12,0,0
BRDA:114,12,1,0
BRDA:127,13,0,0
BRDA:127,13,1,0
BRDA:137,14,0,0
BRDA:137,14,1,0
BRDA:142,15,0,0
BRDA:142,15,1,0
BRDA:143,16,0,0
BRDA:143,16,1,0
BRDA:143,17,0,0
BRDA:143,17,1,0
BRDA:143,17,2,0
BRDA:153,18,0,0
BRDA:153,18,1,0
BRDA:161,19,0,0
BRDA:161,19,1,0
BRDA:174,20,0,0
BRDA:174,20,1,0
BRDA:186,21,0,0
BRDA:186,21,1,0
BRDA:196,22,0,0
BRDA:196,22,1,0
BRDA:204,23,0,0
BRDA:204,23,1,0
BRDA:217,24,0,0
BRDA:217,24,1,0
BRDA:227,25,0,0
BRDA:227,25,1,0
BRDA:232,26,0,0
BRDA:232,26,1,0
BRDA:237,27,0,0
BRDA:237,27,1,0
BRDA:247,28,0,0
BRDA:247,28,1,0
BRDA:262,29,0,0
BRDA:262,29,1,0
BRDA:274,30,0,0
BRDA:274,30,1,0
BRDA:284,31,0,0
BRDA:284,31,1,0
BRDA:289,32,0,0
BRDA:289,32,1,0
BRDA:304,33,0,0
BRDA:304,33,1,0
BRDA:315,34,0,0
BRDA:315,34,1,0
BRDA:336,35,0,0
BRDA:336,35,1,0
BRF:72
BRH:0
end_of_record
TN:
SF:src\controllers\consultationController.ts
FN:11,(anonymous_1)
FN:131,(anonymous_2)
FN:185,(anonymous_3)
FN:231,(anonymous_4)
FN:310,(anonymous_5)
FN:371,(anonymous_6)
FN:436,(anonymous_7)
FNF:7
FNH:0
FNDA:0,(anonymous_1)
FNDA:0,(anonymous_2)
FNDA:0,(anonymous_3)
FNDA:0,(anonymous_4)
FNDA:0,(anonymous_5)
FNDA:0,(anonymous_6)
FNDA:0,(anonymous_7)
DA:2,3
DA:3,3
DA:4,3
DA:5,3
DA:6,3
DA:11,3
DA:12,0
DA:14,0
DA:15,0
DA:30,0
DA:32,0
DA:43,0
DA:45,0
DA:49,0
DA:50,0
DA:54,0
DA:55,0
DA:58,0
DA:60,0
DA:62,0
DA:63,0
DA:64,0
DA:68,0
DA:69,0
DA:73,0
DA:74,0
DA:75,0
DA:84,0
DA:85,0
DA:86,0
DA:88,0
DA:89,0
DA:93,0
DA:109,0
DA:111,0
DA:117,0
DA:118,0
DA:120,0
DA:123,0
DA:124,0
DA:131,3
DA:132,0
DA:134,0
DA:135,0
DA:138,0
DA:140,0
DA:147,0
DA:148,0
DA:150,0
DA:151,0
DA:154,0
DA:161,0
DA:163,0
DA:168,0
DA:177,0
DA:178,0
DA:185,3
DA:186,0
DA:187,0
DA:189,0
DA:190,0
DA:193,0
DA:194,0
DA:197,0
DA:202,0
DA:203,0
DA:210,0
DA:211,0
DA:212,0
DA:215,0
DA:220,0
DA:223,0
DA:224,0
DA:231,3
DA:232,0
DA:233,0
DA:234,0
DA:236,0
DA:237,0
DA:240,0
DA:241,0
DA:244,0
DA:251,0
DA:253,0
DA:255,0
DA:256,0
DA:259,0
DA:261,0
DA:262,0
DA:265,0
DA:266,0
DA:267,0
DA:268,0
DA:270,0
DA:271,0
DA:273,0
DA:279,0
DA:286,0
DA:288,0
DA:293,0
DA:302,0
DA:303,0
DA:310,3
DA:311,0
DA:312,0
DA:313,0
DA:315,0
DA:316,0
DA:319,0
DA:320,0
DA:323,0
DA:329,0
DA:330,0
DA:335,0
DA:336,0
DA:337,0
DA:340,0
DA:341,0
DA:344,0
DA:345,0
DA:349,0
DA:351,0
DA:352,0
DA:353,0
DA:356,0
DA:360,0
DA:363,0
DA:364,0
DA:371,3
DA:372,0
DA:373,0
DA:375,0
DA:376,0
DA:379,0
DA:380,0
DA:383,0
DA:389,0
DA:391,0
DA:393,0
DA:394,0
DA:398,0
DA:399,0
DA:402,0
DA:403,0
DA:404,0
DA:406,0
DA:407,0
DA:410,0
DA:419,0
DA:420,0
DA:423,0
DA:428,0
DA:433,0
DA:435,0
DA:436,0
DA:439,0
DA:440,0
DA:442,0
DA:443,0
DA:445,0
DA:449,0
DA:451,0
DA:452,0
DA:455,0
DA:456,0
DA:457,0
DA:458,0
DA:462,0
DA:467,0
DA:477,0
DA:478,0
LF:171
LH:11
BRDA:14,0,0,0
BRDA:14,0,1,0
BRDA:23,1,0,0
BRDA:43,2,0,0
BRDA:43,2,1,0
BRDA:43,3,0,0
BRDA:43,3,1,0
BRDA:43,3,2,0
BRDA:43,3,3,0
BRDA:43,3,4,0
BRDA:43,3,5,0
BRDA:43,3,6,0
BRDA:43,3,7,0
BRDA:49,4,0,0
BRDA:49,4,1,0
BRDA:49,5,0,0
BRDA:49,5,1,0
BRDA:49,5,2,0
BRDA:54,6,0,0
BRDA:54,6,1,0
BRDA:62,7,0,0
BRDA:62,7,1,0
BRDA:68,8,0,0
BRDA:68,8,1,0
BRDA:68,9,0,0
BRDA:68,9,1,0
BRDA:73,10,0,0
BRDA:73,10,1,0
BRDA:73,11,0,0
BRDA:73,11,1,0
BRDA:74,12,0,0
BRDA:74,12,1,0
BRDA:88,13,0,0
BRDA:88,13,1,0
BRDA:124,14,0,0
BRDA:124,14,1,0
BRDA:134,15,0,0
BRDA:134,15,1,0
BRDA:138,16,0,0
BRDA:138,17,0,0
BRDA:150,18,0,0
BRDA:150,18,1,0
BRDA:178,19,0,0
BRDA:178,19,1,0
BRDA:189,20,0,0
BRDA:189,20,1,0
BRDA:193,21,0,0
BRDA:193,21,1,0
BRDA:210,22,0,0
BRDA:210,22,1,0
BRDA:224,23,0,0
BRDA:224,23,1,0
BRDA:234,24,0,0
BRDA:234,25,0,0
BRDA:236,26,0,0
BRDA:236,26,1,0
BRDA:240,27,0,0
BRDA:240,27,1,0
BRDA:255,28,0,0
BRDA:255,28,1,0
BRDA:261,29,0,0
BRDA:261,29,1,0
BRDA:265,30,0,0
BRDA:265,30,1,0
BRDA:303,31,0,0
BRDA:303,31,1,0
BRDA:315,32,0,0
BRDA:315,32,1,0
BRDA:319,33,0,0
BRDA:319,33,1,0
BRDA:335,34,0,0
BRDA:335,34,1,0
BRDA:340,35,0,0
BRDA:340,35,1,0
BRDA:344,36,0,0
BRDA:344,36,1,0
BRDA:351,37,0,0
BRDA:351,37,1,0
BRDA:364,38,0,0
BRDA:364,38,1,0
BRDA:375,39,0,0
BRDA:375,39,1,0
BRDA:379,40,0,0
BRDA:379,40,1,0
BRDA:393,41,0,0
BRDA:393,41,1,0
BRDA:398,42,0,0
BRDA:398,42,1,0
BRDA:398,43,0,0
BRDA:398,43,1,0
BRDA:419,44,0,0
BRDA:419,44,1,0
BRDA:428,45,0,0
BRDA:428,45,1,0
BRDA:433,46,0,0
BRDA:433,46,1,0
BRDA:446,47,0,0
BRDA:446,47,1,0
BRDA:446,47,2,0
BRDA:451,48,0,0
BRDA:451,48,1,0
BRDA:456,49,0,0
BRDA:456,49,1,0
BRDA:473,50,0,0
BRDA:473,50,1,0
BRDA:478,51,0,0
BRDA:478,51,1,0
BRF:107
BRH:0
end_of_record
TN:
SF:src\controllers\couponController.ts
FN:14,(anonymous_1)
FN:55,(anonymous_2)
FN:80,(anonymous_3)
FN:105,(anonymous_4)
FN:106,(anonymous_5)
FN:107,(anonymous_6)
FN:135,(anonymous_7)
FN:181,(anonymous_8)
FN:246,(anonymous_9)
FN:309,(anonymous_10)
FN:363,(anonymous_11)
FN:408,(anonymous_12)
FNF:12
FNH:0
FNDA:0,(anonymous_1)
FNDA:0,(anonymous_2)
FNDA:0,(anonymous_3)
FNDA:0,(anonymous_4)
FNDA:0,(anonymous_5)
FNDA:0,(anonymous_6)
FNDA:0,(anonymous_7)
FNDA:0,(anonymous_8)
FNDA:0,(anonymous_9)
FNDA:0,(anonymous_10)
FNDA:0,(anonymous_11)
FNDA:0,(anonymous_12)
DA:5,3
DA:6,3
DA:7,3
DA:8,3
DA:14,3
DA:15,0
DA:16,0
DA:18,0
DA:20,0
DA:21,0
DA:24,0
DA:25,0
DA:28,0
DA:29,0
DA:32,0
DA:34,0
DA:42,0
DA:43,0
DA:55,3
DA:56,0
DA:57,0
DA:59,0
DA:67,0
DA:68,0
DA:80,3
DA:81,0
DA:82,0
DA:83,0
DA:85,0
DA:86,0
DA:90,0
DA:93,0
DA:95,0
DA:96,0
DA:99,0
DA:105,0
DA:106,0
DA:107,0
DA:109,0
DA:122,0
DA:123,0
DA:135,3
DA:136,0
DA:137,0
DA:138,0
DA:140,0
DA:141,0
DA:145,0
DA:148,0
DA:153,0
DA:154,0
DA:158,0
DA:161,0
DA:167,0
DA:168,0
DA:181,3
DA:182,0
DA:183,0
DA:184,0
DA:186,0
DA:187,0
DA:191,0
DA:194,0
DA:195,0
DA:199,0
DA:203,0
DA:208,0
DA:210,0
DA:211,0
DA:216,0
DA:219,0
DA:232,0
DA:233,0
DA:246,3
DA:247,0
DA:248,0
DA:249,0
DA:251,0
DA:252,0
DA:256,0
DA:259,0
DA:260,0
DA:264,0
DA:268,0
DA:273,0
DA:275,0
DA:276,0
DA:281,0
DA:285,0
DA:287,0
DA:296,0
DA:297,0
DA:309,3
DA:310,0
DA:311,0
DA:312,0
DA:314,0
DA:315,0
DA:319,0
DA:322,0
DA:327,0
DA:328,0
DA:332,0
DA:335,0
DA:336,0
DA:340,0
DA:343,0
DA:345,0
DA:350,0
DA:351,0
DA:363,3
DA:364,0
DA:365,0
DA:367,0
DA:368,0
DA:372,0
DA:375,0
DA:377,0
DA:378,0
DA:381,0
DA:382,0
DA:385,0
DA:387,0
DA:395,0
DA:396,0
DA:408,3
DA:409,0
DA:410,0
DA:412,0
DA:414,0
DA:415,0
DA:419,0
DA:423,0
DA:425,0
DA:430,0
DA:431,0
LF:136
LH:13
BRDA:20,0,0,0
BRDA:20,0,1,0
BRDA:24,1,0,0
BRDA:24,1,1,0
BRDA:28,2,0,0
BRDA:28,2,1,0
BRDA:85,3,0,0
BRDA:85,3,1,0
BRDA:95,4,0,0
BRDA:95,4,1,0
BRDA:140,5,0,0
BRDA:140,5,1,0
BRDA:153,6,0,0
BRDA:153,6,1,0
BRDA:186,7,0,0
BRDA:186,7,1,0
BRDA:194,8,0,0
BRDA:194,8,1,0
BRDA:194,9,0,0
BRDA:194,9,1,0
BRDA:210,10,0,0
BRDA:210,10,1,0
BRDA:251,11,0,0
BRDA:251,11,1,0
BRDA:259,12,0,0
BRDA:259,12,1,0
BRDA:275,13,0,0
BRDA:275,13,1,0
BRDA:314,14,0,0
BRDA:314,14,1,0
BRDA:327,15,0,0
BRDA:327,15,1,0
BRDA:335,16,0,0
BRDA:335,16,1,0
BRDA:367,17,0,0
BRDA:367,17,1,0
BRDA:377,18,0,0
BRDA:377,18,1,0
BRDA:381,19,0,0
BRDA:381,19,1,0
BRDA:414,20,0,0
BRDA:414,20,1,0
BRF:42
BRH:0
end_of_record
TN:
SF:src\controllers\discountController.ts
FN:11,(anonymous_1)
FN:81,(anonymous_2)
FN:102,(anonymous_3)
FN:158,(anonymous_4)
FN:189,(anonymous_5)
FN:242,(anonymous_6)
FN:243,(anonymous_7)
FN:257,(anonymous_8)
FN:258,(anonymous_9)
FN:306,(anonymous_10)
FN:385,(anonymous_11)
FN:417,(anonymous_12)
FN:454,(anonymous_13)
FN:477,(anonymous_14)
FNF:14
FNH:0
FNDA:0,(anonymous_1)
FNDA:0,(anonymous_2)
FNDA:0,(anonymous_3)
FNDA:0,(anonymous_4)
FNDA:0,(anonymous_5)
FNDA:0,(anonymous_6)
FNDA:0,(anonymous_7)
FNDA:0,(anonymous_8)
FNDA:0,(anonymous_9)
FNDA:0,(anonymous_10)
FNDA:0,(anonymous_11)
FNDA:0,(anonymous_12)
FNDA:0,(anonymous_13)
FNDA:0,(anonymous_14)
DA:2,3
DA:3,3
DA:4,3
DA:5,3
DA:11,3
DA:12,0
DA:22,0
DA:25,0
DA:26,0
DA:36,0
DA:37,0
DA:40,0
DA:41,0
DA:44,0
DA:45,0
DA:48,0
DA:49,0
DA:53,0
DA:54,0
DA:57,0
DA:58,0
DA:59,0
DA:61,0
DA:70,0
DA:72,0
DA:73,0
DA:81,3
DA:82,0
DA:83,0
DA:85,0
DA:87,0
DA:88,0
DA:91,0
DA:93,0
DA:94,0
DA:102,3
DA:103,0
DA:104,0
DA:105,0
DA:106,0
DA:108,0
DA:109,0
DA:110,0
DA:113,0
DA:132,0
DA:137,0
DA:138,0
DA:140,0
DA:141,0
DA:142,0
DA:143,0
DA:144,0
DA:146,0
DA:147,0
DA:155,0
DA:158,0
DA:159,0
DA:160,0
DA:161,0
DA:163,0
DA:166,0
DA:167,0
DA:170,0
DA:178,0
DA:180,0
DA:181,0
DA:189,3
DA:190,0
DA:191,0
DA:192,0
DA:194,0
DA:195,0
DA:198,0
DA:199,0
DA:203,0
DA:208,0
DA:209,0
DA:213,0
DA:214,0
DA:215,0
DA:218,0
DA:219,0
DA:223,0
DA:224,0
DA:228,0
DA:229,0
DA:237,0
DA:238,0
DA:239,0
DA:242,0
DA:243,0
DA:244,0
DA:247,0
DA:248,0
DA:252,0
DA:253,0
DA:254,0
DA:257,0
DA:258,0
DA:259,0
DA:262,0
DA:263,0
DA:268,0
DA:269,0
DA:270,0
DA:272,0
DA:273,0
DA:278,0
DA:280,0
DA:297,0
DA:298,0
DA:306,3
DA:307,0
DA:308,0
DA:309,0
DA:311,0
DA:312,0
DA:316,0
DA:318,0
DA:319,0
DA:322,0
DA:323,0
DA:327,0
DA:328,0
DA:330,0
DA:331,0
DA:335,0
DA:337,0
DA:338,0
DA:346,0
DA:359,0
DA:362,0
DA:363,0
DA:365,0
DA:376,0
DA:377,0
DA:385,3
DA:386,0
DA:387,0
DA:388,0
DA:391,0
DA:392,0
DA:393,0
DA:395,0
DA:406,0
DA:408,0
DA:409,0
DA:417,3
DA:418,0
DA:419,0
DA:421,0
DA:422,0
DA:424,0
DA:426,0
DA:427,0
DA:430,0
DA:445,0
DA:446,0
DA:454,3
DA:455,0
DA:456,0
DA:457,0
DA:459,0
DA:460,0
DA:472,0
DA:477,0
DA:478,0
DA:479,0
DA:480,0
DA:482,0
DA:485,0
DA:486,0
DA:489,0
DA:496,0
DA:498,0
DA:499,0
LF:176
LH:12
BRDA:14,0,0,0
BRDA:15,1,0,0
BRDA:20,2,0,0
BRDA:21,3,0,0
BRDA:36,4,0,0
BRDA:36,4,1,0
BRDA:40,5,0,0
BRDA:40,5,1,0
BRDA:44,6,0,0
BRDA:44,6,1,0
BRDA:48,7,0,0
BRDA:48,7,1,0
BRDA:54,8,0,0
BRDA:54,8,1,0
BRDA:87,9,0,0
BRDA:87,9,1,0
BRDA:105,10,0,0
BRDA:110,11,0,0
BRDA:110,11,1,0
BRDA:137,12,0,0
BRDA:137,12,1,0
BRDA:142,13,0,0
BRDA:142,13,1,0
BRDA:144,14,0,0
BRDA:144,14,1,0
BRDA:160,15,0,0
BRDA:160,15,1,0
BRDA:166,16,0,0
BRDA:166,16,1,0
BRDA:166,17,0,0
BRDA:166,17,1,0
BRDA:194,18,0,0
BRDA:194,18,1,0
BRDA:198,19,0,0
BRDA:198,19,1,0
BRDA:198,20,0,0
BRDA:198,20,1,0
BRDA:208,21,0,0
BRDA:208,21,1,0
BRDA:214,22,0,0
BRDA:214,22,1,0
BRDA:218,23,0,0
BRDA:218,23,1,0
BRDA:223,24,0,0
BRDA:223,24,1,0
BRDA:223,25,0,0
BRDA:223,25,1,0
BRDA:228,26,0,0
BRDA:228,26,1,0
BRDA:237,27,0,0
BRDA:237,27,1,0
BRDA:238,28,0,0
BRDA:238,28,1,0
BRDA:238,29,0,0
BRDA:238,29,1,0
BRDA:242,30,0,0
BRDA:242,30,1,0
BRDA:247,31,0,0
BRDA:247,31,1,0
BRDA:252,32,0,0
BRDA:252,32,1,0
BRDA:253,33,0,0
BRDA:253,33,1,0
BRDA:253,34,0,0
BRDA:253,34,1,0
BRDA:257,35,0,0
BRDA:257,35,1,0
BRDA:262,36,0,0
BRDA:262,36,1,0
BRDA:268,37,0,0
BRDA:268,37,1,0
BRDA:272,38,0,0
BRDA:272,38,1,0
BRDA:273,39,0,0
BRDA:273,39,1,0
BRDA:311,40,0,0
BRDA:311,40,1,0
BRDA:311,41,0,0
BRDA:311,41,1,0
BRDA:311,41,2,0
BRDA:318,42,0,0
BRDA:318,42,1,0
BRDA:322,43,0,0
BRDA:322,43,1,0
BRDA:330,44,0,0
BRDA:330,44,1,0
BRDA:331,45,0,0
BRDA:331,45,1,0
BRDA:337,46,0,0
BRDA:337,46,1,0
BRDA:388,47,0,0
BRDA:388,48,0,0
BRDA:426,49,0,0
BRDA:426,49,1,0
BRDA:456,50,0,0
BRDA:479,51,0,0
BRDA:479,51,1,0
BRDA:485,52,0,0
BRDA:485,52,1,0
BRDA:485,53,0,0
BRDA:485,53,1,0
BRDA:492,54,0,0
BRDA:492,54,1,0
BRF:103
BRH:0
end_of_record
TN:
SF:src\controllers\diverseRecommendationController.ts
FN:54,calculateRelevanceScore
FN:94,calculateDiversityContribution
FN:106,(anonymous_3)
FN:110,(anonymous_4)
FN:115,(anonymous_5)
FN:125,(anonymous_6)
FN:193,(anonymous_7)
FN:253,(anonymous_8)
FN:259,(anonymous_9)
FN:261,(anonymous_10)
FN:267,(anonymous_11)
FN:324,(anonymous_12)
FN:338,(anonymous_13)
FN:340,(anonymous_14)
FN:386,(anonymous_15)
FN:398,(anonymous_16)
FN:427,(anonymous_17)
FN:465,(anonymous_18)
FN:487,trackRecommendationAnalytics
FNF:19
FNH:0
FNDA:0,calculateRelevanceScore
FNDA:0,calculateDiversityContribution
FNDA:0,(anonymous_3)
FNDA:0,(anonymous_4)
FNDA:0,(anonymous_5)
FNDA:0,(anonymous_6)
FNDA:0,(anonymous_7)
FNDA:0,(anonymous_8)
FNDA:0,(anonymous_9)
FNDA:0,(anonymous_10)
FNDA:0,(anonymous_11)
FNDA:0,(anonymous_12)
FNDA:0,(anonymous_13)
FNDA:0,(anonymous_14)
FNDA:0,(anonymous_15)
FNDA:0,(anonymous_16)
FNDA:0,(anonymous_17)
FNDA:0,(anonymous_18)
FNDA:0,trackRecommendationAnalytics
DA:2,3
DA:3,3
DA:5,3
DA:6,3
DA:7,3
DA:8,3
DA:9,3
DA:56,0
DA:57,0
DA:60,0
DA:61,0
DA:62,0
DA:63,0
DA:66,0
DA:67,0
DA:68,0
DA:71,0
DA:72,0
DA:76,0
DA:82,0
DA:98,0
DA:101,0
DA:102,0
DA:103,0
DA:106,0
DA:107,0
DA:110,0
DA:111,0
DA:115,0
DA:116,0
DA:117,0
DA:118,0
DA:119,0
DA:121,0
DA:122,0
DA:123,0
DA:125,0
DA:126,0
DA:127,0
DA:128,0
DA:129,0
DA:130,0
DA:134,0
DA:135,0
DA:136,0
DA:139,0
DA:144,0
DA:193,3
DA:194,0
DA:195,0
DA:197,0
DA:198,0
DA:208,0
DA:211,0
DA:213,0
DA:232,0
DA:235,0
DA:237,0
DA:239,0
DA:240,0
DA:241,0
DA:242,0
DA:244,0
DA:247,0
DA:250,0
DA:254,0
DA:255,0
DA:257,0
DA:259,0
DA:261,0
DA:262,0
DA:263,0
DA:265,0
DA:267,0
DA:269,0
DA:275,0
DA:282,0
DA:283,0
DA:286,0
DA:287,0
DA:291,0
DA:292,0
DA:294,0
DA:301,0
DA:303,0
DA:304,0
DA:305,0
DA:318,0
DA:320,0
DA:321,0
DA:324,0
DA:325,0
DA:326,0
DA:327,0
DA:329,0
DA:338,0
DA:340,0
DA:348,0
DA:350,0
DA:351,0
DA:354,0
DA:357,0
DA:358,0
DA:362,0
DA:364,0
DA:367,0
DA:369,0
DA:381,0
DA:385,0
DA:386,0
DA:389,0
DA:391,0
DA:392,0
DA:395,0
DA:396,0
DA:398,0
DA:402,0
DA:408,0
DA:409,0
DA:413,0
DA:416,0
DA:417,0
DA:419,0
DA:420,0
DA:427,0
DA:446,0
DA:458,0
DA:460,0
DA:461,0
DA:464,0
DA:465,0
DA:467,0
DA:470,0
DA:471,0
DA:473,0
DA:493,0
DA:495,0
DA:497,0
DA:507,0
DA:509,0
DA:515,0
DA:519,3
LF:142
LH:9
BRDA:56,0,0,0
BRDA:56,0,1,0
BRDA:56,0,2,0
BRDA:60,1,0,0
BRDA:60,1,1,0
BRDA:61,2,0,0
BRDA:61,2,1,0
BRDA:66,3,0,0
BRDA:66,3,1,0
BRDA:71,4,0,0
BRDA:71,4,1,0
BRDA:72,5,0,0
BRDA:72,5,1,0
BRDA:98,6,0,0
BRDA:98,6,1,0
BRDA:101,7,0,0
BRDA:101,7,1,0
BRDA:101,7,2,0
BRDA:102,8,0,0
BRDA:102,8,1,0
BRDA:102,8,2,0
BRDA:103,9,0,0
BRDA:103,9,1,0
BRDA:103,9,2,0
BRDA:107,10,0,0
BRDA:107,10,1,0
BRDA:111,11,0,0
BRDA:111,11,1,0
BRDA:115,12,0,0
BRDA:115,12,1,0
BRDA:115,12,2,0
BRDA:122,13,0,0
BRDA:122,13,1,0
BRDA:123,14,0,0
BRDA:123,14,1,0
BRDA:126,15,0,0
BRDA:126,15,1,0
BRDA:126,15,2,0
BRDA:128,16,0,0
BRDA:128,16,1,0
BRDA:129,17,0,0
BRDA:129,17,1,0
BRDA:198,18,0,0
BRDA:198,18,1,0
BRDA:202,19,0,0
BRDA:203,20,0,0
BRDA:204,21,0,0
BRDA:205,22,0,0
BRDA:206,23,0,0
BRDA:207,24,0,0
BRDA:224,25,0,0
BRDA:225,26,0,0
BRDA:226,27,0,0
BRDA:227,28,0,0
BRDA:228,29,0,0
BRDA:229,30,0,0
BRDA:230,31,0,0
BRDA:231,32,0,0
BRDA:235,33,0,0
BRDA:235,33,1,0
BRDA:240,34,0,0
BRDA:240,34,1,0
BRDA:282,35,0,0
BRDA:282,35,1,0
BRDA:286,36,0,0
BRDA:286,36,1,0
BRDA:303,37,0,0
BRDA:303,37,1,0
BRDA:320,38,0,0
BRDA:320,38,1,0
BRDA:320,39,0,0
BRDA:320,39,1,0
BRDA:351,40,0,0
BRDA:351,40,1,0
BRDA:357,41,0,0
BRDA:357,41,1,0
BRDA:357,42,0,0
BRDA:357,42,1,0
BRDA:386,43,0,0
BRDA:386,43,1,0
BRDA:386,43,2,0
BRDA:391,44,0,0
BRDA:391,44,1,0
BRDA:431,45,0,0
BRDA:431,45,1,0
BRDA:432,46,0,0
BRDA:432,46,1,0
BRDA:433,47,0,0
BRDA:433,47,1,0
BRDA:438,48,0,0
BRDA:438,48,1,0
BRDA:471,49,0,0
BRDA:471,49,1,0
BRF:93
BRH:0
end_of_record
TN:
SF:src\controllers\earningsController.ts
FN:18,(anonymous_10)
FN:35,(anonymous_11)
FN:44,(anonymous_12)
FN:45,(anonymous_13)
FN:65,(anonymous_14)
FN:74,(anonymous_15)
FN:94,(anonymous_16)
FN:102,(anonymous_17)
FN:118,(anonymous_18)
FN:145,(anonymous_19)
FN:156,(anonymous_20)
FN:157,(anonymous_21)
FN:202,(anonymous_22)
FN:220,(anonymous_23)
FN:221,(anonymous_24)
FN:238,(anonymous_25)
FN:240,(anonymous_26)
FN:278,(anonymous_27)
FN:295,(anonymous_28)
FN:317,(anonymous_29)
FN:345,(anonymous_30)
FN:364,(anonymous_31)
FN:410,(anonymous_32)
FN:430,(anonymous_33)
FN:431,(anonymous_34)
FN:460,(anonymous_35)
FN:487,(anonymous_36)
FN:514,(anonymous_37)
FN:534,(anonymous_38)
FN:541,(anonymous_39)
FN:557,(anonymous_40)
FN:558,(anonymous_41)
FN:561,(anonymous_42)
FN:562,(anonymous_43)
FN:565,(anonymous_44)
FN:566,(anonymous_45)
FN:569,(anonymous_46)
FN:569,(anonymous_47)
FN:570,(anonymous_48)
FN:570,(anonymous_49)
FN:571,(anonymous_50)
FN:571,(anonymous_51)
FN:572,(anonymous_52)
FN:572,(anonymous_53)
FN:607,(anonymous_54)
FN:624,(anonymous_55)
FN:632,(anonymous_56)
FNF:47
FNH:0
FNDA:0,(anonymous_10)
FNDA:0,(anonymous_11)
FNDA:0,(anonymous_12)
FNDA:0,(anonymous_13)
FNDA:0,(anonymous_14)
FNDA:0,(anonymous_15)
FNDA:0,(anonymous_16)
FNDA:0,(anonymous_17)
FNDA:0,(anonymous_18)
FNDA:0,(anonymous_19)
FNDA:0,(anonymous_20)
FNDA:0,(anonymous_21)
FNDA:0,(anonymous_22)
FNDA:0,(anonymous_23)
FNDA:0,(anonymous_24)
FNDA:0,(anonymous_25)
FNDA:0,(anonymous_26)
FNDA:0,(anonymous_27)
FNDA:0,(anonymous_28)
FNDA:0,(anonymous_29)
FNDA:0,(anonymous_30)
FNDA:0,(anonymous_31)
FNDA:0,(anonymous_32)
FNDA:0,(anonymous_33)
FNDA:0,(anonymous_34)
FNDA:0,(anonymous_35)
FNDA:0,(anonymous_36)
FNDA:0,(anonymous_37)
FNDA:0,(anonymous_38)
FNDA:0,(anonymous_39)
FNDA:0,(anonymous_40)
FNDA:0,(anonymous_41)
FNDA:0,(anonymous_42)
FNDA:0,(anonymous_43)
FNDA:0,(anonymous_44)
FNDA:0,(anonymous_45)
FNDA:0,(anonymous_46)
FNDA:0,(anonymous_47)
FNDA:0,(anonymous_48)
FNDA:0,(anonymous_49)
FNDA:0,(anonymous_50)
FNDA:0,(anonymous_51)
FNDA:0,(anonymous_52)
FNDA:0,(anonymous_53)
FNDA:0,(anonymous_54)
FNDA:0,(anonymous_55)
FNDA:0,(anonymous_56)
DA:2,3
DA:3,3
DA:4,3
DA:5,3
DA:6,3
DA:7,3
DA:8,3
DA:9,3
DA:10,3
DA:11,3
DA:18,3
DA:19,0
DA:20,0
DA:23,0
DA:24,0
DA:26,0
DA:33,0
DA:36,0
DA:38,0
DA:42,0
DA:43,0
DA:44,0
DA:45,0
DA:47,0
DA:50,0
DA:51,0
DA:56,0
DA:57,0
DA:59,0
DA:60,0
DA:66,0
DA:68,0
DA:73,0
DA:74,0
DA:76,0
DA:77,0
DA:80,0
DA:81,0
DA:85,0
DA:86,0
DA:88,0
DA:89,0
DA:95,0
DA:96,0
DA:101,0
DA:102,0
DA:104,0
DA:105,0
DA:109,0
DA:110,0
DA:112,0
DA:113,0
DA:119,0
DA:120,0
DA:121,0
DA:123,0
DA:124,0
DA:130,0
DA:133,0
DA:141,0
DA:142,0
DA:144,0
DA:145,0
DA:146,0
DA:148,0
DA:149,0
DA:151,0
DA:156,0
DA:157,0
DA:158,0
DA:161,0
DA:167,0
DA:170,0
DA:178,0
DA:181,0
DA:182,0
DA:187,0
DA:190,0
DA:192,0
DA:193,0
DA:202,3
DA:203,0
DA:204,0
DA:207,0
DA:208,0
DA:210,0
DA:212,0
DA:216,0
DA:217,0
DA:220,0
DA:221,0
DA:222,0
DA:223,0
DA:224,0
DA:225,0
DA:226,0
DA:233,0
DA:237,0
DA:238,0
DA:240,0
DA:241,0
DA:245,0
DA:246,0
DA:250,0
DA:257,0
DA:260,0
DA:261,0
DA:263,0
DA:266,0
DA:268,0
DA:269,0
DA:278,3
DA:279,0
DA:280,0
DA:283,0
DA:284,0
DA:286,0
DA:288,0
DA:291,0
DA:294,0
DA:295,0
DA:299,0
DA:303,0
DA:305,0
DA:307,0
DA:308,0
DA:317,3
DA:318,0
DA:319,0
DA:322,0
DA:323,0
DA:325,0
DA:327,0
DA:330,0
DA:335,0
DA:336,0
DA:345,3
DA:346,0
DA:347,0
DA:350,0
DA:351,0
DA:353,0
DA:355,0
DA:360,0
DA:361,0
DA:362,0
DA:364,0
DA:366,0
DA:367,0
DA:371,0
DA:372,0
DA:374,0
DA:375,0
DA:381,0
DA:382,0
DA:385,0
DA:387,0
DA:396,0
DA:398,0
DA:400,0
DA:401,0
DA:410,3
DA:411,0
DA:412,0
DA:415,0
DA:416,0
DA:418,0
DA:420,0
DA:421,0
DA:422,0
DA:425,0
DA:426,0
DA:430,0
DA:431,0
DA:432,0
DA:433,0
DA:454,0
DA:455,0
DA:460,0
DA:461,0
DA:462,0
DA:481,0
DA:482,0
DA:487,0
DA:488,0
DA:507,0
DA:508,0
DA:514,0
DA:515,0
DA:534,0
DA:535,0
DA:539,0
DA:540,0
DA:541,0
DA:542,0
DA:543,0
DA:544,0
DA:545,0
DA:550,0
DA:551,0
DA:552,0
DA:553,0
DA:556,0
DA:557,0
DA:558,0
DA:560,0
DA:561,0
DA:562,0
DA:564,0
DA:565,0
DA:566,0
DA:568,0
DA:569,0
DA:570,0
DA:571,0
DA:572,0
DA:575,0
DA:593,0
DA:595,0
DA:597,0
DA:598,0
DA:607,3
DA:608,0
DA:609,0
DA:612,0
DA:613,0
DA:615,0
DA:617,0
DA:619,0
DA:620,0
DA:624,0
DA:625,0
DA:627,0
DA:628,0
DA:632,0
DA:633,0
DA:636,0
DA:637,0
DA:641,0
DA:642,0
DA:643,0
DA:649,0
DA:659,0
DA:660,0
DA:672,0
DA:675,0
DA:690,0
DA:692,0
DA:697,0
DA:698,0
LF:250
LH:17
BRDA:19,0,0,0
BRDA:19,0,1,0
BRDA:47,1,0,0
BRDA:47,1,1,0
BRDA:47,2,0,0
BRDA:47,2,1,0
BRDA:47,2,2,0
BRDA:47,2,3,0
BRDA:47,2,4,0
BRDA:76,3,0,0
BRDA:76,3,1,0
BRDA:76,4,0,0
BRDA:76,4,1,0
BRDA:80,5,0,0
BRDA:80,5,1,0
BRDA:80,6,0,0
BRDA:80,6,1,0
BRDA:80,6,2,0
BRDA:104,7,0,0
BRDA:104,7,1,0
BRDA:121,8,0,0
BRDA:121,8,1,0
BRDA:148,9,0,0
BRDA:148,9,1,0
BRDA:149,10,0,0
BRDA:149,10,1,0
BRDA:158,11,0,0
BRDA:158,11,1,0
BRDA:158,12,0,0
BRDA:158,12,1,0
BRDA:158,12,2,0
BRDA:158,12,3,0
BRDA:203,13,0,0
BRDA:203,13,1,0
BRDA:222,14,0,0
BRDA:222,14,1,0
BRDA:222,15,0,0
BRDA:222,15,1,0
BRDA:223,16,0,0
BRDA:223,16,1,0
BRDA:223,17,0,0
BRDA:223,17,1,0
BRDA:225,18,0,0
BRDA:225,18,1,0
BRDA:241,19,0,0
BRDA:241,19,1,0
BRDA:245,20,0,0
BRDA:245,20,1,0
BRDA:279,21,0,0
BRDA:279,21,1,0
BRDA:294,22,0,0
BRDA:294,22,1,0
BRDA:299,23,0,0
BRDA:299,23,1,0
BRDA:318,24,0,0
BRDA:318,24,1,0
BRDA:346,25,0,0
BRDA:346,25,1,0
BRDA:366,26,0,0
BRDA:366,26,1,0
BRDA:366,27,0,0
BRDA:366,27,1,0
BRDA:371,28,0,0
BRDA:371,28,1,0
BRDA:371,29,0,0
BRDA:371,29,1,0
BRDA:371,29,2,0
BRDA:374,30,0,0
BRDA:374,30,1,0
BRDA:374,31,0,0
BRDA:374,31,1,0
BRDA:374,31,2,0
BRDA:382,32,0,0
BRDA:382,32,1,0
BRDA:411,33,0,0
BRDA:411,33,1,0
BRDA:416,34,0,0
BRDA:416,35,0,0
BRDA:425,36,0,0
BRDA:425,36,1,0
BRDA:425,37,0,0
BRDA:425,37,1,0
BRDA:432,38,0,0
BRDA:432,38,1,0
BRDA:432,39,0,0
BRDA:432,39,1,0
BRDA:432,39,2,0
BRDA:432,39,3,0
BRDA:434,40,0,0
BRDA:434,40,1,0
BRDA:445,41,0,0
BRDA:445,41,1,0
BRDA:454,42,0,0
BRDA:454,42,1,0
BRDA:454,43,0,0
BRDA:454,43,1,0
BRDA:461,44,0,0
BRDA:461,44,1,0
BRDA:461,45,0,0
BRDA:461,45,1,0
BRDA:469,46,0,0
BRDA:469,46,1,0
BRDA:473,47,0,0
BRDA:473,47,1,0
BRDA:481,48,0,0
BRDA:481,48,1,0
BRDA:481,49,0,0
BRDA:481,49,1,0
BRDA:495,50,0,0
BRDA:495,50,1,0
BRDA:496,51,0,0
BRDA:496,51,1,0
BRDA:507,52,0,0
BRDA:507,52,1,0
BRDA:507,53,0,0
BRDA:507,53,1,0
BRDA:521,54,0,0
BRDA:521,54,1,0
BRDA:522,55,0,0
BRDA:522,55,1,0
BRDA:540,56,0,0
BRDA:540,56,1,0
BRDA:540,57,0,0
BRDA:540,57,1,0
BRDA:543,58,0,0
BRDA:543,58,1,0
BRDA:543,59,0,0
BRDA:543,59,1,0
BRDA:544,60,0,0
BRDA:544,60,1,0
BRDA:544,61,0,0
BRDA:544,61,1,0
BRDA:608,62,0,0
BRDA:608,62,1,0
BRDA:619,63,0,0
BRDA:619,63,1,0
BRDA:619,64,0,0
BRDA:619,64,1,0
BRDA:627,65,0,0
BRDA:627,65,1,0
BRDA:633,66,0,0
BRDA:633,66,1,0
BRDA:636,67,0,0
BRDA:636,67,1,0
BRDA:642,68,0,0
BRDA:642,68,1,0
BRDA:682,69,0,0
BRDA:682,69,1,0
BRF:148
BRH:0
end_of_record
TN:
SF:src\controllers\eventController.ts
FN:13,(anonymous_1)
FN:94,(anonymous_2)
FN:133,(anonymous_3)
FN:164,(anonymous_4)
FN:243,(anonymous_5)
FN:264,(anonymous_6)
FN:336,(anonymous_7)
FN:357,(anonymous_8)
FN:385,(anonymous_9)
FN:479,(anonymous_10)
FN:517,(anonymous_11)
FN:635,(anonymous_12)
FN:669,(anonymous_13)
FN:688,(anonymous_14)
FN:720,(anonymous_15)
FN:757,(anonymous_16)
FN:757,(anonymous_17)
FN:781,(anonymous_18)
FN:803,(anonymous_19)
FN:850,(anonymous_20)
FN:863,(anonymous_21)
FN:915,(anonymous_22)
FNF:22
FNH:0
FNDA:0,(anonymous_1)
FNDA:0,(anonymous_2)
FNDA:0,(anonymous_3)
FNDA:0,(anonymous_4)
FNDA:0,(anonymous_5)
FNDA:0,(anonymous_6)
FNDA:0,(anonymous_7)
FNDA:0,(anonymous_8)
FNDA:0,(anonymous_9)
FNDA:0,(anonymous_10)
FNDA:0,(anonymous_11)
FNDA:0,(anonymous_12)
FNDA:0,(anonymous_13)
FNDA:0,(anonymous_14)
FNDA:0,(anonymous_15)
FNDA:0,(anonymous_16)
FNDA:0,(anonymous_17)
FNDA:0,(anonymous_18)
FNDA:0,(anonymous_19)
FNDA:0,(anonymous_20)
FNDA:0,(anonymous_21)
FNDA:0,(anonymous_22)
DA:2,3
DA:3,3
DA:4,3
DA:5,3
DA:8,3
DA:13,3
DA:23,0
DA:26,0
DA:28,0
DA:29,0
DA:32,0
DA:33,0
DA:36,0
DA:37,0
DA:38,0
DA:39,0
DA:40,0
DA:46,0
DA:47,0
DA:50,0
DA:51,0
DA:55,0
DA:56,0
DA:58,0
DA:59,0
DA:61,0
DA:62,0
DA:64,0
DA:65,0
DA:67,0
DA:68,0
DA:71,0
DA:77,0
DA:79,0
DA:94,3
DA:95,0
DA:98,0
DA:99,0
DA:105,0
DA:107,0
DA:108,0
DA:114,0
DA:115,0
DA:122,0
DA:124,0
DA:133,3
DA:134,0
DA:135,0
DA:137,0
DA:146,0
DA:151,0
DA:164,3
DA:175,0
DA:178,0
DA:180,0
DA:181,0
DA:184,0
DA:185,0
DA:188,0
DA:189,0
DA:192,0
DA:193,0
DA:194,0
DA:195,0
DA:196,0
DA:202,0
DA:203,0
DA:204,0
DA:205,0
DA:208,0
DA:209,0
DA:213,0
DA:214,0
DA:215,0
DA:218,0
DA:224,0
DA:227,0
DA:229,0
DA:243,3
DA:244,0
DA:246,0
DA:255,0
DA:264,3
DA:265,0
DA:266,0
DA:267,0
DA:269,0
DA:270,0
DA:277,0
DA:278,0
DA:279,0
DA:286,0
DA:287,0
DA:295,0
DA:301,0
DA:303,0
DA:304,0
DA:312,0
DA:314,0
DA:317,0
DA:318,0
DA:321,0
DA:322,0
DA:328,0
DA:329,0
DA:330,0
DA:336,0
DA:337,0
DA:338,0
DA:344,0
DA:345,0
DA:352,0
DA:353,0
DA:357,0
DA:358,0
DA:359,0
DA:360,0
DA:364,0
DA:375,0
DA:378,0
DA:381,0
DA:382,0
DA:383,0
DA:385,0
DA:386,0
DA:398,0
DA:399,0
DA:402,0
DA:404,0
DA:411,0
DA:433,0
DA:439,0
DA:440,0
DA:443,0
DA:449,0
DA:454,0
DA:460,0
DA:464,0
DA:479,3
DA:480,0
DA:481,0
DA:483,0
DA:484,0
DA:490,0
DA:491,0
DA:492,0
DA:495,0
DA:502,0
DA:504,0
DA:517,3
DA:518,0
DA:519,0
DA:520,0
DA:522,0
DA:529,0
DA:530,0
DA:536,0
DA:541,0
DA:542,0
DA:543,0
DA:549,0
DA:555,0
DA:556,0
DA:557,0
DA:564,0
DA:565,0
DA:566,0
DA:575,0
DA:576,0
DA:577,0
DA:587,0
DA:588,0
DA:594,0
DA:598,0
DA:604,0
DA:605,0
DA:606,0
DA:607,0
DA:609,0
DA:611,0
DA:617,0
DA:623,0
DA:624,0
DA:635,3
DA:636,0
DA:637,0
DA:639,0
DA:640,0
DA:646,0
DA:651,0
DA:652,0
DA:658,0
DA:659,0
DA:666,0
DA:667,0
DA:668,0
DA:669,0
DA:670,0
DA:671,0
DA:672,0
DA:677,0
DA:679,0
DA:688,3
DA:689,0
DA:690,0
DA:692,0
DA:693,0
DA:701,0
DA:702,0
DA:703,0
DA:709,0
DA:711,0
DA:720,3
DA:721,0
DA:722,0
DA:724,0
DA:725,0
DA:726,0
DA:727,0
DA:736,0
DA:737,0
DA:742,0
DA:748,0
DA:749,0
DA:750,0
DA:755,0
DA:757,0
DA:762,0
DA:764,0
DA:770,0
DA:771,0
DA:781,3
DA:782,0
DA:784,0
DA:785,0
DA:786,0
DA:792,0
DA:794,0
DA:803,3
DA:804,0
DA:805,0
DA:807,0
DA:808,0
DA:814,0
DA:815,0
DA:816,0
DA:823,0
DA:834,0
DA:850,3
DA:851,0
DA:853,0
DA:854,0
DA:860,0
DA:862,0
DA:864,0
DA:866,0
DA:867,0
DA:870,0
DA:871,0
DA:872,0
DA:876,0
DA:878,0
DA:879,0
DA:881,0
DA:882,0
DA:885,0
DA:886,0
DA:887,0
DA:889,0
DA:891,0
DA:892,0
DA:897,0
DA:904,0
DA:907,0
DA:910,0
DA:915,0
DA:916,0
DA:918,0
DA:925,0
DA:926,0
LF:280
LH:19
BRDA:18,0,0,0
BRDA:19,1,0,0
BRDA:22,2,0,0
BRDA:28,3,0,0
BRDA:28,3,1,0
BRDA:32,4,0,0
BRDA:32,4,1,0
BRDA:36,5,0,0
BRDA:36,5,1,0
BRDA:46,6,0,0
BRDA:46,6,1,0
BRDA:50,7,0,0
BRDA:50,7,1,0
BRDA:56,8,0,0
BRDA:56,8,1,0
BRDA:56,8,2,0
BRDA:56,8,3,0
BRDA:98,9,0,0
BRDA:98,9,1,0
BRDA:107,10,0,0
BRDA:107,10,1,0
BRDA:114,11,0,0
BRDA:114,11,1,0
BRDA:135,12,0,0
BRDA:135,13,0,0
BRDA:173,14,0,0
BRDA:174,15,0,0
BRDA:180,16,0,0
BRDA:180,16,1,0
BRDA:184,17,0,0
BRDA:184,17,1,0
BRDA:188,18,0,0
BRDA:188,18,1,0
BRDA:192,19,0,0
BRDA:192,19,1,0
BRDA:202,20,0,0
BRDA:202,20,1,0
BRDA:202,21,0,0
BRDA:202,21,1,0
BRDA:204,22,0,0
BRDA:204,22,1,0
BRDA:205,23,0,0
BRDA:205,23,1,0
BRDA:208,24,0,0
BRDA:208,24,1,0
BRDA:214,25,0,0
BRDA:214,25,1,0
BRDA:218,26,0,0
BRDA:218,26,1,0
BRDA:244,27,0,0
BRDA:269,28,0,0
BRDA:269,28,1,0
BRDA:278,29,0,0
BRDA:278,29,1,0
BRDA:278,30,0,0
BRDA:278,30,1,0
BRDA:286,31,0,0
BRDA:286,31,1,0
BRDA:301,32,0,0
BRDA:301,32,1,0
BRDA:303,33,0,0
BRDA:303,33,1,0
BRDA:312,34,0,0
BRDA:312,34,1,0
BRDA:314,35,0,0
BRDA:314,35,1,0
BRDA:314,36,0,0
BRDA:314,36,1,0
BRDA:328,37,0,0
BRDA:328,37,1,0
BRDA:328,38,0,0
BRDA:328,38,1,0
BRDA:329,39,0,0
BRDA:329,39,1,0
BRDA:337,40,0,0
BRDA:337,40,1,0
BRDA:337,41,0,0
BRDA:337,41,1,0
BRDA:344,42,0,0
BRDA:344,42,1,0
BRDA:372,43,0,0
BRDA:372,43,1,0
BRDA:382,44,0,0
BRDA:382,44,1,0
BRDA:382,45,0,0
BRDA:382,45,1,0
BRDA:398,46,0,0
BRDA:398,46,1,0
BRDA:402,47,0,0
BRDA:402,47,1,0
BRDA:418,48,0,0
BRDA:418,48,1,0
BRDA:419,49,0,0
BRDA:419,49,1,0
BRDA:420,50,0,0
BRDA:420,50,1,0
BRDA:427,51,0,0
BRDA:427,51,1,0
BRDA:439,52,0,0
BRDA:439,52,1,0
BRDA:439,53,0,0
BRDA:439,53,1,0
BRDA:444,54,0,0
BRDA:444,54,1,0
BRDA:445,55,0,0
BRDA:445,55,1,0
BRDA:446,56,0,0
BRDA:446,56,1,0
BRDA:460,57,0,0
BRDA:460,57,1,0
BRDA:470,58,0,0
BRDA:470,58,1,0
BRDA:481,59,0,0
BRDA:481,60,0,0
BRDA:483,61,0,0
BRDA:483,61,1,0
BRDA:491,62,0,0
BRDA:491,62,1,0
BRDA:529,63,0,0
BRDA:529,63,1,0
BRDA:541,64,0,0
BRDA:541,64,1,0
BRDA:555,65,0,0
BRDA:555,65,1,0
BRDA:564,66,0,0
BRDA:564,66,1,0
BRDA:575,67,0,0
BRDA:575,67,1,0
BRDA:587,68,0,0
BRDA:587,68,1,0
BRDA:606,69,0,0
BRDA:606,69,1,0
BRDA:626,70,0,0
BRDA:626,70,1,0
BRDA:627,71,0,0
BRDA:627,71,1,0
BRDA:639,72,0,0
BRDA:639,72,1,0
BRDA:651,73,0,0
BRDA:651,73,1,0
BRDA:658,74,0,0
BRDA:658,74,1,0
BRDA:666,75,0,0
BRDA:666,75,1,0
BRDA:668,76,0,0
BRDA:668,76,1,0
BRDA:668,77,0,0
BRDA:668,77,1,0
BRDA:670,78,0,0
BRDA:670,78,1,0
BRDA:692,79,0,0
BRDA:692,79,1,0
BRDA:702,80,0,0
BRDA:702,80,1,0
BRDA:722,81,0,0
BRDA:726,82,0,0
BRDA:726,82,1,0
BRDA:737,83,0,0
BRDA:737,83,1,0
BRDA:749,84,0,0
BRDA:749,84,1,0
BRDA:749,85,0,0
BRDA:749,85,1,0
BRDA:785,86,0,0
BRDA:785,86,1,0
BRDA:807,87,0,0
BRDA:807,87,1,0
BRDA:815,88,0,0
BRDA:815,88,1,0
BRDA:853,89,0,0
BRDA:853,89,1,0
BRDA:853,90,0,0
BRDA:853,90,1,0
BRDA:853,90,2,0
BRDA:866,91,0,0
BRDA:866,91,1,0
BRDA:866,92,0,0
BRDA:866,92,1,0
BRDA:871,93,0,0
BRDA:871,93,1,0
BRDA:876,94,0,0
BRDA:876,94,1,0
BRDA:876,94,2,0
BRDA:876,94,3,0
BRDA:876,94,4,0
BRDA:876,94,5,0
BRDA:876,94,6,0
BRDA:876,94,7,0
BRDA:876,94,8,0
BRDA:876,94,9,0
BRDA:876,94,10,0
BRDA:876,94,11,0
BRDA:885,95,0,0
BRDA:885,95,1,0
BRDA:915,96,0,0
BRDA:915,96,1,0
BRF:196
BRH:0
end_of_record
TN:
SF:src\controllers\favoriteController.ts
FN:14,(anonymous_0)
FN:64,(anonymous_1)
FN:94,(anonymous_2)
FN:148,(anonymous_3)
FN:171,(anonymous_4)
FN:193,(anonymous_5)
FN:211,(anonymous_6)
FN:212,(anonymous_7)
FN:228,(anonymous_8)
FNF:9
FNH:0
FNDA:0,(anonymous_0)
FNDA:0,(anonymous_1)
FNDA:0,(anonymous_2)
FNDA:0,(anonymous_3)
FNDA:0,(anonymous_4)
FNDA:0,(anonymous_5)
FNDA:0,(anonymous_6)
FNDA:0,(anonymous_7)
FNDA:0,(anonymous_8)
DA:2,3
DA:3,3
DA:4,3
DA:10,3
DA:11,3
DA:14,3
DA:15,0
DA:16,0
DA:18,0
DA:19,0
DA:22,0
DA:24,0
DA:25,0
DA:26,0
DA:30,0
DA:35,0
DA:36,0
DA:40,0
DA:45,0
DA:48,0
DA:50,0
DA:55,0
DA:56,0
DA:57,0
DA:59,0
DA:64,3
DA:65,0
DA:66,0
DA:68,0
DA:69,0
DA:72,0
DA:73,0
DA:78,0
DA:79,0
DA:82,0
DA:85,0
DA:86,0
DA:87,0
DA:89,0
DA:94,3
DA:95,0
DA:96,0
DA:98,0
DA:99,0
DA:102,0
DA:104,0
DA:105,0
DA:106,0
DA:110,0
DA:115,0
DA:116,0
DA:118,0
DA:120,0
DA:121,0
DA:124,0
DA:128,0
DA:129,0
DA:130,0
DA:133,0
DA:139,0
DA:140,0
DA:141,0
DA:143,0
DA:148,3
DA:149,0
DA:150,0
DA:152,0
DA:153,0
DA:156,0
DA:157,0
DA:159,0
DA:165,0
DA:166,0
DA:171,3
DA:172,0
DA:173,0
DA:175,0
DA:176,0
DA:179,0
DA:180,0
DA:182,0
DA:187,0
DA:188,0
DA:193,3
DA:194,0
DA:195,0
DA:197,0
DA:198,0
DA:201,0
DA:202,0
DA:205,0
DA:206,0
DA:211,0
DA:212,0
DA:213,0
DA:214,0
DA:217,0
DA:222,0
DA:223,0
DA:228,3
DA:229,0
DA:231,0
DA:232,0
DA:235,0
DA:236,0
DA:238,0
DA:243,0
DA:244,0
LF:108
LH:12
BRDA:18,0,0,0
BRDA:18,0,1,0
BRDA:25,1,0,0
BRDA:25,1,1,0
BRDA:35,2,0,0
BRDA:35,2,1,0
BRDA:56,3,0,0
BRDA:56,3,1,0
BRDA:68,4,0,0
BRDA:68,4,1,0
BRDA:78,5,0,0
BRDA:78,5,1,0
BRDA:86,6,0,0
BRDA:86,6,1,0
BRDA:98,7,0,0
BRDA:98,7,1,0
BRDA:105,8,0,0
BRDA:105,8,1,0
BRDA:118,9,0,0
BRDA:118,9,1,0
BRDA:136,10,0,0
BRDA:136,10,1,0
BRDA:140,11,0,0
BRDA:140,11,1,0
BRDA:150,12,0,0
BRDA:150,13,0,0
BRDA:152,14,0,0
BRDA:152,14,1,0
BRDA:175,15,0,0
BRDA:175,15,1,0
BRDA:197,16,0,0
BRDA:197,16,1,0
BRDA:201,17,0,0
BRDA:201,17,1,0
BRDA:201,18,0,0
BRDA:201,18,1,0
BRDA:231,19,0,0
BRDA:231,19,1,0
BRF:38
BRH:0
end_of_record
TN:
SF:src\controllers\flashSaleController.ts
FN:9,(anonymous_1)
FN:31,(anonymous_2)
FN:53,(anonymous_3)
FN:76,(anonymous_4)
FN:109,(anonymous_5)
FN:132,(anonymous_6)
FN:155,(anonymous_7)
FN:182,(anonymous_8)
FN:213,(anonymous_9)
FN:235,(anonymous_10)
FN:264,(anonymous_11)
FN:286,(anonymous_12)
FN:316,(anonymous_13)
FN:340,(anonymous_14)
FN:372,(anonymous_15)
FNF:15
FNH:0
FNDA:0,(anonymous_1)
FNDA:0,(anonymous_2)
FNDA:0,(anonymous_3)
FNDA:0,(anonymous_4)
FNDA:0,(anonymous_5)
FNDA:0,(anonymous_6)
FNDA:0,(anonymous_7)
FNDA:0,(anonymous_8)
FNDA:0,(anonymous_9)
FNDA:0,(anonymous_10)
FNDA:0,(anonymous_11)
FNDA:0,(anonymous_12)
FNDA:0,(anonymous_13)
FNDA:0,(anonymous_14)
FNDA:0,(anonymous_15)
DA:2,3
DA:3,3
DA:10,0
DA:11,0
DA:13,0
DA:19,0
DA:20,0
DA:32,0
DA:33,0
DA:35,0
DA:41,0
DA:42,0
DA:54,0
DA:55,0
DA:56,0
DA:58,0
DA:64,0
DA:65,0
DA:77,0
DA:78,0
DA:79,0
DA:81,0
DA:82,0
DA:86,0
DA:90,0
DA:92,0
DA:97,0
DA:98,0
DA:110,0
DA:111,0
DA:112,0
DA:114,0
DA:120,0
DA:121,0
DA:133,0
DA:134,0
DA:135,0
DA:137,0
DA:143,0
DA:144,0
DA:156,0
DA:157,0
DA:162,0
DA:164,0
DA:170,0
DA:171,0
DA:183,0
DA:184,0
DA:185,0
DA:187,0
DA:188,0
DA:192,0
DA:195,0
DA:201,0
DA:202,0
DA:214,0
DA:215,0
DA:216,0
DA:218,0
DA:223,0
DA:224,0
DA:236,0
DA:237,0
DA:238,0
DA:240,0
DA:247,0
DA:252,0
DA:253,0
DA:265,0
DA:266,0
DA:267,0
DA:269,0
DA:274,0
DA:275,0
DA:287,0
DA:288,0
DA:289,0
DA:291,0
DA:292,0
DA:296,0
DA:299,0
DA:304,0
DA:305,0
DA:317,0
DA:318,0
DA:319,0
DA:321,0
DA:323,0
DA:328,0
DA:329,0
DA:341,0
DA:342,0
DA:343,0
DA:345,0
DA:347,0
DA:348,0
DA:352,0
DA:355,0
DA:360,0
DA:361,0
DA:373,0
DA:374,0
DA:375,0
DA:377,0
DA:379,0
DA:380,0
DA:384,0
DA:387,0
DA:392,0
DA:393,0
DA:402,3
LF:111
LH:3
BRDA:23,0,0,0
BRDA:23,0,1,0
BRDA:45,1,0,0
BRDA:45,1,1,0
BRDA:55,2,0,0
BRDA:55,2,1,0
BRDA:68,3,0,0
BRDA:68,3,1,0
BRDA:81,4,0,0
BRDA:81,4,1,0
BRDA:101,5,0,0
BRDA:101,5,1,0
BRDA:124,6,0,0
BRDA:124,6,1,0
BRDA:147,7,0,0
BRDA:147,7,1,0
BRDA:174,8,0,0
BRDA:174,8,1,0
BRDA:187,9,0,0
BRDA:187,9,1,0
BRDA:205,10,0,0
BRDA:205,10,1,0
BRDA:227,11,0,0
BRDA:227,11,1,0
BRDA:256,12,0,0
BRDA:256,12,1,0
BRDA:278,13,0,0
BRDA:278,13,1,0
BRDA:291,14,0,0
BRDA:291,14,1,0
BRDA:308,15,0,0
BRDA:308,15,1,0
BRDA:332,16,0,0
BRDA:332,16,1,0
BRDA:347,17,0,0
BRDA:347,17,1,0
BRDA:364,18,0,0
BRDA:364,18,1,0
BRDA:379,19,0,0
BRDA:379,19,1,0
BRDA:396,20,0,0
BRDA:396,20,1,0
BRF:42
BRH:0
end_of_record
TN:
SF:src\controllers\gameController.ts
FN:8,(anonymous_1)
FN:29,(anonymous_2)
FN:51,(anonymous_3)
FN:72,(anonymous_4)
FN:94,(anonymous_5)
FN:115,(anonymous_6)
FN:141,(anonymous_7)
FN:158,(anonymous_8)
FN:181,(anonymous_9)
FN:205,(anonymous_10)
FN:224,(anonymous_11)
FNF:11
FNH:0
FNDA:0,(anonymous_1)
FNDA:0,(anonymous_2)
FNDA:0,(anonymous_3)
FNDA:0,(anonymous_4)
FNDA:0,(anonymous_5)
FNDA:0,(anonymous_6)
FNDA:0,(anonymous_7)
FNDA:0,(anonymous_8)
FNDA:0,(anonymous_9)
FNDA:0,(anonymous_10)
FNDA:0,(anonymous_11)
DA:2,0
DA:9,0
DA:10,0
DA:11,0
DA:13,0
DA:15,0
DA:21,0
DA:30,0
DA:31,0
DA:33,0
DA:35,0
DA:41,0
DA:52,0
DA:53,0
DA:54,0
DA:56,0
DA:58,0
DA:64,0
DA:73,0
DA:74,0
DA:76,0
DA:78,0
DA:84,0
DA:95,0
DA:96,0
DA:97,0
DA:99,0
DA:101,0
DA:107,0
DA:116,0
DA:117,0
DA:119,0
DA:125,0
DA:131,0
DA:142,0
DA:143,0
DA:145,0
DA:150,0
DA:159,0
DA:160,0
DA:161,0
DA:163,0
DA:165,0
DA:171,0
DA:182,0
DA:183,0
DA:184,0
DA:186,0
DA:192,0
DA:197,0
DA:206,0
DA:207,0
DA:209,0
DA:211,0
DA:216,0
DA:225,0
DA:226,0
DA:228,0
DA:230,0
DA:235,0
DA:243,0
LF:61
LH:0
BRDA:168,0,0,0
BRDA:168,0,1,0
BRDA:189,1,0,0
BRDA:189,1,1,0
BRF:4
BRH:0
end_of_record
TN:
SF:src\controllers\gamificationController.ts
FN:21,(anonymous_10)
FN:29,(anonymous_11)
FN:39,(anonymous_12)
FN:55,(anonymous_13)
FN:56,(anonymous_14)
FN:59,(anonymous_15)
FN:68,(anonymous_16)
FN:103,(anonymous_17)
FN:104,(anonymous_18)
FN:108,(anonymous_19)
FN:116,(anonymous_20)
FN:117,(anonymous_21)
FN:128,(anonymous_22)
FN:171,(anonymous_23)
FN:184,(anonymous_24)
FN:194,(anonymous_25)
[...]
FN:22,(anonymous_1)
FN:32,(anonymous_2)
FN:94,isEqual
FN:118,(anonymous_4)
FN:128,(anonymous_5)
FN:137,formatChanges
FN:140,(anonymous_7)
FN:157,formatValue
FN:168,getChangeSummary
FN:176,(anonymous_10)
FN:177,(anonymous_11)
FN:178,(anonymous_12)
FN:180,(anonymous_13)
FN:187,filterChanges
FN:188,(anonymous_15)
FN:194,hasFieldChanged
FN:195,(anonymous_17)
FN:201,getFieldChange
FN:202,(anonymous_19)
FNF:20
FNH:0
FNDA:0,detectChanges
FNDA:0,(anonymous_1)
FNDA:0,(anonymous_2)
FNDA:0,isEqual
FNDA:0,(anonymous_4)
FNDA:0,(anonymous_5)
FNDA:0,formatChanges
FNDA:0,(anonymous_7)
FNDA:0,formatValue
FNDA:0,getChangeSummary
FNDA:0,(anonymous_10)
FNDA:0,(anonymous_11)
FNDA:0,(anonymous_12)
FNDA:0,(anonymous_13)
FNDA:0,filterChanges
FNDA:0,(anonymous_15)
FNDA:0,hasFieldChanged
FNDA:0,(anonymous_17)
FNDA:0,getFieldChange
FNDA:0,(anonymous_19)
DA:17,3
DA:18,0
DA:21,0
DA:22,0
DA:31,0
DA:32,0
DA:41,0
DA:46,0
DA:48,0
DA:49,0
DA:52,0
DA:53,0
DA:56,0
DA:57,0
DA:63,0
DA:67,0
DA:68,0
DA:74,0
DA:78,0
DA:79,0
DA:88,0
DA:96,0
DA:99,0
DA:102,0
DA:105,0
DA:108,0
DA:111,0
DA:112,0
DA:116,0
DA:117,0
DA:118,0
DA:122,0
DA:123,0
DA:124,0
DA:126,0
DA:128,0
DA:131,0
DA:137,3
DA:138,0
DA:140,0
DA:141,0
DA:143,0
DA:145,0
DA:147,0
DA:149,0
DA:158,0
DA:159,0
DA:160,0
DA:161,0
DA:162,0
DA:168,3
DA:175,0
DA:176,0
DA:177,0
DA:178,0
DA:180,0
DA:187,3
DA:188,0
DA:194,3
DA:195,0
DA:201,3
DA:202,0
LF:62
LH:6
BRDA:21,0,0,0
BRDA:21,0,1,0
BRDA:21,1,0,0
BRDA:21,1,1,0
BRDA:31,2,0,0
BRDA:31,2,1,0
BRDA:31,3,0,0
BRDA:31,3,1,0
BRDA:42,4,0,0
BRDA:42,4,1,0
BRDA:43,5,0,0
BRDA:43,5,1,0
BRDA:48,6,0,0
BRDA:48,6,1,0
BRDA:48,7,0,0
BRDA:48,7,1,0
BRDA:48,7,2,0
BRDA:48,7,3,0
BRDA:56,8,0,0
BRDA:56,8,1,0
BRDA:56,9,0,0
BRDA:56,9,1,0
BRDA:67,10,0,0
BRDA:67,10,1,0
BRDA:67,11,0,0
BRDA:67,11,1,0
BRDA:78,12,0,0
BRDA:78,12,1,0
BRDA:96,13,0,0
BRDA:96,13,1,0
BRDA:99,14,0,0
BRDA:99,14,1,0
BRDA:99,15,0,0
BRDA:99,15,1,0
BRDA:102,16,0,0
BRDA:102,16,1,0
BRDA:102,17,0,0
BRDA:102,17,1,0
BRDA:105,18,0,0
BRDA:105,18,1,0
BRDA:108,19,0,0
BRDA:108,19,1,0
BRDA:111,20,0,0
BRDA:111,20,1,0
BRDA:111,21,0,0
BRDA:111,21,1,0
BRDA:116,22,0,0
BRDA:116,22,1,0
BRDA:116,23,0,0
BRDA:116,23,1,0
BRDA:117,24,0,0
BRDA:117,24,1,0
BRDA:122,25,0,0
BRDA:122,25,1,0
BRDA:122,26,0,0
BRDA:122,26,1,0
BRDA:126,27,0,0
BRDA:126,27,1,0
BRDA:138,28,0,0
BRDA:138,28,1,0
BRDA:141,29,0,0
BRDA:141,29,1,0
BRDA:141,29,2,0
BRDA:141,29,3,0
BRDA:158,30,0,0
BRDA:158,30,1,0
BRDA:159,31,0,0
BRDA:159,31,1,0
BRDA:160,32,0,0
BRDA:160,32,1,0
BRDA:161,33,0,0
BRDA:161,33,1,0
BRF:72
BRH:0
end_of_record
TN:
SF:src\utils\cloudinaryUtils.ts
FN:15,validateCloudinaryConfig
FN:36,uploadToCloudinary
FN:94,deleteFromCloudinary
FN:109,uploadMultipleToCloudinary
FN:118,(anonymous_4)
FN:130,getOptimizedImageUrl
FNF:6
FNH:0
FNDA:0,validateCloudinaryConfig
FNDA:0,uploadToCloudinary
FNDA:0,deleteFromCloudinary
FNDA:0,uploadMultipleToCloudinary
FNDA:0,(anonymous_4)
FNDA:0,getOptimizedImageUrl
DA:1,3
DA:6,3
DA:15,3
DA:16,0
DA:18,0
DA:19,0
DA:20,0
DA:21,0
DA:22,0
DA:23,0
DA:26,0
DA:27,0
DA:36,3
DA:50,0
DA:51,0
DA:60,0
DA:66,0
DA:74,0
DA:85,0
DA:86,0
DA:94,3
DA:95,0
DA:96,0
DA:97,0
DA:99,0
DA:100,0
DA:109,3
DA:118,0
DA:119,0
DA:122,0
DA:130,3
DA:140,0
DA:150,3
LF:33
LH:8
BRDA:7,0,0,3
BRDA:7,0,1,0
BRDA:8,1,0,3
BRDA:8,1,1,0
BRDA:9,2,0,3
BRDA:9,2,1,0
BRDA:18,3,0,0
BRDA:18,3,1,0
BRDA:18,4,0,0
BRDA:18,4,1,0
BRDA:18,4,2,0
BRDA:38,5,0,0
BRDA:39,6,0,0
BRDA:61,7,0,0
BRDA:61,7,1,0
BRDA:111,8,0,0
BRDA:132,9,0,0
BRDA:141,10,0,0
BRDA:141,10,1,0
BRDA:142,11,0,0
BRDA:142,11,1,0
BRDA:143,12,0,0
BRDA:143,12,1,0
BRDA:144,13,0,0
BRDA:144,13,1,0
BRDA:145,14,0,0
BRDA:145,14,1,0
BRF:27
BRH:3
end_of_record
TN:
SF:src\utils\encryption.ts
FN:26,encrypt
FN:62,decrypt
FN:95,hash
FN:104,generateSecureToken
FN:115,maskSensitiveData
FN:132,encryptBankAccount
FN:141,decryptBankAccount
FN:148,encryptTaxId
FN:156,decryptTaxId
FN:166,compareEncrypted
FN:182,encryptObjectFields
FN:185,(anonymous_12)
FN:201,decryptObjectFields
FN:204,(anonymous_14)
FNF:14
FNH:0
FNDA:0,encrypt
FNDA:0,decrypt
FNDA:0,hash
FNDA:0,generateSecureToken
FNDA:0,maskSensitiveData
FNDA:0,encryptBankAccount
FNDA:0,decryptBankAccount
FNDA:0,encryptTaxId
FNDA:0,decryptTaxId
FNDA:0,compareEncrypted
FNDA:0,encryptObjectFields
FNDA:0,(anonymous_12)
FNDA:0,decryptObjectFields
FNDA:0,(anonymous_14)
DA:1,0
DA:10,0
DA:13,0
DA:26,0
DA:27,0
DA:29,0
DA:31,0
DA:34,0
DA:37,0
DA:38,0
DA:41,0
DA:44,0
DA:50,0
DA:52,0
DA:53,0
DA:62,0
DA:63,0
DA:65,0
DA:67,0
DA:70,0
DA:71,0
DA:72,0
DA:75,0
DA:76,0
DA:79,0
DA:80,0
DA:82,0
DA:84,0
DA:85,0
DA:95,0
DA:96,0
DA:104,0
DA:105,0
DA:115,0
DA:116,0
DA:117,0
DA:120,0
DA:121,0
DA:122,0
DA:123,0
DA:125,0
DA:132,0
DA:134,0
DA:135,0
DA:141,0
DA:142,0
DA:148,0
DA:149,0
DA:150,0
DA:156,0
DA:157,0
DA:166,0
DA:167,0
DA:168,0
DA:169,0
DA:171,0
DA:182,0
DA:183,0
DA:185,0
DA:186,0
DA:187,0
DA:191,0
DA:201,0
DA:202,0
DA:204,0
DA:205,0
DA:206,0
DA:207,0
DA:210,0
DA:215,0
DA:218,0
LF:71
LH:0
BRDA:10,0,0,0
BRDA:10,0,1,0
BRDA:10,0,2,0
BRDA:27,1,0,0
BRDA:27,1,1,0
BRDA:63,2,0,0
BRDA:63,2,1,0
BRDA:104,3,0,0
BRDA:115,4,0,0
BRDA:116,5,0,0
BRDA:116,5,1,0
BRDA:116,6,0,0
BRDA:116,6,1,0
BRDA:186,7,0,0
BRDA:186,7,1,0
BRDA:186,8,0,0
BRDA:186,8,1,0
BRDA:205,9,0,0
BRDA:205,9,1,0
BRDA:205,10,0,0
BRDA:205,10,1,0
BRF:21
BRH:0
end_of_record
TN:
SF:src\utils\errorTracking.ts
FN:24,(anonymous_9)
FN:87,(anonymous_10)
FN:152,(anonymous_11)
FN:211,(anonymous_12)
FN:269,(anonymous_13)
FN:327,(anonymous_14)
FN:380,(anonymous_15)
FN:436,(anonymous_16)
FN:488,(anonymous_17)
FN:508,(anonymous_18)
FN:518,(anonymous_19)
FN:524,(anonymous_20)
FN:535,(anonymous_21)
FNF:13
FNH:0
FNDA:0,(anonymous_9)
FNDA:0,(anonymous_10)
FNDA:0,(anonymous_11)
FNDA:0,(anonymous_12)
FNDA:0,(anonymous_13)
FNDA:0,(anonymous_14)
FNDA:0,(anonymous_15)
FNDA:0,(anonymous_16)
FNDA:0,(anonymous_17)
FNDA:0,(anonymous_18)
FNDA:0,(anonymous_19)
FNDA:0,(anonymous_20)
FNDA:0,(anonymous_21)
DA:1,0
DA:2,0
DA:24,0
DA:25,0
DA:33,0
DA:46,0
DA:47,0
DA:48,0
DA:64,0
DA:87,0
DA:88,0
DA:96,0
DA:109,0
DA:110,0
DA:111,0
DA:130,0
DA:152,0
DA:153,0
DA:160,0
DA:172,0
DA:173,0
DA:174,0
DA:191,0
DA:211,0
DA:212,0
DA:219,0
DA:231,0
DA:232,0
DA:233,0
DA:248,0
DA:269,0
DA:270,0
DA:277,0
DA:289,0
DA:290,0
DA:291,0
DA:308,0
DA:327,0
DA:328,0
DA:334,0
DA:345,0
DA:346,0
DA:347,0
DA:360,0
DA:380,0
DA:381,0
DA:387,0
DA:399,0
DA:400,0
DA:401,0
DA:417,0
DA:436,0
DA:437,0
DA:443,0
DA:455,0
DA:456,0
DA:457,0
DA:471,0
DA:488,0
DA:489,0
DA:490,0
DA:498,0
DA:508,0
DA:509,0
DA:510,0
DA:515,0
DA:518,0
DA:519,0
DA:520,0
DA:524,0
DA:525,0
DA:526,0
DA:527,0
DA:535,0
DA:536,0
DA:537,0
DA:538,0
LF:77
LH:0
BRDA:24,0,0,0
BRDA:27,1,0,0
BRDA:27,1,1,0
BRDA:28,2,0,0
BRDA:28,2,1,0
BRDA:29,3,0,0
BRDA:29,3,1,0
BRDA:30,4,0,0
BRDA:30,4,1,0
BRDA:46,5,0,0
BRDA:46,5,1,0
BRDA:87,6,0,0
BRDA:90,7,0,0
BRDA:90,7,1,0
BRDA:91,8,0,0
BRDA:91,8,1,0
BRDA:92,9,0,0
BRDA:92,9,1,0
BRDA:93,10,0,0
BRDA:93,10,1,0
BRDA:93,11,0,0
BRDA:93,11,1,0
BRDA:109,12,0,0
BRDA:109,12,1,0
BRDA:152,13,0,0
BRDA:155,14,0,0
BRDA:155,14,1,0
BRDA:156,15,0,0
BRDA:156,15,1,0
BRDA:157,16,0,0
BRDA:157,16,1,0
BRDA:157,17,0,0
BRDA:157,17,1,0
BRDA:172,18,0,0
BRDA:172,18,1,0
BRDA:211,19,0,0
BRDA:214,20,0,0
BRDA:214,20,1,0
BRDA:215,21,0,0
BRDA:215,21,1,0
BRDA:216,22,0,0
BRDA:216,22,1,0
BRDA:231,23,0,0
BRDA:231,23,1,0
BRDA:269,24,0,0
BRDA:272,25,0,0
BRDA:272,25,1,0
BRDA:273,26,0,0
BRDA:273,26,1,0
BRDA:274,27,0,0
BRDA:274,27,1,0
BRDA:289,28,0,0
BRDA:289,28,1,0
BRDA:327,29,0,0
BRDA:330,30,0,0
BRDA:330,30,1,0
BRDA:331,31,0,0
BRDA:331,31,1,0
BRDA:345,32,0,0
BRDA:345,32,1,0
BRDA:380,33,0,0
BRDA:383,34,0,0
BRDA:383,34,1,0
BRDA:384,35,0,0
BRDA:384,35,1,0
BRDA:399,36,0,0
BRDA:399,36,1,0
BRDA:436,37,0,0
BRDA:439,38,0,0
BRDA:439,38,1,0
BRDA:440,39,0,0
BRDA:440,39,1,0
BRDA:440,40,0,0
BRDA:440,40,1,0
BRDA:440,40,2,0
BRDA:455,41,0,0
BRDA:455,41,1,0
BRDA:489,42,0,0
BRDA:489,42,1,0
BRDA:492,43,0,0
BRDA:492,43,1,0
BRDA:509,44,0,0
BRDA:509,44,1,0
BRDA:519,45,0,0
BRDA:519,45,1,0
BRDA:519,46,0,0
BRDA:519,46,1,0
BRDA:524,47,0,0
BRDA:525,48,0,0
BRDA:525,48,1,0
BRDA:525,49,0,0
BRDA:525,49,1,0
BRDA:536,50,0,0
BRDA:536,50,1,0
BRDA:537,51,0,0
BRDA:537,51,1,0
BRF:96
BRH:0
end_of_record
TN:
SF:src\utils\gamificationTriggers.ts
FN:16,triggerGamificationEvent
FN:72,checkAchievements
FN:89,(anonymous_12)
FN:133,updateChallengeProgress
FN:163,getUserStats
FN:168,(anonymous_15)
FN:169,(anonymous_16)
FN:170,(anonymous_17)
FN:171,(anonymous_18)
FN:172,(anonymous_19)
FN:251,batchTriggerGamification
FN:264,recalculateUserGamification
FNF:12
FNH:0
FNDA:0,triggerGamificationEvent
FNDA:0,checkAchievements
FNDA:0,(anonymous_12)
FNDA:0,updateChallengeProgress
FNDA:0,getUserStats
FNDA:0,(anonymous_15)
FNDA:0,(anonymous_16)
FNDA:0,(anonymous_17)
FNDA:0,(anonymous_18)
FNDA:0,(anonymous_19)
FNDA:0,batchTriggerGamification
FNDA:0,recalculateUserGamification
DA:1,0
DA:3,0
DA:4,0
DA:5,0
DA:16,0
DA:21,0
DA:22,0
DA:25,0
DA:36,0
DA:39,0
DA:40,0
DA:47,0
DA:51,0
DA:52,0
DA:53,0
DA:57,0
DA:60,0
DA:62,0
DA:64,0
DA:77,0
DA:79,0
DA:85,0
DA:87,0
DA:88,0
DA:89,0
DA:92,0
DA:95,0
DA:98,0
DA:99,0
DA:105,0
DA:106,0
DA:107,0
DA:110,0
DA:111,0
DA:120,0
DA:123,0
DA:126,0
DA:138,0
DA:140,0
DA:148,0
DA:150,0
DA:154,0
DA:156,0
DA:164,0
DA:166,0
DA:168,0
DA:169,0
DA:170,0
DA:171,0
DA:172,0
DA:175,0
DA:176,0
DA:191,0
DA:192,0
DA:193,0
DA:196,0
DA:197,0
DA:208,0
DA:209,0
DA:212,0
DA:213,0
DA:226,0
DA:227,0
DA:231,0
DA:232,0
DA:235,0
DA:242,0
DA:245,0
DA:251,0
DA:255,0
DA:256,0
DA:264,0
DA:265,0
DA:267,0
DA:269,0
DA:276,0
DA:277,0
DA:280,0
DA:282,0
DA:286,0
LF:80
LH:0
BRDA:19,0,0,0
BRDA:36,1,0,0
BRDA:36,1,1,0
BRDA:39,2,0,0
BRDA:39,2,1,0
BRDA:51,3,0,0
BRDA:51,3,1,0
BRDA:92,4,0,0
BRDA:92,4,1,0
BRDA:95,5,0,0
BRDA:95,5,1,0
BRDA:105,6,0,0
BRDA:105,6,1,0
BRDA:105,7,0,0
BRDA:105,7,1,0
BRDA:110,8,0,0
BRDA:110,8,1,0
BRDA:150,9,0,0
BRDA:150,9,1,0
BRDA:175,10,0,0
BRDA:175,10,1,0
BRDA:175,11,0,0
BRDA:175,11,1,0
BRDA:191,12,0,0
BRDA:191,12,1,0
BRDA:192,13,0,0
BRDA:192,13,1,0
BRDA:193,14,0,0
BRDA:193,14,1,0
BRDA:196,15,0,0
BRDA:196,15,1,0
BRDA:208,16,0,0
BRDA:208,16,1,0
BRDA:209,17,0,0
BRDA:209,17,1,0
BRDA:212,18,0,0
BRDA:212,18,1,0
BRDA:226,19,0,0
BRDA:226,19,1,0
BRDA:227,20,0,0
BRDA:227,20,1,0
BRDA:236,21,0,0
BRDA:236,21,1,0
BRDA:237,22,0,0
BRDA:237,22,1,0
BRDA:238,23,0,0
BRDA:238,23,1,0
BRDA:239,24,0,0
BRDA:239,24,1,0
BRF:49
BRH:0
end_of_record
TN:
SF:src\utils\paginationHelper.ts
FN:52,paginateOffset
FN:96,paginateCursor
FN:158,buildPaginationResponse
FN:183,extractPaginationParams
FN:198,extractSortParams
FN:210,paginateAggregation
FN:256,optimizeQueryProjection
FN:259,(anonymous_7)
FN:262,(anonymous_8)
FNF:9
FNH:0
FNDA:0,paginateOffset
FNDA:0,paginateCursor
FNDA:0,buildPaginationResponse
FNDA:0,extractPaginationParams
FNDA:0,extractSortParams
FNDA:0,paginateAggregation
FNDA:0,optimizeQueryProjection
FNDA:0,(anonymous_7)
FNDA:0,(anonymous_8)
DA:52,0
DA:57,0
DA:58,0
DA:59,0
DA:62,0
DA:68,0
DA:69,0
DA:72,0
DA:77,0
DA:79,0
DA:96,0
DA:101,0
DA:102,0
DA:103,0
DA:106,0
DA:108,0
DA:109,0
DA:110,0
DA:111,0
DA:114,0
DA:115,0
DA:116,0
DA:118,0
DA:123,0
DA:124,0
DA:125,0
DA:127,0
DA:134,0
DA:135,0
DA:138,0
DA:139,0
DA:140,0
DA:141,0
DA:142,0
DA:145,0
DA:158,0
DA:164,0
DA:166,0
DA:183,0
DA:188,0
DA:198,0
DA:199,0
DA:201,0
DA:202,0
DA:204,0
DA:210,0
DA:215,0
DA:216,0
DA:217,0
DA:220,0
DA:227,0
DA:232,0
DA:237,0
DA:238,0
DA:240,0
DA:256,0
DA:257,0
DA:259,0
DA:260,0
DA:262,0
DA:263,0
DA:264,0
DA:266,0
DA:270,0
LF:64
LH:0
BRDA:55,0,0,0
BRDA:57,1,0,0
BRDA:57,1,1,0
BRDA:58,2,0,0
BRDA:58,2,1,0
BRDA:64,3,0,0
BRDA:64,3,1,0
BRDA:68,4,0,0
BRDA:68,4,1,0
BRDA:99,5,0,0
BRDA:101,6,0,0
BRDA:101,6,1,0
BRDA:102,7,0,0
BRDA:102,7,1,0
BRDA:103,8,0,0
BRDA:103,8,1,0
BRDA:108,9,0,0
BRDA:108,9,1,0
BRDA:115,10,0,0
BRDA:115,10,1,0
BRDA:124,11,0,0
BRDA:124,11,1,0
BRDA:135,12,0,0
BRDA:135,12,1,0
BRDA:139,13,0,0
BRDA:139,13,1,0
BRDA:139,14,0,0
BRDA:139,14,1,0
BRDA:189,15,0,0
BRDA:189,15,1,0
BRDA:190,16,0,0
BRDA:190,16,1,0
BRDA:198,17,0,0
BRDA:199,18,0,0
BRDA:199,18,1,0
BRDA:202,19,0,0
BRDA:202,19,1,0
BRDA:213,20,0,0
BRDA:215,21,0,0
BRDA:215,21,1,0
BRDA:216,22,0,0
BRDA:216,22,1,0
BRDA:237,23,0,0
BRDA:237,23,1,0
BRDA:257,24,0,0
BRDA:257,24,1,0
BRDA:263,25,0,0
BRDA:263,25,1,0
BRF:48
BRH:0
end_of_record
TN:
SF:src\utils\queryOptimizer.ts
FN:14,optimizeReadQuery
FN:21,selectFields
FN:31,optimizeAndProject
FN:45,hintIndex
FN:59,(anonymous_4)
FN:73,(anonymous_5)
FN:88,(anonymous_6)
FNF:7
FNH:0
FNDA:0,optimizeReadQuery
FNDA:0,selectFields
FNDA:0,optimizeAndProject
FNDA:0,hintIndex
FNDA:0,(anonymous_4)
FNDA:0,(anonymous_5)
FNDA:0,(anonymous_6)
DA:14,0
DA:15,0
DA:21,0
DA:25,0
DA:31,0
DA:35,0
DA:36,0
DA:37,0
DA:39,0
DA:45,0
DA:49,0
DA:55,0
DA:60,0
DA:74,0
DA:75,0
DA:77,0
DA:89,0
DA:118,0
LF:18
LH:0
BRDA:36,0,0,0
BRDA:36,0,1,0
BRDA:36,1,0,0
BRDA:36,1,1,0
BRDA:59,2,0,0
BRDA:59,3,0,0
BRDA:75,4,0,0
BRDA:75,4,1,0
BRF:8
BRH:0
end_of_record
TN:
SF:src\utils\razorpayUtils.ts
FN:51,validateRazorpayPaymentSignature
FN:150,validateRazorpayWebhookSignature
FN:230,verifyPaymentDataCompleteness
FN:272,convertToPaise
FN:291,convertToRupees
FN:311,isValidOrderStatus
FN:323,isPaymentSuccessful
FN:335,formatRazorpayError
FN:364,validateRazorpayConfiguration
FN:409,generateReceiptId
FN:429,logPaymentVerificationAttempt
FN:459,sanitizePaymentData
FN:472,(anonymous_13)
FNF:13
FNH:1
FNDA:0,validateRazorpayPaymentSignature
FNDA:0,validateRazorpayWebhookSignature
FNDA:0,verifyPaymentDataCompleteness
FNDA:0,convertToPaise
FNDA:0,convertToRupees
FNDA:0,isValidOrderStatus
FNDA:0,isPaymentSuccessful
FNDA:0,formatRazorpayError
FNDA:3,validateRazorpayConfiguration
FNDA:0,generateReceiptId
FNDA:0,logPaymentVerificationAttempt
FNDA:0,sanitizePaymentData
FNDA:0,(anonymous_13)
DA:6,3
DA:7,3
DA:51,3
DA:57,0
DA:59,0
DA:60,0
DA:72,0
DA:73,0
DA:86,0
DA:89,0
DA:95,0
DA:101,0
DA:102,0
DA:103,0
DA:109,0
DA:118,0
DA:128,0
DA:129,0
DA:150,3
DA:155,0
DA:157,0
DA:158,0
DA:165,0
DA:166,0
DA:167,0
DA:174,0
DA:180,0
DA:187,0
DA:188,0
DA:189,0
DA:191,0
DA:192,0
DA:195,0
DA:198,0
DA:199,0
DA:204,0
DA:210,0
DA:215,0
DA:216,0
DA:230,3
DA:233,0
DA:236,0
DA:237,0
DA:240,0
DA:241,0
DA:244,0
DA:245,0
DA:249,0
DA:250,0
DA:253,0
DA:254,0
DA:258,0
DA:259,0
DA:262,0
DA:272,3
DA:273,0
DA:274,0
DA:277,0
DA:278,0
DA:282,0
DA:291,3
DA:292,0
DA:293,0
DA:296,0
DA:297,0
DA:301,0
DA:311,3
DA:312,0
DA:313,0
DA:323,3
DA:325,0
DA:326,0
DA:335,3
DA:341,0
DA:342,0
DA:343,0
DA:351,0
DA:364,3
DA:369,3
DA:370,3
DA:373,3
DA:374,3
DA:375,0
DA:379,3
DA:380,3
DA:381,0
DA:385,3
DA:386,3
DA:387,0
DA:391,3
DA:392,0
DA:395,3
DA:409,3
DA:410,0
DA:411,0
DA:413,0
DA:414,0
DA:417,0
DA:429,3
DA:436,0
DA:446,0
DA:447,0
DA:449,0
DA:459,3
DA:460,0
DA:463,0
DA:472,0
DA:473,0
DA:475,0
DA:476,0
DA:477,0
DA:479,0
DA:484,0
DA:490,3
DA:518,3
LF:115
LH:26
BRDA:59,0,0,0
BRDA:59,0,1,0
BRDA:59,1,0,0
BRDA:59,1,1,0
BRDA:59,1,2,0
BRDA:59,1,3,0
BRDA:72,2,0,0
BRDA:72,2,1,0
BRDA:72,3,0,0
BRDA:72,3,1,0
BRDA:101,4,0,0
BRDA:101,4,1,0
BRDA:157,5,0,0
BRDA:157,5,1,0
BRDA:157,6,0,0
BRDA:157,6,1,0
BRDA:157,6,2,0
BRDA:165,7,0,0
BRDA:165,7,1,0
BRDA:165,8,0,0
BRDA:165,8,1,0
BRDA:191,9,0,0
BRDA:191,9,1,0
BRDA:191,10,0,0
BRDA:191,10,1,0
BRDA:192,11,0,0
BRDA:192,11,1,0
BRDA:198,12,0,0
BRDA:198,12,1,0
BRDA:236,13,0,0
BRDA:236,13,1,0
BRDA:240,14,0,0
BRDA:240,14,1,0
BRDA:244,15,0,0
BRDA:244,15,1,0
BRDA:249,16,0,0
BRDA:249,16,1,0
BRDA:253,17,0,0
BRDA:253,17,1,0
BRDA:258,18,0,0
BRDA:258,18,1,0
BRDA:273,19,0,0
BRDA:273,19,1,0
BRDA:273,20,0,0
BRDA:273,20,1,0
BRDA:277,21,0,0
BRDA:277,21,1,0
BRDA:292,22,0,0
BRDA:292,22,1,0
BRDA:292,23,0,0
BRDA:292,23,1,0
BRDA:296,24,0,0
BRDA:296,24,1,0
BRDA:341,25,0,0
BRDA:341,25,1,0
BRDA:344,26,0,0
BRDA:344,26,1,0
BRDA:353,27,0,0
BRDA:353,27,1,0
BRDA:374,28,0,0
BRDA:374,28,1,3
BRDA:374,29,0,3
BRDA:374,29,1,3
BRDA:380,30,0,0
BRDA:380,30,1,3
BRDA:380,31,0,3
BRDA:380,31,1,3
BRDA:386,32,0,0
BRDA:386,32,1,3
BRDA:386,33,0,3
BRDA:386,33,1,3
BRDA:391,34,0,0
BRDA:391,34,1,3
BRDA:391,35,0,3
BRDA:391,35,1,0
BRDA:391,35,2,0
BRDA:413,36,0,0
BRDA:413,36,1,0
BRDA:446,37,0,0
BRDA:446,37,1,0
BRDA:473,38,0,0
BRDA:473,38,1,0
BRDA:476,39,0,0
BRDA:476,39,1,0
BRF:84
BRH:11
end_of_record
TN:
SF:src\utils\response.ts
FN:25,(anonymous_0)
FN:43,(anonymous_1)
FN:62,(anonymous_2)
FN:91,(anonymous_3)
FN:100,(anonymous_4)
FN:105,(anonymous_5)
FN:113,(anonymous_6)
FN:121,(anonymous_7)
FN:130,(anonymous_8)
FN:138,(anonymous_9)
FN:146,(anonymous_10)
FN:154,(anonymous_11)
FN:162,(anonymous_12)
FN:170,(anonymous_13)
FNF:14
FNH:3
FNDA:16,(anonymous_0)
FNDA:18,(anonymous_1)
FNDA:0,(anonymous_2)
FNDA:0,(anonymous_3)
FNDA:0,(anonymous_4)
FNDA:0,(anonymous_5)
FNDA:2,(anonymous_6)
FNDA:0,(anonymous_7)
FNDA:0,(anonymous_8)
FNDA:0,(anonymous_9)
FNDA:0,(anonymous_10)
FNDA:0,(anonymous_11)
FNDA:0,(anonymous_12)
FNDA:0,(anonymous_13)
DA:25,5
DA:32,16
DA:39,16
DA:43,5
DA:49,18
DA:58,18
DA:62,5
DA:70,0
DA:72,0
DA:87,0
DA:91,5
DA:96,0
DA:100,5
DA:101,0
DA:105,5
DA:109,0
DA:113,5
DA:117,2
DA:121,5
DA:126,0
DA:130,5
DA:134,0
DA:138,5
DA:142,0
DA:146,5
DA:150,0
DA:154,5
DA:158,0
DA:162,5
DA:166,0
DA:170,5
DA:174,0
LF:32
LH:19
BRDA:28,0,0,0
BRDA:29,1,0,16
BRDA:35,2,0,16
BRDA:35,2,1,16
BRDA:36,3,0,16
BRDA:36,3,1,0
BRDA:45,4,0,0
BRDA:46,5,0,0
BRDA:52,6,0,18
BRDA:52,6,1,0
BRDA:68,7,0,0
BRDA:94,8,0,0
BRDA:107,9,0,0
BRDA:115,10,0,0
BRDA:124,11,0,0
BRDA:132,12,0,0
BRDA:140,13,0,0
BRDA:148,14,0,0
BRDA:156,15,0,0
BRDA:164,16,0,0
BRDA:172,17,0,0
BRF:21
BRH:5
end_of_record
TN:
SF:src\utils\webhookLogger.ts
FN:24,logWebhookReceived
FN:47,logWebhookSuccess
FN:69,logWebhookError
FN:93,logWebhookDuplicate
FN:113,logWebhookSignatureFailure
FN:130,logPaymentStateChange
FN:159,getWebhookStats
FN:203,getRecentWebhookEvents
FN:223,cleanupOldWebhookLogs
FN:243,getFailedWebhooksForRetry
FNF:10
FNH:0
FNDA:0,logWebhookReceived
FNDA:0,logWebhookSuccess
FNDA:0,logWebhookError
FNDA:0,logWebhookDuplicate
FNDA:0,logWebhookSignatureFailure
FNDA:0,logPaymentStateChange
FNDA:0,getWebhookStats
FNDA:0,getRecentWebhookEvents
FNDA:0,cleanupOldWebhookLogs
FNDA:0,getFailedWebhooksForRetry
DA:1,0
DA:2,0
DA:24,0
DA:25,0
DA:34,0
DA:36,0
DA:47,0
DA:48,0
DA:57,0
DA:59,0
DA:69,0
DA:70,0
DA:80,0
DA:82,0
DA:93,0
DA:94,0
DA:102,0
DA:104,0
DA:113,0
DA:114,0
DA:122,0
DA:124,0
DA:130,0
DA:137,0
DA:146,0
DA:148,0
DA:159,0
DA:164,0
DA:166,0
DA:167,0
DA:170,0
DA:171,0
DA:172,0
DA:173,0
DA:176,0
DA:183,0
DA:185,0
DA:203,0
DA:207,0
DA:209,0
DA:210,0
DA:213,0
DA:223,0
DA:224,0
DA:225,0
DA:227,0
DA:231,0
DA:237,0
DA:243,0
DA:247,0
DA:256,0
LF:51
LH:0
BRDA:39,0,0,0
BRDA:39,0,1,0
BRDA:62,1,0,0
BRDA:62,1,1,0
BRDA:85,2,0,0
BRDA:85,2,1,0
BRDA:116,3,0,0
BRDA:116,3,1,0
BRDA:124,4,0,0
BRDA:124,4,1,0
BRDA:152,5,0,0
BRDA:152,5,1,0
BRDA:166,6,0,0
BRDA:166,6,1,0
BRDA:170,7,0,0
BRDA:170,7,1,0
BRDA:170,8,0,0
BRDA:170,8,1,0
BRDA:172,9,0,0
BRDA:172,9,1,0
BRDA:173,10,0,0
BRDA:173,10,1,0
BRDA:183,11,0,0
BRDA:183,11,1,0
BRDA:192,12,0,0
BRDA:192,12,1,0
BRDA:194,13,0,0
BRDA:194,13,1,0
BRDA:195,14,0,0
BRDA:195,14,1,0
BRDA:205,15,0,0
BRDA:209,16,0,0
BRDA:209,16,1,0
BRDA:223,17,0,0
BRDA:237,18,0,0
BRDA:237,18,1,0
BRDA:244,19,0,0
BRDA:245,20,0,0
BRF:38
BRH:0
end_of_record
TN:
SF:src\validators\authValidators.ts
FNF:0
FNH:0
DA:1,0
DA:4,0
DA:7,0
DA:18,0
DA:27,0
DA:52,0
DA:66,0
DA:78,0
DA:85,0
DA:94,0
DA:106,0
DA:119,0
DA:143,0
LF:13
LH:0
BRF:0
BRH:0
end_of_record
TN:
SF:src\validators\merchantValidators.ts
FNF:0
FNH:0
DA:1,0
DA:3,0
DA:4,0
DA:5,0
DA:8,0
DA:55,0
DA:66,0
DA:102,0
DA:139,0
DA:166,0
LF:10
LH:0
BRF:0
BRH:0
end_of_record
TN:
SF:src\validators\orderValidators.ts
FNF:0
FNH:0
DA:1,0
DA:3,0
DA:6,0
DA:49,0
DA:68,0
DA:81,0
DA:94,0
LF:7
LH:0
BRF:0
BRH:0
end_of_record
TN:
SF:src\validators\productValidators.ts
FNF:0
FNH:0
DA:1,0
DA:4,0
DA:7,0
DA:129,0
DA:164,0
DA:184,0
DA:195,0
LF:7
LH:0
BRF:0
BRH:0
end_of_record
TN:
SF:src\workers\exportWorker.ts
FN:9,(anonymous_0)
FN:29,(anonymous_1)
FN:37,(anonymous_2)
FNF:3
FNH:0
FNDA:0,(anonymous_0)
FNDA:0,(anonymous_1)
FNDA:0,(anonymous_2)
DA:1,0
DA:2,0
DA:8,0
DA:9,0
DA:10,0
DA:12,0
DA:13,0
DA:15,0
DA:16,0
DA:19,0
DA:21,0
DA:22,0
DA:26,0
DA:29,0
DA:30,0
DA:31,0
DA:32,0
DA:34,0
DA:37,0
DA:38,0
DA:39,0
DA:40,0
DA:42,0
DA:45,0
LF:24
LH:0
BRDA:8,0,0,0
BRDA:8,0,1,0
BRDA:15,1,0,0
BRDA:15,1,1,0
BRDA:16,2,0,0
BRDA:16,2,1,0
BRDA:31,3,0,0
BRDA:31,3,1,0
BRDA:39,4,0,0
BRDA:39,4,1,0
BRF:10
BRH:0
end_of_record
